mode: set
github.com/xaaha/hulak/pkg/migration/common.go:15.56,18.24 2 0
github.com/xaaha/hulak/pkg/migration/common.go:18.24,20.3 1 0
github.com/xaaha/hulak/pkg/migration/common.go:20.8,20.23 1 0
github.com/xaaha/hulak/pkg/migration/common.go:20.23,22.3 1 0
github.com/xaaha/hulak/pkg/migration/common.go:23.2,23.26 1 0
github.com/xaaha/hulak/pkg/migration/common.go:23.26,25.3 1 0
github.com/xaaha/hulak/pkg/migration/common.go:26.2,28.16 3 0
github.com/xaaha/hulak/pkg/migration/common.go:28.16,30.3 1 0
github.com/xaaha/hulak/pkg/migration/common.go:32.2,33.16 2 0
github.com/xaaha/hulak/pkg/migration/common.go:33.16,35.3 1 0
github.com/xaaha/hulak/pkg/migration/common.go:37.2,37.25 1 0
github.com/xaaha/hulak/pkg/migration/common.go:42.37,47.2 4 1
github.com/xaaha/hulak/pkg/migration/common.go:51.42,52.15 1 1
github.com/xaaha/hulak/pkg/migration/common.go:52.15,54.3 1 1
github.com/xaaha/hulak/pkg/migration/common.go:58.2,60.67 2 1
github.com/xaaha/hulak/pkg/migration/common.go:60.67,65.3 3 1
github.com/xaaha/hulak/pkg/migration/common.go:67.2,67.15 1 1
github.com/xaaha/hulak/pkg/migration/common.go:71.43,78.61 5 1
github.com/xaaha/hulak/pkg/migration/common.go:78.61,81.3 2 0
github.com/xaaha/hulak/pkg/migration/common.go:83.2,83.15 1 1
github.com/xaaha/hulak/pkg/migration/environment.go:29.44,33.2 3 0
github.com/xaaha/hulak/pkg/migration/environment.go:36.68,40.46 2 0
github.com/xaaha/hulak/pkg/migration/environment.go:40.46,42.3 1 0
github.com/xaaha/hulak/pkg/migration/environment.go:42.8,44.3 1 0
github.com/xaaha/hulak/pkg/migration/environment.go:46.2,46.49 1 0
github.com/xaaha/hulak/pkg/migration/environment.go:46.49,47.28 1 0
github.com/xaaha/hulak/pkg/migration/environment.go:47.28,48.46 1 0
github.com/xaaha/hulak/pkg/migration/environment.go:48.46,51.48 2 0
github.com/xaaha/hulak/pkg/migration/environment.go:51.48,53.6 1 0
github.com/xaaha/hulak/pkg/migration/environment.go:53.11,55.6 1 0
github.com/xaaha/hulak/pkg/migration/environment.go:57.5,57.52 1 0
github.com/xaaha/hulak/pkg/migration/environment.go:57.52,59.6 1 0
github.com/xaaha/hulak/pkg/migration/environment.go:59.11,61.6 1 0
github.com/xaaha/hulak/pkg/migration/environment.go:63.5,63.54 1 0
github.com/xaaha/hulak/pkg/migration/environment.go:63.54,65.6 1 0
github.com/xaaha/hulak/pkg/migration/environment.go:65.11,67.6 1 0
github.com/xaaha/hulak/pkg/migration/environment.go:69.5,69.46 1 0
github.com/xaaha/hulak/pkg/migration/environment.go:70.10,72.5 1 0
github.com/xaaha/hulak/pkg/migration/environment.go:74.8,76.3 1 0
github.com/xaaha/hulak/pkg/migration/environment.go:78.2,78.66 1 0
github.com/xaaha/hulak/pkg/migration/environment.go:78.66,80.3 1 0
github.com/xaaha/hulak/pkg/migration/environment.go:80.8,82.3 1 0
github.com/xaaha/hulak/pkg/migration/environment.go:84.2,84.17 1 0
github.com/xaaha/hulak/pkg/migration/environment.go:87.59,90.42 3 0
github.com/xaaha/hulak/pkg/migration/environment.go:90.42,92.3 1 0
github.com/xaaha/hulak/pkg/migration/environment.go:94.2,96.25 2 0
github.com/xaaha/hulak/pkg/migration/environment.go:96.25,98.3 1 0
github.com/xaaha/hulak/pkg/migration/environment.go:100.2,100.41 1 0
github.com/xaaha/hulak/pkg/migration/environment.go:100.41,103.54 3 0
github.com/xaaha/hulak/pkg/migration/environment.go:103.54,105.4 1 0
github.com/xaaha/hulak/pkg/migration/environment.go:106.3,106.30 1 0
github.com/xaaha/hulak/pkg/migration/environment.go:108.2,111.47 4 0
github.com/xaaha/hulak/pkg/migration/environment.go:111.47,113.3 1 0
github.com/xaaha/hulak/pkg/migration/environment.go:113.8,115.3 1 0
github.com/xaaha/hulak/pkg/migration/environment.go:117.2,118.16 2 0
github.com/xaaha/hulak/pkg/migration/environment.go:118.16,120.3 1 0
github.com/xaaha/hulak/pkg/migration/environment.go:123.2,124.16 2 0
github.com/xaaha/hulak/pkg/migration/environment.go:124.16,126.3 1 0
github.com/xaaha/hulak/pkg/migration/environment.go:127.2,130.16 3 0
github.com/xaaha/hulak/pkg/migration/environment.go:130.16,132.3 1 0
github.com/xaaha/hulak/pkg/migration/environment.go:134.2,135.12 2 0
github.com/xaaha/hulak/pkg/migration/migration.go:11.50,12.25 1 0
github.com/xaaha/hulak/pkg/migration/migration.go:12.25,14.3 1 0
github.com/xaaha/hulak/pkg/migration/migration.go:15.2,15.33 1 0
github.com/xaaha/hulak/pkg/migration/migration.go:15.33,17.17 2 0
github.com/xaaha/hulak/pkg/migration/migration.go:17.17,19.4 1 0
github.com/xaaha/hulak/pkg/migration/migration.go:21.3,21.21 1 0
github.com/xaaha/hulak/pkg/migration/migration.go:21.21,23.18 2 0
github.com/xaaha/hulak/pkg/migration/migration.go:23.18,25.5 1 0
github.com/xaaha/hulak/pkg/migration/migration.go:27.4,28.18 2 0
github.com/xaaha/hulak/pkg/migration/migration.go:28.18,30.5 1 0
github.com/xaaha/hulak/pkg/migration/migration.go:31.4,31.58 1 0
github.com/xaaha/hulak/pkg/migration/migration.go:32.9,32.35 1 0
github.com/xaaha/hulak/pkg/migration/migration.go:32.35,35.18 3 0
github.com/xaaha/hulak/pkg/migration/migration.go:35.18,38.5 2 0
github.com/xaaha/hulak/pkg/migration/migration.go:39.9,41.4 1 0
github.com/xaaha/hulak/pkg/migration/migration.go:44.2,44.12 1 0
github.com/xaaha/hulak/pkg/migration/pmCollection.go:117.51,121.2 3 0
github.com/xaaha/hulak/pkg/migration/pmCollection.go:124.61,131.51 2 0
github.com/xaaha/hulak/pkg/migration/pmCollection.go:131.51,138.3 2 0
github.com/xaaha/hulak/pkg/migration/pmCollection.go:140.2,140.15 1 0
github.com/xaaha/hulak/pkg/migration/pmCollection.go:144.45,148.29 2 0
github.com/xaaha/hulak/pkg/migration/pmCollection.go:148.29,150.3 1 0
github.com/xaaha/hulak/pkg/migration/pmCollection.go:152.2,152.41 1 0
github.com/xaaha/hulak/pkg/migration/pmCollection.go:152.41,161.42 6 0
github.com/xaaha/hulak/pkg/migration/pmCollection.go:161.42,163.4 1 0
github.com/xaaha/hulak/pkg/migration/pmCollection.go:164.3,164.23 1 0
github.com/xaaha/hulak/pkg/migration/pmCollection.go:164.23,166.4 1 0
github.com/xaaha/hulak/pkg/migration/pmCollection.go:169.3,170.74 2 0
github.com/xaaha/hulak/pkg/migration/pmCollection.go:170.74,172.4 1 0
github.com/xaaha/hulak/pkg/migration/pmCollection.go:172.9,174.4 1 0
github.com/xaaha/hulak/pkg/migration/pmCollection.go:177.3,183.17 6 0
github.com/xaaha/hulak/pkg/migration/pmCollection.go:183.17,184.12 1 0
github.com/xaaha/hulak/pkg/migration/pmCollection.go:187.3,187.51 1 0
github.com/xaaha/hulak/pkg/migration/pmCollection.go:190.2,190.18 1 0
github.com/xaaha/hulak/pkg/migration/pmCollection.go:194.69,204.16 4 0
github.com/xaaha/hulak/pkg/migration/pmCollection.go:204.16,206.3 1 0
github.com/xaaha/hulak/pkg/migration/pmCollection.go:208.2,208.31 1 0
github.com/xaaha/hulak/pkg/migration/pmCollection.go:211.45,223.35 5 1
github.com/xaaha/hulak/pkg/migration/pmCollection.go:223.35,225.3 1 1
github.com/xaaha/hulak/pkg/migration/pmCollection.go:227.2,231.36 3 1
github.com/xaaha/hulak/pkg/migration/pmCollection.go:231.36,233.3 1 1
github.com/xaaha/hulak/pkg/migration/pmCollection.go:236.2,236.32 1 1
github.com/xaaha/hulak/pkg/migration/pmCollection.go:236.32,238.3 1 1
github.com/xaaha/hulak/pkg/migration/pmCollection.go:241.2,242.16 2 1
github.com/xaaha/hulak/pkg/migration/pmCollection.go:242.16,244.3 1 0
github.com/xaaha/hulak/pkg/migration/pmCollection.go:246.2,246.31 1 1
github.com/xaaha/hulak/pkg/migration/pmCollection.go:250.58,251.22 1 1
github.com/xaaha/hulak/pkg/migration/pmCollection.go:251.22,253.3 1 1
github.com/xaaha/hulak/pkg/migration/pmCollection.go:255.2,263.27 3 1
github.com/xaaha/hulak/pkg/migration/pmCollection.go:263.27,268.3 3 1
github.com/xaaha/hulak/pkg/migration/pmCollection.go:270.2,271.16 2 1
github.com/xaaha/hulak/pkg/migration/pmCollection.go:271.16,273.3 1 0
github.com/xaaha/hulak/pkg/migration/pmCollection.go:275.2,275.31 1 1
github.com/xaaha/hulak/pkg/migration/pmCollection.go:279.46,282.21 2 1
github.com/xaaha/hulak/pkg/migration/pmCollection.go:283.13,284.23 1 1
github.com/xaaha/hulak/pkg/migration/pmCollection.go:284.23,286.4 1 1
github.com/xaaha/hulak/pkg/migration/pmCollection.go:288.20,289.33 1 1
github.com/xaaha/hulak/pkg/migration/pmCollection.go:289.33,291.43 2 1
github.com/xaaha/hulak/pkg/migration/pmCollection.go:291.43,293.5 1 1
github.com/xaaha/hulak/pkg/migration/pmCollection.go:294.4,294.52 1 1
github.com/xaaha/hulak/pkg/migration/pmCollection.go:297.18,298.31 1 1
github.com/xaaha/hulak/pkg/migration/pmCollection.go:298.31,300.41 2 1
github.com/xaaha/hulak/pkg/migration/pmCollection.go:300.41,302.5 1 1
github.com/xaaha/hulak/pkg/migration/pmCollection.go:303.4,303.40 1 1
github.com/xaaha/hulak/pkg/migration/pmCollection.go:306.17,307.28 1 1
github.com/xaaha/hulak/pkg/migration/pmCollection.go:307.28,311.41 3 1
github.com/xaaha/hulak/pkg/migration/pmCollection.go:311.41,314.39 3 1
github.com/xaaha/hulak/pkg/migration/pmCollection.go:314.39,315.44 1 1
github.com/xaaha/hulak/pkg/migration/pmCollection.go:315.44,317.7 1 1
github.com/xaaha/hulak/pkg/migration/pmCollection.go:317.12,319.7 1 0
github.com/xaaha/hulak/pkg/migration/pmCollection.go:321.5,321.37 1 1
github.com/xaaha/hulak/pkg/migration/pmCollection.go:324.4,324.35 1 1
github.com/xaaha/hulak/pkg/migration/pmCollection.go:327.18,328.17 1 1
github.com/xaaha/hulak/pkg/migration/pmCollection.go:330.10,331.66 1 1
github.com/xaaha/hulak/pkg/migration/pmCollection.go:334.2,337.16 3 1
github.com/xaaha/hulak/pkg/migration/pmCollection.go:337.16,339.3 1 0
github.com/xaaha/hulak/pkg/migration/pmCollection.go:341.2,341.50 1 1
github.com/xaaha/hulak/pkg/migration/pmCollection.go:345.74,347.16 2 0
github.com/xaaha/hulak/pkg/migration/pmCollection.go:347.16,349.3 1 0
github.com/xaaha/hulak/pkg/migration/pmCollection.go:352.2,353.73 2 0
github.com/xaaha/hulak/pkg/migration/pmCollection.go:353.73,356.3 2 0
github.com/xaaha/hulak/pkg/migration/pmCollection.go:358.2,358.53 1 0
github.com/xaaha/hulak/pkg/migration/pmCollection.go:361.66,365.29 2 0
github.com/xaaha/hulak/pkg/migration/pmCollection.go:365.29,369.25 2 0
github.com/xaaha/hulak/pkg/migration/pmCollection.go:369.25,371.64 2 0
github.com/xaaha/hulak/pkg/migration/pmCollection.go:371.64,373.5 1 0
github.com/xaaha/hulak/pkg/migration/pmCollection.go:375.4,375.63 1 0
github.com/xaaha/hulak/pkg/migration/pmCollection.go:375.63,377.5 1 0
github.com/xaaha/hulak/pkg/migration/pmCollection.go:380.3,380.26 1 0
github.com/xaaha/hulak/pkg/migration/pmCollection.go:380.26,383.18 2 0
github.com/xaaha/hulak/pkg/migration/pmCollection.go:383.18,385.5 1 0
github.com/xaaha/hulak/pkg/migration/pmCollection.go:387.4,389.31 2 0
github.com/xaaha/hulak/pkg/migration/pmCollection.go:389.31,391.19 2 0
github.com/xaaha/hulak/pkg/migration/pmCollection.go:391.19,393.6 1 0
github.com/xaaha/hulak/pkg/migration/pmCollection.go:394.10,396.5 1 0
github.com/xaaha/hulak/pkg/migration/pmCollection.go:399.4,400.18 2 0
github.com/xaaha/hulak/pkg/migration/pmCollection.go:400.18,402.5 1 0
github.com/xaaha/hulak/pkg/migration/pmCollection.go:405.4,406.32 2 0
github.com/xaaha/hulak/pkg/migration/pmCollection.go:406.32,409.19 3 0
github.com/xaaha/hulak/pkg/migration/pmCollection.go:409.19,411.6 1 0
github.com/xaaha/hulak/pkg/migration/pmCollection.go:415.4,416.39 2 0
github.com/xaaha/hulak/pkg/migration/pmCollection.go:416.39,421.89 4 0
github.com/xaaha/hulak/pkg/migration/pmCollection.go:421.89,427.6 1 0
github.com/xaaha/hulak/pkg/migration/pmCollection.go:431.4,432.30 2 0
github.com/xaaha/hulak/pkg/migration/pmCollection.go:432.30,434.100 2 0
github.com/xaaha/hulak/pkg/migration/pmCollection.go:434.100,440.6 1 0
github.com/xaaha/hulak/pkg/migration/pmCollection.go:441.5,441.72 1 0
github.com/xaaha/hulak/pkg/migration/pmCollection.go:445.4,454.24 7 0
github.com/xaaha/hulak/pkg/migration/pmCollection.go:454.24,456.5 1 0
github.com/xaaha/hulak/pkg/migration/pmCollection.go:458.4,458.22 1 0
github.com/xaaha/hulak/pkg/migration/pmCollection.go:458.22,460.5 1 0
github.com/xaaha/hulak/pkg/migration/pmCollection.go:463.4,464.23 2 0
github.com/xaaha/hulak/pkg/migration/pmCollection.go:464.23,467.5 2 0
github.com/xaaha/hulak/pkg/migration/pmCollection.go:468.4,470.87 2 0
github.com/xaaha/hulak/pkg/migration/pmCollection.go:470.87,472.5 1 0
github.com/xaaha/hulak/pkg/migration/pmCollection.go:476.2,476.12 1 0
github.com/xaaha/hulak/pkg/migration/pmCollection.go:478.54,481.16 2 0
github.com/xaaha/hulak/pkg/migration/pmCollection.go:481.16,483.3 1 0
github.com/xaaha/hulak/pkg/migration/pmCollection.go:486.2,487.63 2 0
github.com/xaaha/hulak/pkg/migration/pmCollection.go:487.63,489.3 1 0
github.com/xaaha/hulak/pkg/migration/pmCollection.go:492.2,494.16 3 0
github.com/xaaha/hulak/pkg/migration/pmCollection.go:494.16,496.3 1 0
github.com/xaaha/hulak/pkg/migration/pmCollection.go:498.2,498.48 1 0
github.com/xaaha/hulak/pkg/migration/pmCollection.go:498.48,500.3 1 0
github.com/xaaha/hulak/pkg/migration/pmCollection.go:503.2,503.39 1 0
github.com/xaaha/hulak/pkg/migration/pmCollection.go:503.39,505.103 2 0
github.com/xaaha/hulak/pkg/migration/pmCollection.go:505.103,507.4 1 0
github.com/xaaha/hulak/pkg/migration/pmCollection.go:510.2,510.60 1 0
github.com/xaaha/hulak/pkg/migration/pmCollection.go:510.60,512.3 1 0
github.com/xaaha/hulak/pkg/migration/pmCollection.go:514.2,515.12 2 0
github.com/xaaha/hulak/pkg/apiCalls/apicalls.go:17.83,18.28 1 0
github.com/xaaha/hulak/pkg/apiCalls/apicalls.go:18.28,20.3 1 0
github.com/xaaha/hulak/pkg/apiCalls/apicalls.go:21.2,27.23 6 0
github.com/xaaha/hulak/pkg/apiCalls/apicalls.go:27.23,29.17 2 0
github.com/xaaha/hulak/pkg/apiCalls/apicalls.go:29.17,31.4 1 0
github.com/xaaha/hulak/pkg/apiCalls/apicalls.go:32.8,34.3 1 0
github.com/xaaha/hulak/pkg/apiCalls/apicalls.go:36.2,44.16 7 0
github.com/xaaha/hulak/pkg/apiCalls/apicalls.go:44.16,46.3 1 0
github.com/xaaha/hulak/pkg/apiCalls/apicalls.go:48.2,48.22 1 0
github.com/xaaha/hulak/pkg/apiCalls/apicalls.go:48.22,49.33 1 0
github.com/xaaha/hulak/pkg/apiCalls/apicalls.go:49.33,51.4 1 0
github.com/xaaha/hulak/pkg/apiCalls/apicalls.go:54.2,59.16 4 0
github.com/xaaha/hulak/pkg/apiCalls/apicalls.go:59.16,61.3 1 0
github.com/xaaha/hulak/pkg/apiCalls/apicalls.go:62.2,66.78 3 0
github.com/xaaha/hulak/pkg/apiCalls/apicalls.go:71.86,76.16 2 0
github.com/xaaha/hulak/pkg/apiCalls/apicalls.go:76.16,78.3 1 0
github.com/xaaha/hulak/pkg/apiCalls/apicalls.go:80.2,81.16 2 0
github.com/xaaha/hulak/pkg/apiCalls/apicalls.go:81.16,83.3 1 0
github.com/xaaha/hulak/pkg/apiCalls/apicalls.go:85.2,86.16 2 0
github.com/xaaha/hulak/pkg/apiCalls/apicalls.go:86.16,88.3 1 0
github.com/xaaha/hulak/pkg/apiCalls/apicalls.go:90.2,91.12 2 0
github.com/xaaha/hulak/pkg/apiCalls/apicalls.go:95.62,99.16 3 0
github.com/xaaha/hulak/pkg/apiCalls/apicalls.go:99.16,102.3 2 0
github.com/xaaha/hulak/pkg/apiCalls/apicalls.go:102.8,106.3 3 0
github.com/xaaha/hulak/pkg/apiCalls/apicalls.go:108.2,108.55 1 0
github.com/xaaha/hulak/pkg/apiCalls/apicalls.go:108.55,110.3 1 0
github.com/xaaha/hulak/pkg/apiCalls/prepare.go:19.69,21.16 2 1
github.com/xaaha/hulak/pkg/apiCalls/prepare.go:21.16,24.3 1 0
github.com/xaaha/hulak/pkg/apiCalls/prepare.go:26.2,26.22 1 1
github.com/xaaha/hulak/pkg/apiCalls/prepare.go:26.22,28.35 2 1
github.com/xaaha/hulak/pkg/apiCalls/prepare.go:28.35,30.4 1 1
github.com/xaaha/hulak/pkg/apiCalls/prepare.go:31.3,31.36 1 1
github.com/xaaha/hulak/pkg/apiCalls/prepare.go:33.2,33.19 1 1
github.com/xaaha/hulak/pkg/apiCalls/prepare.go:43.18,46.16 3 0
github.com/xaaha/hulak/pkg/apiCalls/prepare.go:46.16,48.3 1 0
github.com/xaaha/hulak/pkg/apiCalls/prepare.go:51.2,57.64 3 0
github.com/xaaha/hulak/pkg/apiCalls/prepare.go:57.64,59.3 1 0
github.com/xaaha/hulak/pkg/apiCalls/prepare.go:61.2,61.12 1 0
github.com/xaaha/hulak/pkg/apiCalls/prepare.go:61.12,70.3 1 0
github.com/xaaha/hulak/pkg/apiCalls/prepare.go:73.2,74.40 2 0
github.com/xaaha/hulak/pkg/apiCalls/prepare.go:74.40,76.3 1 0
github.com/xaaha/hulak/pkg/apiCalls/prepare.go:79.2,80.39 2 0
github.com/xaaha/hulak/pkg/apiCalls/prepare.go:80.39,82.3 1 0
github.com/xaaha/hulak/pkg/apiCalls/prepare.go:85.2,86.21 2 0
github.com/xaaha/hulak/pkg/apiCalls/prepare.go:86.21,89.50 3 0
github.com/xaaha/hulak/pkg/apiCalls/prepare.go:89.50,92.4 2 0
github.com/xaaha/hulak/pkg/apiCalls/prepare.go:94.3,102.4 1 0
github.com/xaaha/hulak/pkg/apiCalls/prepare.go:103.8,107.3 1 0
github.com/xaaha/hulak/pkg/apiCalls/prepare.go:108.2,123.3 1 0
github.com/xaaha/hulak/pkg/apiCalls/prepare.go:136.57,138.19 2 0
github.com/xaaha/hulak/pkg/apiCalls/prepare.go:138.19,141.3 1 0
github.com/xaaha/hulak/pkg/apiCalls/prepare.go:143.2,144.16 2 0
github.com/xaaha/hulak/pkg/apiCalls/prepare.go:144.16,146.3 1 0
github.com/xaaha/hulak/pkg/apiCalls/prepare.go:148.2,149.16 2 0
github.com/xaaha/hulak/pkg/apiCalls/prepare.go:149.16,151.3 1 0
github.com/xaaha/hulak/pkg/apiCalls/prepare.go:155.2,156.29 2 0
github.com/xaaha/hulak/pkg/apiCalls/prepare.go:156.29,158.38 2 0
github.com/xaaha/hulak/pkg/apiCalls/prepare.go:158.38,159.53 1 0
github.com/xaaha/hulak/pkg/apiCalls/prepare.go:159.53,161.10 2 0
github.com/xaaha/hulak/pkg/apiCalls/prepare.go:164.3,164.18 1 0
github.com/xaaha/hulak/pkg/apiCalls/prepare.go:164.18,166.4 1 0
github.com/xaaha/hulak/pkg/apiCalls/prepare.go:169.2,169.20 1 0
github.com/xaaha/hulak/pkg/apiCalls/prepare.go:173.56,178.16 3 0
github.com/xaaha/hulak/pkg/apiCalls/prepare.go:178.16,180.3 1 0
github.com/xaaha/hulak/pkg/apiCalls/prepare.go:181.2,185.16 3 0
github.com/xaaha/hulak/pkg/apiCalls/prepare.go:185.16,187.3 1 0
github.com/xaaha/hulak/pkg/apiCalls/prepare.go:188.2,190.20 2 0
github.com/xaaha/hulak/pkg/apiCalls/writeResponse.go:15.30,18.2 2 1
github.com/xaaha/hulak/pkg/apiCalls/writeResponse.go:20.29,23.2 2 1
github.com/xaaha/hulak/pkg/apiCalls/writeResponse.go:25.30,28.2 2 1
github.com/xaaha/hulak/pkg/apiCalls/writeResponse.go:31.54,35.78 4 1
github.com/xaaha/hulak/pkg/apiCalls/writeResponse.go:35.78,38.3 2 0
github.com/xaaha/hulak/pkg/apiCalls/writeResponse.go:42.50,43.33 1 1
github.com/xaaha/hulak/pkg/apiCalls/writeResponse.go:43.33,45.3 1 1
github.com/xaaha/hulak/pkg/apiCalls/writeResponse.go:47.2,47.9 1 1
github.com/xaaha/hulak/pkg/apiCalls/writeResponse.go:48.23,49.36 1 1
github.com/xaaha/hulak/pkg/apiCalls/writeResponse.go:50.22,51.35 1 1
github.com/xaaha/hulak/pkg/apiCalls/writeResponse.go:52.23,53.36 1 0
github.com/xaaha/hulak/pkg/apiCalls/writeResponse.go:54.10,55.35 1 1
github.com/xaaha/hulak/pkg/apiCalls/writeResponse.go:57.2,57.12 1 1
github.com/xaaha/hulak/pkg/envparser/createFilesFolder.go:14.60,19.16 4 1
github.com/xaaha/hulak/pkg/envparser/createFilesFolder.go:19.16,22.3 2 0
github.com/xaaha/hulak/pkg/envparser/createFilesFolder.go:24.2,25.51 2 1
github.com/xaaha/hulak/pkg/envparser/createFilesFolder.go:25.51,27.3 1 0
github.com/xaaha/hulak/pkg/envparser/createFilesFolder.go:28.2,29.24 2 1
github.com/xaaha/hulak/pkg/envparser/createFilesFolder.go:29.24,30.54 1 1
github.com/xaaha/hulak/pkg/envparser/createFilesFolder.go:30.54,32.4 1 0
github.com/xaaha/hulak/pkg/envparser/createFilesFolder.go:34.2,34.25 1 1
github.com/xaaha/hulak/pkg/envparser/createFilesFolder.go:39.47,42.20 2 1
github.com/xaaha/hulak/pkg/envparser/createFilesFolder.go:42.20,45.3 2 1
github.com/xaaha/hulak/pkg/envparser/createFilesFolder.go:46.2,47.12 2 1
github.com/xaaha/hulak/pkg/envparser/envparser.go:22.55,25.35 2 0
github.com/xaaha/hulak/pkg/envparser/envparser.go:25.35,27.17 2 0
github.com/xaaha/hulak/pkg/envparser/envparser.go:27.17,32.4 1 0
github.com/xaaha/hulak/pkg/envparser/envparser.go:35.2,36.16 2 0
github.com/xaaha/hulak/pkg/envparser/envparser.go:36.16,38.3 1 0
github.com/xaaha/hulak/pkg/envparser/envparser.go:39.2,40.40 2 0
github.com/xaaha/hulak/pkg/envparser/envparser.go:40.40,44.3 3 0
github.com/xaaha/hulak/pkg/envparser/envparser.go:47.2,47.49 1 0
github.com/xaaha/hulak/pkg/envparser/envparser.go:47.49,53.17 5 0
github.com/xaaha/hulak/pkg/envparser/envparser.go:53.17,55.4 1 0
github.com/xaaha/hulak/pkg/envparser/envparser.go:56.3,56.81 1 0
github.com/xaaha/hulak/pkg/envparser/envparser.go:56.81,58.18 2 0
github.com/xaaha/hulak/pkg/envparser/envparser.go:58.18,63.5 1 0
github.com/xaaha/hulak/pkg/envparser/envparser.go:64.9,68.4 3 0
github.com/xaaha/hulak/pkg/envparser/envparser.go:71.2,73.16 3 0
github.com/xaaha/hulak/pkg/envparser/envparser.go:73.16,75.3 1 0
github.com/xaaha/hulak/pkg/envparser/envparser.go:76.2,76.33 1 0
github.com/xaaha/hulak/pkg/envparser/envparser.go:81.44,82.19 1 1
github.com/xaaha/hulak/pkg/envparser/envparser.go:82.19,83.69 1 1
github.com/xaaha/hulak/pkg/envparser/envparser.go:83.69,85.4 1 1
github.com/xaaha/hulak/pkg/envparser/envparser.go:87.2,87.19 1 1
github.com/xaaha/hulak/pkg/envparser/envparser.go:93.43,96.62 2 1
github.com/xaaha/hulak/pkg/envparser/envparser.go:96.62,97.52 1 1
github.com/xaaha/hulak/pkg/envparser/envparser.go:97.52,99.4 1 1
github.com/xaaha/hulak/pkg/envparser/envparser.go:100.3,100.12 1 1
github.com/xaaha/hulak/pkg/envparser/envparser.go:102.2,102.12 1 1
github.com/xaaha/hulak/pkg/envparser/envparser.go:106.59,109.16 3 1
github.com/xaaha/hulak/pkg/envparser/envparser.go:109.16,111.3 1 0
github.com/xaaha/hulak/pkg/envparser/envparser.go:112.2,115.21 3 1
github.com/xaaha/hulak/pkg/envparser/envparser.go:115.21,118.53 2 1
github.com/xaaha/hulak/pkg/envparser/envparser.go:118.53,119.12 1 1
github.com/xaaha/hulak/pkg/envparser/envparser.go:122.3,126.37 3 1
github.com/xaaha/hulak/pkg/envparser/envparser.go:126.37,128.4 1 1
github.com/xaaha/hulak/pkg/envparser/envparser.go:131.3,132.22 2 1
github.com/xaaha/hulak/pkg/envparser/envparser.go:132.22,134.12 1 0
github.com/xaaha/hulak/pkg/envparser/envparser.go:136.3,143.61 5 1
github.com/xaaha/hulak/pkg/envparser/envparser.go:146.2,146.38 1 1
github.com/xaaha/hulak/pkg/envparser/envparser.go:146.38,148.3 1 0
github.com/xaaha/hulak/pkg/envparser/envparser.go:150.2,150.38 1 1
github.com/xaaha/hulak/pkg/envparser/envparser.go:154.49,155.17 1 1
github.com/xaaha/hulak/pkg/envparser/envparser.go:155.17,156.53 1 1
github.com/xaaha/hulak/pkg/envparser/envparser.go:156.53,158.4 1 0
github.com/xaaha/hulak/pkg/envparser/envparser.go:159.3,159.65 1 1
github.com/xaaha/hulak/pkg/envparser/envparser.go:159.65,161.4 1 0
github.com/xaaha/hulak/pkg/envparser/envparser.go:162.3,162.59 1 1
github.com/xaaha/hulak/pkg/envparser/envparser.go:162.59,164.4 1 0
github.com/xaaha/hulak/pkg/envparser/envparser.go:166.2,166.12 1 1
github.com/xaaha/hulak/pkg/envparser/envparser.go:175.69,177.16 2 0
github.com/xaaha/hulak/pkg/envparser/envparser.go:177.16,179.3 1 0
github.com/xaaha/hulak/pkg/envparser/envparser.go:182.2,183.9 2 0
github.com/xaaha/hulak/pkg/envparser/envparser.go:183.9,185.3 1 0
github.com/xaaha/hulak/pkg/envparser/envparser.go:187.2,187.29 1 0
github.com/xaaha/hulak/pkg/envparser/envparser.go:187.29,189.3 1 0
github.com/xaaha/hulak/pkg/envparser/envparser.go:192.2,193.16 2 0
github.com/xaaha/hulak/pkg/envparser/envparser.go:193.16,195.3 1 0
github.com/xaaha/hulak/pkg/envparser/envparser.go:198.2,202.103 3 0
github.com/xaaha/hulak/pkg/envparser/envparser.go:202.103,204.17 2 0
github.com/xaaha/hulak/pkg/envparser/envparser.go:204.17,206.4 1 0
github.com/xaaha/hulak/pkg/envparser/envparser.go:209.2,209.23 1 0
github.com/xaaha/hulak/pkg/envparser/envparser.go:213.59,215.16 2 0
github.com/xaaha/hulak/pkg/envparser/envparser.go:215.16,217.3 1 0
github.com/xaaha/hulak/pkg/envparser/envparser.go:219.2,220.16 2 0
github.com/xaaha/hulak/pkg/envparser/envparser.go:220.16,222.3 1 0
github.com/xaaha/hulak/pkg/envparser/envparser.go:224.2,224.21 1 0
github.com/xaaha/hulak/pkg/envparser/envparser.go:231.27,233.16 2 0
github.com/xaaha/hulak/pkg/envparser/envparser.go:233.16,235.3 1 0
github.com/xaaha/hulak/pkg/envparser/envparser.go:237.2,239.21 2 0
github.com/xaaha/hulak/pkg/envparser/replaceVars.go:15.19,16.27 1 1
github.com/xaaha/hulak/pkg/envparser/replaceVars.go:16.27,18.3 1 1
github.com/xaaha/hulak/pkg/envparser/replaceVars.go:20.2,21.48 1 1
github.com/xaaha/hulak/pkg/envparser/replaceVars.go:21.48,23.4 1 0
github.com/xaaha/hulak/pkg/envparser/replaceVars.go:24.52,26.4 1 0
github.com/xaaha/hulak/pkg/envparser/replaceVars.go:29.2,33.16 2 1
github.com/xaaha/hulak/pkg/envparser/replaceVars.go:33.16,35.3 1 0
github.com/xaaha/hulak/pkg/envparser/replaceVars.go:36.2,38.16 3 1
github.com/xaaha/hulak/pkg/envparser/replaceVars.go:38.16,40.3 1 1
github.com/xaaha/hulak/pkg/envparser/replaceVars.go:41.2,41.29 1 1
github.com/xaaha/hulak/pkg/envparser/replaceVars.go:48.68,50.35 2 1
github.com/xaaha/hulak/pkg/envparser/replaceVars.go:50.35,51.26 1 1
github.com/xaaha/hulak/pkg/envparser/replaceVars.go:52.15,54.18 2 1
github.com/xaaha/hulak/pkg/envparser/replaceVars.go:54.18,56.5 1 0
github.com/xaaha/hulak/pkg/envparser/replaceVars.go:57.4,57.34 1 1
github.com/xaaha/hulak/pkg/envparser/replaceVars.go:58.32,59.23 1 1
github.com/xaaha/hulak/pkg/envparser/replaceVars.go:60.11,61.73 1 0
github.com/xaaha/hulak/pkg/envparser/replaceVars.go:64.2,64.24 1 1
github.com/xaaha/hulak/pkg/envparser/replaceVars.go:74.16,76.16 2 1
github.com/xaaha/hulak/pkg/envparser/replaceVars.go:76.16,78.3 1 0
github.com/xaaha/hulak/pkg/envparser/replaceVars.go:80.2,81.16 2 1
github.com/xaaha/hulak/pkg/envparser/replaceVars.go:81.16,83.3 1 1
github.com/xaaha/hulak/pkg/envparser/replaceVars.go:85.2,85.20 1 1
github.com/xaaha/hulak/pkg/actions/actions.go:33.43,39.52 3 0
github.com/xaaha/hulak/pkg/actions/actions.go:39.52,42.3 2 0
github.com/xaaha/hulak/pkg/actions/actions.go:43.2,50.52 4 0
github.com/xaaha/hulak/pkg/actions/actions.go:50.52,52.3 1 0
github.com/xaaha/hulak/pkg/actions/actions.go:55.2,63.15 3 0
github.com/xaaha/hulak/pkg/actions/actions.go:67.47,69.20 1 0
github.com/xaaha/hulak/pkg/actions/actions.go:69.20,71.3 1 0
github.com/xaaha/hulak/pkg/actions/actions.go:73.2,77.16 3 0
github.com/xaaha/hulak/pkg/actions/actions.go:77.16,79.3 1 0
github.com/xaaha/hulak/pkg/actions/actions.go:82.2,83.16 2 0
github.com/xaaha/hulak/pkg/actions/actions.go:83.16,85.3 1 0
github.com/xaaha/hulak/pkg/actions/actions.go:88.2,89.16 2 0
github.com/xaaha/hulak/pkg/actions/actions.go:89.16,90.25 1 0
github.com/xaaha/hulak/pkg/actions/actions.go:90.25,94.18 3 0
github.com/xaaha/hulak/pkg/actions/actions.go:94.18,95.27 1 0
github.com/xaaha/hulak/pkg/actions/actions.go:95.27,97.6 1 0
github.com/xaaha/hulak/pkg/actions/actions.go:98.5,98.72 1 0
github.com/xaaha/hulak/pkg/actions/actions.go:100.4,100.21 1 0
github.com/xaaha/hulak/pkg/actions/actions.go:101.9,103.4 1 0
github.com/xaaha/hulak/pkg/actions/actions.go:107.2,107.45 1 0
github.com/xaaha/hulak/pkg/actions/actions.go:107.45,114.3 1 0
github.com/xaaha/hulak/pkg/actions/actions.go:117.2,117.22 1 0
github.com/xaaha/hulak/pkg/actions/actions.go:117.22,119.3 1 0
github.com/xaaha/hulak/pkg/actions/actions.go:122.2,123.16 2 0
github.com/xaaha/hulak/pkg/actions/actions.go:123.16,125.3 1 0
github.com/xaaha/hulak/pkg/actions/actions.go:128.2,128.29 1 0
github.com/xaaha/hulak/pkg/actions/actions.go:131.48,134.2 2 1
github.com/xaaha/hulak/pkg/actions/actions.go:140.47,142.33 1 1
github.com/xaaha/hulak/pkg/actions/actions.go:142.33,143.16 1 1
github.com/xaaha/hulak/pkg/actions/actions.go:143.16,145.4 1 1
github.com/xaaha/hulak/pkg/actions/actions.go:145.9,147.4 1 1
github.com/xaaha/hulak/pkg/actions/actions.go:148.3,148.12 1 1
github.com/xaaha/hulak/pkg/actions/actions.go:151.2,152.16 2 1
github.com/xaaha/hulak/pkg/actions/actions.go:152.16,155.3 2 0
github.com/xaaha/hulak/pkg/actions/actions.go:157.2,158.16 2 1
github.com/xaaha/hulak/pkg/actions/actions.go:158.16,161.3 2 1
github.com/xaaha/hulak/pkg/actions/actions.go:163.2,164.16 2 1
github.com/xaaha/hulak/pkg/actions/actions.go:164.16,176.3 2 1
github.com/xaaha/hulak/pkg/actions/actions.go:178.2,178.15 1 1
github.com/xaaha/hulak/pkg/actions/actions.go:182.59,189.12 3 1
github.com/xaaha/hulak/pkg/actions/actions.go:189.12,192.17 2 1
github.com/xaaha/hulak/pkg/actions/actions.go:192.17,197.4 1 0
github.com/xaaha/hulak/pkg/actions/actions.go:200.3,200.51 1 1
github.com/xaaha/hulak/pkg/actions/actions.go:200.51,202.4 1 1
github.com/xaaha/hulak/pkg/actions/actions.go:205.3,207.74 3 0
github.com/xaaha/hulak/pkg/actions/actions.go:211.2,212.16 2 0
github.com/xaaha/hulak/pkg/actions/actions.go:212.16,217.3 1 0
github.com/xaaha/hulak/pkg/actions/actions.go:219.2,219.28 1 0
github.com/xaaha/hulak/pkg/actions/actions.go:219.28,221.3 1 0
github.com/xaaha/hulak/pkg/actions/actions.go:224.2,224.27 1 0
github.com/xaaha/hulak/pkg/actions/actions.go:224.27,226.3 1 0
github.com/xaaha/hulak/pkg/actions/actions.go:228.2,229.50 2 0
github.com/xaaha/hulak/pkg/actions/actions.go:229.50,231.3 1 0
github.com/xaaha/hulak/pkg/actions/actions.go:233.2,235.50 3 0
github.com/xaaha/hulak/pkg/actions/actions.go:239.49,246.53 4 1
github.com/xaaha/hulak/pkg/actions/actions.go:246.53,248.3 1 1
github.com/xaaha/hulak/pkg/actions/actions.go:251.2,252.16 2 1
github.com/xaaha/hulak/pkg/actions/actions.go:252.16,258.3 1 0
github.com/xaaha/hulak/pkg/actions/actions.go:261.2,263.16 3 1
github.com/xaaha/hulak/pkg/actions/actions.go:263.16,269.3 1 1
github.com/xaaha/hulak/pkg/actions/actions.go:271.2,271.21 1 1
github.com/xaaha/hulak/pkg/actions/actions.go:275.62,279.40 3 1
github.com/xaaha/hulak/pkg/actions/actions.go:280.13,282.64 1 1
github.com/xaaha/hulak/pkg/actions/actions.go:282.64,287.4 1 1
github.com/xaaha/hulak/pkg/actions/actions.go:287.9,289.4 1 1
github.com/xaaha/hulak/pkg/actions/actions.go:291.22,293.53 1 1
github.com/xaaha/hulak/pkg/actions/actions.go:295.10,296.58 1 0
github.com/xaaha/hulak/pkg/actions/actions.go:299.2,299.16 1 1
github.com/xaaha/hulak/pkg/actions/actions.go:299.16,301.3 1 1
github.com/xaaha/hulak/pkg/actions/actions.go:304.2,304.47 1 1
github.com/xaaha/hulak/pkg/actions/actions.go:308.43,309.27 1 1
github.com/xaaha/hulak/pkg/actions/actions.go:310.15,312.37 1 1
github.com/xaaha/hulak/pkg/actions/actions.go:312.37,314.70 1 1
github.com/xaaha/hulak/pkg/actions/actions.go:314.70,316.5 1 1
github.com/xaaha/hulak/pkg/actions/actions.go:318.4,318.23 1 0
github.com/xaaha/hulak/pkg/actions/actions.go:320.13,321.30 1 0
github.com/xaaha/hulak/pkg/actions/actions.go:321.30,323.4 1 0
github.com/xaaha/hulak/pkg/actions/actions.go:324.22,325.30 1 0
github.com/xaaha/hulak/pkg/actions/actions.go:325.30,327.4 1 0
github.com/xaaha/hulak/pkg/actions/actions.go:329.2,329.10 1 1
github.com/xaaha/hulak/pkg/yamlparser/apiTypes.go:34.40,36.2 1 1
github.com/xaaha/hulak/pkg/yamlparser/apiTypes.go:39.40,41.26 2 1
github.com/xaaha/hulak/pkg/yamlparser/apiTypes.go:42.68,43.14 1 1
github.com/xaaha/hulak/pkg/yamlparser/apiTypes.go:45.2,45.14 1 1
github.com/xaaha/hulak/pkg/yamlparser/apiTypes.go:60.33,64.2 3 1
github.com/xaaha/hulak/pkg/yamlparser/apiTypes.go:76.65,77.17 1 1
github.com/xaaha/hulak/pkg/yamlparser/apiTypes.go:77.17,79.3 1 0
github.com/xaaha/hulak/pkg/yamlparser/apiTypes.go:81.2,84.28 2 1
github.com/xaaha/hulak/pkg/yamlparser/apiTypes.go:84.28,85.24 1 1
github.com/xaaha/hulak/pkg/yamlparser/apiTypes.go:85.24,87.4 1 0
github.com/xaaha/hulak/pkg/yamlparser/apiTypes.go:88.3,88.86 1 1
github.com/xaaha/hulak/pkg/yamlparser/apiTypes.go:92.2,92.28 1 1
github.com/xaaha/hulak/pkg/yamlparser/apiTypes.go:92.28,94.3 1 1
github.com/xaaha/hulak/pkg/yamlparser/apiTypes.go:96.2,96.26 1 1
github.com/xaaha/hulak/pkg/yamlparser/apiTypes.go:96.26,102.3 1 0
github.com/xaaha/hulak/pkg/yamlparser/apiTypes.go:103.2,103.18 1 1
github.com/xaaha/hulak/pkg/yamlparser/apiTypes.go:107.59,109.16 2 0
github.com/xaaha/hulak/pkg/yamlparser/apiTypes.go:109.16,111.3 1 0
github.com/xaaha/hulak/pkg/yamlparser/apiTypes.go:113.2,113.23 1 0
github.com/xaaha/hulak/pkg/yamlparser/apiTypes.go:113.23,114.26 1 0
github.com/xaaha/hulak/pkg/yamlparser/apiTypes.go:114.26,116.4 1 0
github.com/xaaha/hulak/pkg/yamlparser/apiTypes.go:117.3,117.45 1 0
github.com/xaaha/hulak/pkg/yamlparser/apiTypes.go:120.2,126.8 1 0
github.com/xaaha/hulak/pkg/yamlparser/apiTypes.go:145.31,147.14 1 1
github.com/xaaha/hulak/pkg/yamlparser/apiTypes.go:147.14,149.3 1 1
github.com/xaaha/hulak/pkg/yamlparser/apiTypes.go:150.2,152.31 3 1
github.com/xaaha/hulak/pkg/yamlparser/apiTypes.go:152.31,154.23 2 1
github.com/xaaha/hulak/pkg/yamlparser/apiTypes.go:155.20,157.22 1 1
github.com/xaaha/hulak/pkg/yamlparser/apiTypes.go:157.22,159.5 1 1
github.com/xaaha/hulak/pkg/yamlparser/apiTypes.go:160.20,162.23 1 1
github.com/xaaha/hulak/pkg/yamlparser/apiTypes.go:162.23,164.5 1 1
github.com/xaaha/hulak/pkg/yamlparser/apiTypes.go:165.23,167.23 1 1
github.com/xaaha/hulak/pkg/yamlparser/apiTypes.go:167.23,169.5 1 1
github.com/xaaha/hulak/pkg/yamlparser/apiTypes.go:170.11,172.16 1 0
github.com/xaaha/hulak/pkg/yamlparser/apiTypes.go:177.2,177.29 1 1
github.com/xaaha/hulak/pkg/yamlparser/apiTypes.go:187.56,191.14 3 1
github.com/xaaha/hulak/pkg/yamlparser/apiTypes.go:191.14,193.3 1 1
github.com/xaaha/hulak/pkg/yamlparser/apiTypes.go:195.2,195.9 1 1
github.com/xaaha/hulak/pkg/yamlparser/apiTypes.go:196.49,198.17 2 1
github.com/xaaha/hulak/pkg/yamlparser/apiTypes.go:198.17,200.4 1 0
github.com/xaaha/hulak/pkg/yamlparser/apiTypes.go:201.3,201.21 1 1
github.com/xaaha/hulak/pkg/yamlparser/apiTypes.go:203.27,205.17 2 0
github.com/xaaha/hulak/pkg/yamlparser/apiTypes.go:205.17,207.4 1 0
github.com/xaaha/hulak/pkg/yamlparser/apiTypes.go:208.3,208.38 1 0
github.com/xaaha/hulak/pkg/yamlparser/apiTypes.go:210.37,212.17 2 1
github.com/xaaha/hulak/pkg/yamlparser/apiTypes.go:212.17,214.4 1 0
github.com/xaaha/hulak/pkg/yamlparser/apiTypes.go:215.3,215.71 1 1
github.com/xaaha/hulak/pkg/yamlparser/apiTypes.go:217.19,218.34 1 1
github.com/xaaha/hulak/pkg/yamlparser/apiTypes.go:220.10,221.66 1 1
github.com/xaaha/hulak/pkg/yamlparser/apiTypes.go:224.2,224.31 1 1
github.com/xaaha/hulak/pkg/yamlparser/apiTypes.go:229.75,234.33 2 1
github.com/xaaha/hulak/pkg/yamlparser/apiTypes.go:234.33,235.29 1 1
github.com/xaaha/hulak/pkg/yamlparser/apiTypes.go:235.29,237.4 1 1
github.com/xaaha/hulak/pkg/yamlparser/apiTypes.go:241.2,241.24 1 1
github.com/xaaha/hulak/pkg/yamlparser/apiTypes.go:241.24,243.3 1 0
github.com/xaaha/hulak/pkg/yamlparser/apiTypes.go:246.2,246.50 1 1
github.com/xaaha/hulak/pkg/yamlparser/apiTypes.go:251.76,252.24 1 0
github.com/xaaha/hulak/pkg/yamlparser/apiTypes.go:252.24,254.3 1 0
github.com/xaaha/hulak/pkg/yamlparser/apiTypes.go:256.2,260.33 4 0
github.com/xaaha/hulak/pkg/yamlparser/apiTypes.go:260.33,261.29 1 0
github.com/xaaha/hulak/pkg/yamlparser/apiTypes.go:261.29,262.54 1 0
github.com/xaaha/hulak/pkg/yamlparser/apiTypes.go:262.54,264.5 1 0
github.com/xaaha/hulak/pkg/yamlparser/apiTypes.go:269.2,269.51 1 0
github.com/xaaha/hulak/pkg/yamlparser/apiTypes.go:274.72,276.36 1 1
github.com/xaaha/hulak/pkg/yamlparser/apiTypes.go:276.36,278.3 1 0
github.com/xaaha/hulak/pkg/yamlparser/apiTypes.go:281.2,286.22 2 1
github.com/xaaha/hulak/pkg/yamlparser/apiTypes.go:286.22,288.17 2 1
github.com/xaaha/hulak/pkg/yamlparser/apiTypes.go:288.17,290.4 1 0
github.com/xaaha/hulak/pkg/yamlparser/apiTypes.go:291.3,291.32 1 1
github.com/xaaha/hulak/pkg/yamlparser/apiTypes.go:295.2,296.16 2 1
github.com/xaaha/hulak/pkg/yamlparser/apiTypes.go:296.16,298.3 1 0
github.com/xaaha/hulak/pkg/yamlparser/apiTypes.go:300.2,300.39 1 1
github.com/xaaha/hulak/pkg/yamlparser/apiTypes.go:304.57,305.23 1 0
github.com/xaaha/hulak/pkg/yamlparser/apiTypes.go:305.23,307.3 1 0
github.com/xaaha/hulak/pkg/yamlparser/apiTypes.go:308.2,308.25 1 0
github.com/xaaha/hulak/pkg/yamlparser/apiTypes.go:312.67,313.33 1 0
github.com/xaaha/hulak/pkg/yamlparser/apiTypes.go:313.33,315.3 1 0
github.com/xaaha/hulak/pkg/yamlparser/apiTypes.go:316.2,316.35 1 0
github.com/xaaha/hulak/pkg/yamlparser/apiTypes.go:320.42,321.14 1 1
github.com/xaaha/hulak/pkg/yamlparser/apiTypes.go:321.14,323.3 1 0
github.com/xaaha/hulak/pkg/yamlparser/apiTypes.go:325.2,325.25 1 1
github.com/xaaha/hulak/pkg/yamlparser/apiTypes.go:326.57,328.18 1 1
github.com/xaaha/hulak/pkg/yamlparser/apiTypes.go:330.17,332.39 1 0
github.com/xaaha/hulak/pkg/yamlparser/apiTypes.go:334.13,337.28 2 0
github.com/xaaha/hulak/pkg/yamlparser/apiTypes.go:337.28,339.18 2 0
github.com/xaaha/hulak/pkg/yamlparser/apiTypes.go:339.18,341.5 1 0
github.com/xaaha/hulak/pkg/yamlparser/apiTypes.go:342.4,342.20 1 0
github.com/xaaha/hulak/pkg/yamlparser/apiTypes.go:344.3,344.24 1 0
github.com/xaaha/hulak/pkg/yamlparser/apiTypes.go:346.22,349.28 2 1
github.com/xaaha/hulak/pkg/yamlparser/apiTypes.go:349.28,351.18 2 1
github.com/xaaha/hulak/pkg/yamlparser/apiTypes.go:351.18,353.5 1 0
github.com/xaaha/hulak/pkg/yamlparser/apiTypes.go:354.4,354.20 1 1
github.com/xaaha/hulak/pkg/yamlparser/apiTypes.go:356.3,356.24 1 1
github.com/xaaha/hulak/pkg/yamlparser/apiTypes.go:358.23,361.54 2 0
github.com/xaaha/hulak/pkg/yamlparser/apiTypes.go:361.54,363.4 1 0
github.com/xaaha/hulak/pkg/yamlparser/apiTypes.go:364.3,364.33 1 0
github.com/xaaha/hulak/pkg/yamlparser/apiTypes.go:366.10,369.17 2 0
github.com/xaaha/hulak/pkg/yamlparser/apiTypes.go:369.17,371.4 1 0
github.com/xaaha/hulak/pkg/yamlparser/apiTypes.go:373.3,374.62 2 0
github.com/xaaha/hulak/pkg/yamlparser/apiTypes.go:374.62,376.4 1 0
github.com/xaaha/hulak/pkg/yamlparser/apiTypes.go:377.3,377.24 1 0
github.com/xaaha/hulak/pkg/yamlparser/kind.go:27.38,36.2 5 1
github.com/xaaha/hulak/pkg/yamlparser/kind.go:38.41,40.2 1 1
github.com/xaaha/hulak/pkg/yamlparser/kind.go:50.33,51.26 1 1
github.com/xaaha/hulak/pkg/yamlparser/kind.go:51.26,53.3 1 1
github.com/xaaha/hulak/pkg/yamlparser/kind.go:55.2,56.51 2 1
github.com/xaaha/hulak/pkg/yamlparser/kind.go:56.51,58.3 1 1
github.com/xaaha/hulak/pkg/yamlparser/kind.go:60.2,60.18 1 1
github.com/xaaha/hulak/pkg/yamlparser/kind.go:64.37,66.2 1 1
github.com/xaaha/hulak/pkg/yamlparser/kind.go:69.36,71.2 1 1
github.com/xaaha/hulak/pkg/yamlparser/kind.go:74.35,76.2 1 1
github.com/xaaha/hulak/pkg/yamlparser/kind.go:79.39,81.2 1 1
github.com/xaaha/hulak/pkg/yamlparser/kind.go:84.83,86.16 2 1
github.com/xaaha/hulak/pkg/yamlparser/kind.go:86.16,88.3 1 0
github.com/xaaha/hulak/pkg/yamlparser/kind.go:90.2,92.41 3 1
github.com/xaaha/hulak/pkg/yamlparser/kind.go:92.41,94.3 1 0
github.com/xaaha/hulak/pkg/yamlparser/kind.go:96.2,98.18 2 1
github.com/xaaha/hulak/pkg/yamlparser/oAuthTypes.go:28.31,29.14 1 1
github.com/xaaha/hulak/pkg/yamlparser/oAuthTypes.go:29.14,31.3 1 0
github.com/xaaha/hulak/pkg/yamlparser/oAuthTypes.go:33.2,33.16 1 1
github.com/xaaha/hulak/pkg/yamlparser/oAuthTypes.go:34.45,35.63 1 1
github.com/xaaha/hulak/pkg/yamlparser/oAuthTypes.go:35.63,37.4 1 1
github.com/xaaha/hulak/pkg/yamlparser/oAuthTypes.go:38.3,38.14 1 1
github.com/xaaha/hulak/pkg/yamlparser/oAuthTypes.go:39.10,41.15 1 1
github.com/xaaha/hulak/pkg/yamlparser/oAuthTypes.go:49.35,50.14 1 1
github.com/xaaha/hulak/pkg/yamlparser/oAuthTypes.go:50.14,52.3 1 1
github.com/xaaha/hulak/pkg/yamlparser/oAuthTypes.go:53.2,54.11 2 1
github.com/xaaha/hulak/pkg/yamlparser/oAuthTypes.go:70.36,72.14 1 1
github.com/xaaha/hulak/pkg/yamlparser/oAuthTypes.go:72.14,74.3 1 1
github.com/xaaha/hulak/pkg/yamlparser/oAuthTypes.go:76.2,76.35 1 1
github.com/xaaha/hulak/pkg/yamlparser/oAuthTypes.go:76.35,78.3 1 1
github.com/xaaha/hulak/pkg/yamlparser/oAuthTypes.go:80.2,80.14 1 0
github.com/xaaha/hulak/pkg/yamlparser/oAuthTypes.go:84.72,88.14 3 0
github.com/xaaha/hulak/pkg/yamlparser/oAuthTypes.go:88.14,90.3 1 0
github.com/xaaha/hulak/pkg/yamlparser/oAuthTypes.go:92.2,96.9 4 0
github.com/xaaha/hulak/pkg/yamlparser/oAuthTypes.go:97.37,99.17 2 0
github.com/xaaha/hulak/pkg/yamlparser/oAuthTypes.go:99.17,101.4 1 0
github.com/xaaha/hulak/pkg/yamlparser/oAuthTypes.go:102.3,102.71 1 0
github.com/xaaha/hulak/pkg/yamlparser/oAuthTypes.go:103.10,104.66 1 0
github.com/xaaha/hulak/pkg/yamlparser/oAuthTypes.go:107.2,107.31 1 0
github.com/xaaha/hulak/pkg/yamlparser/oAuthTypes.go:126.59,127.22 1 1
github.com/xaaha/hulak/pkg/yamlparser/oAuthTypes.go:127.22,129.3 1 0
github.com/xaaha/hulak/pkg/yamlparser/oAuthTypes.go:132.2,132.28 1 1
github.com/xaaha/hulak/pkg/yamlparser/oAuthTypes.go:132.28,134.3 1 0
github.com/xaaha/hulak/pkg/yamlparser/oAuthTypes.go:137.2,140.33 2 1
github.com/xaaha/hulak/pkg/yamlparser/oAuthTypes.go:140.33,142.3 1 1
github.com/xaaha/hulak/pkg/yamlparser/oAuthTypes.go:145.2,145.27 1 1
github.com/xaaha/hulak/pkg/yamlparser/oAuthTypes.go:145.27,147.3 1 1
github.com/xaaha/hulak/pkg/yamlparser/oAuthTypes.go:149.2,149.47 1 1
github.com/xaaha/hulak/pkg/yamlparser/oAuthTypes.go:149.47,153.3 1 1
github.com/xaaha/hulak/pkg/yamlparser/oAuthTypes.go:156.2,156.33 1 1
github.com/xaaha/hulak/pkg/yamlparser/oAuthTypes.go:156.33,158.3 1 1
github.com/xaaha/hulak/pkg/yamlparser/oAuthTypes.go:161.2,161.68 1 1
github.com/xaaha/hulak/pkg/yamlparser/oAuthTypes.go:161.68,163.3 1 1
github.com/xaaha/hulak/pkg/yamlparser/oAuthTypes.go:166.2,166.31 1 1
github.com/xaaha/hulak/pkg/yamlparser/oAuthTypes.go:166.31,168.3 1 1
github.com/xaaha/hulak/pkg/yamlparser/oAuthTypes.go:170.2,170.18 1 1
github.com/xaaha/hulak/pkg/yamlparser/oAuthTypes.go:174.79,176.16 2 0
github.com/xaaha/hulak/pkg/yamlparser/oAuthTypes.go:176.16,178.3 1 0
github.com/xaaha/hulak/pkg/yamlparser/oAuthTypes.go:180.2,180.23 1 0
github.com/xaaha/hulak/pkg/yamlparser/oAuthTypes.go:180.23,181.31 1 0
github.com/xaaha/hulak/pkg/yamlparser/oAuthTypes.go:181.31,183.4 1 0
github.com/xaaha/hulak/pkg/yamlparser/oAuthTypes.go:184.3,184.50 1 0
github.com/xaaha/hulak/pkg/yamlparser/oAuthTypes.go:187.2,193.8 1 0
github.com/xaaha/hulak/pkg/yamlparser/translateTypes.go:30.54,31.90 1 1
github.com/xaaha/hulak/pkg/yamlparser/translateTypes.go:31.90,33.3 1 1
github.com/xaaha/hulak/pkg/yamlparser/translateTypes.go:34.2,34.87 1 1
github.com/xaaha/hulak/pkg/yamlparser/translateTypes.go:34.87,36.3 1 1
github.com/xaaha/hulak/pkg/yamlparser/translateTypes.go:37.2,40.44 4 1
github.com/xaaha/hulak/pkg/yamlparser/translateTypes.go:40.44,42.3 1 1
github.com/xaaha/hulak/pkg/yamlparser/translateTypes.go:43.2,44.34 2 1
github.com/xaaha/hulak/pkg/yamlparser/translateTypes.go:51.62,53.22 2 1
github.com/xaaha/hulak/pkg/yamlparser/translateTypes.go:53.22,55.3 1 1
github.com/xaaha/hulak/pkg/yamlparser/translateTypes.go:57.2,60.75 2 1
github.com/xaaha/hulak/pkg/yamlparser/translateTypes.go:60.75,63.3 2 1
github.com/xaaha/hulak/pkg/yamlparser/translateTypes.go:65.2,65.67 1 1
github.com/xaaha/hulak/pkg/yamlparser/translateTypes.go:65.67,71.3 2 1
github.com/xaaha/hulak/pkg/yamlparser/translateTypes.go:73.2,73.30 1 1
github.com/xaaha/hulak/pkg/yamlparser/translateTypes.go:98.8,101.38 2 1
github.com/xaaha/hulak/pkg/yamlparser/translateTypes.go:101.38,103.22 2 1
github.com/xaaha/hulak/pkg/yamlparser/translateTypes.go:103.22,105.4 1 1
github.com/xaaha/hulak/pkg/yamlparser/translateTypes.go:106.3,106.36 1 1
github.com/xaaha/hulak/pkg/yamlparser/translateTypes.go:107.15,109.30 2 1
github.com/xaaha/hulak/pkg/yamlparser/translateTypes.go:109.30,112.24 1 1
github.com/xaaha/hulak/pkg/yamlparser/translateTypes.go:113.20,120.8 1 1
github.com/xaaha/hulak/pkg/yamlparser/translateTypes.go:121.21,130.8 1 1
github.com/xaaha/hulak/pkg/yamlparser/translateTypes.go:133.23,136.72 3 1
github.com/xaaha/hulak/pkg/yamlparser/translateTypes.go:137.14,138.35 1 1
github.com/xaaha/hulak/pkg/yamlparser/translateTypes.go:138.35,140.47 2 1
github.com/xaaha/hulak/pkg/yamlparser/translateTypes.go:140.47,144.6 3 1
github.com/xaaha/hulak/pkg/yamlparser/translateTypes.go:147.25,148.35 1 1
github.com/xaaha/hulak/pkg/yamlparser/translateTypes.go:148.35,153.5 4 1
github.com/xaaha/hulak/pkg/yamlparser/translateTypes.go:154.11,154.11 0 0
github.com/xaaha/hulak/pkg/yamlparser/translateTypes.go:160.2,160.14 1 1
github.com/xaaha/hulak/pkg/yamlparser/translateTypes.go:169.18,172.29 2 1
github.com/xaaha/hulak/pkg/yamlparser/translateTypes.go:172.29,173.30 1 1
github.com/xaaha/hulak/pkg/yamlparser/translateTypes.go:174.15,176.24 1 1
github.com/xaaha/hulak/pkg/yamlparser/translateTypes.go:176.24,178.48 2 1
github.com/xaaha/hulak/pkg/yamlparser/translateTypes.go:178.48,180.6 1 1
github.com/xaaha/hulak/pkg/yamlparser/translateTypes.go:181.5,181.34 1 1
github.com/xaaha/hulak/pkg/yamlparser/translateTypes.go:182.10,185.5 1 1
github.com/xaaha/hulak/pkg/yamlparser/translateTypes.go:186.12,188.24 1 1
github.com/xaaha/hulak/pkg/yamlparser/translateTypes.go:188.24,190.50 2 0
github.com/xaaha/hulak/pkg/yamlparser/translateTypes.go:190.50,192.6 1 0
github.com/xaaha/hulak/pkg/yamlparser/translateTypes.go:193.5,193.36 1 0
github.com/xaaha/hulak/pkg/yamlparser/translateTypes.go:194.10,197.5 1 1
github.com/xaaha/hulak/pkg/yamlparser/translateTypes.go:201.2,201.17 1 1
github.com/xaaha/hulak/pkg/yamlparser/translateTypes.go:209.27,213.56 2 1
github.com/xaaha/hulak/pkg/yamlparser/translateTypes.go:213.56,215.17 2 1
github.com/xaaha/hulak/pkg/yamlparser/translateTypes.go:215.17,217.4 1 0
github.com/xaaha/hulak/pkg/yamlparser/translateTypes.go:218.3,218.21 1 1
github.com/xaaha/hulak/pkg/yamlparser/translateTypes.go:218.21,219.12 1 0
github.com/xaaha/hulak/pkg/yamlparser/translateTypes.go:222.3,223.14 2 1
github.com/xaaha/hulak/pkg/yamlparser/translateTypes.go:223.14,224.12 1 1
github.com/xaaha/hulak/pkg/yamlparser/translateTypes.go:226.3,226.59 1 1
github.com/xaaha/hulak/pkg/yamlparser/translateTypes.go:230.2,230.58 1 1
github.com/xaaha/hulak/pkg/yamlparser/translateTypes.go:230.58,232.17 2 1
github.com/xaaha/hulak/pkg/yamlparser/translateTypes.go:232.17,234.4 1 0
github.com/xaaha/hulak/pkg/yamlparser/translateTypes.go:236.3,236.21 1 1
github.com/xaaha/hulak/pkg/yamlparser/translateTypes.go:236.21,237.12 1 0
github.com/xaaha/hulak/pkg/yamlparser/translateTypes.go:239.3,240.60 2 1
github.com/xaaha/hulak/pkg/yamlparser/translateTypes.go:243.2,243.22 1 1
github.com/xaaha/hulak/pkg/yamlparser/translateTypes.go:248.43,250.17 2 1
github.com/xaaha/hulak/pkg/yamlparser/translateTypes.go:250.17,252.3 1 1
github.com/xaaha/hulak/pkg/yamlparser/translateTypes.go:253.2,253.13 1 1
github.com/xaaha/hulak/pkg/yamlparser/translateTypes.go:258.53,260.37 2 1
github.com/xaaha/hulak/pkg/yamlparser/translateTypes.go:260.37,262.3 1 1
github.com/xaaha/hulak/pkg/yamlparser/translateTypes.go:263.2,263.16 1 1
github.com/xaaha/hulak/pkg/yamlparser/translateTypes.go:268.44,271.20 2 1
github.com/xaaha/hulak/pkg/yamlparser/translateTypes.go:271.20,273.3 1 1
github.com/xaaha/hulak/pkg/yamlparser/translateTypes.go:275.2,276.34 2 1
github.com/xaaha/hulak/pkg/yamlparser/translateTypes.go:276.34,278.23 2 1
github.com/xaaha/hulak/pkg/yamlparser/translateTypes.go:278.23,281.4 2 1
github.com/xaaha/hulak/pkg/yamlparser/translateTypes.go:282.3,283.17 2 1
github.com/xaaha/hulak/pkg/yamlparser/translateTypes.go:283.17,286.4 2 1
github.com/xaaha/hulak/pkg/yamlparser/translateTypes.go:286.9,288.4 1 1
github.com/xaaha/hulak/pkg/yamlparser/translateTypes.go:290.2,290.18 1 1
github.com/xaaha/hulak/pkg/yamlparser/yamlparser.go:23.18,26.29 2 1
github.com/xaaha/hulak/pkg/yamlparser/yamlparser.go:26.29,27.33 1 1
github.com/xaaha/hulak/pkg/yamlparser/yamlparser.go:28.23,29.65 1 1
github.com/xaaha/hulak/pkg/yamlparser/yamlparser.go:30.15,32.18 2 1
github.com/xaaha/hulak/pkg/yamlparser/yamlparser.go:32.18,34.5 1 1
github.com/xaaha/hulak/pkg/yamlparser/yamlparser.go:35.4,35.53 1 1
github.com/xaaha/hulak/pkg/yamlparser/yamlparser.go:35.53,37.5 1 0
github.com/xaaha/hulak/pkg/yamlparser/yamlparser.go:37.10,39.5 1 1
github.com/xaaha/hulak/pkg/yamlparser/yamlparser.go:40.26,42.31 2 0
github.com/xaaha/hulak/pkg/yamlparser/yamlparser.go:42.31,44.19 2 0
github.com/xaaha/hulak/pkg/yamlparser/yamlparser.go:44.19,46.6 1 0
github.com/xaaha/hulak/pkg/yamlparser/yamlparser.go:47.5,47.47 1 0
github.com/xaaha/hulak/pkg/yamlparser/yamlparser.go:47.47,49.6 1 0
github.com/xaaha/hulak/pkg/yamlparser/yamlparser.go:49.11,51.6 1 0
github.com/xaaha/hulak/pkg/yamlparser/yamlparser.go:53.4,53.30 1 0
github.com/xaaha/hulak/pkg/yamlparser/yamlparser.go:54.11,55.25 1 1
github.com/xaaha/hulak/pkg/yamlparser/yamlparser.go:58.2,58.19 1 1
github.com/xaaha/hulak/pkg/yamlparser/yamlparser.go:62.87,63.53 1 1
github.com/xaaha/hulak/pkg/yamlparser/yamlparser.go:63.53,65.3 1 1
github.com/xaaha/hulak/pkg/yamlparser/yamlparser.go:67.2,68.16 2 1
github.com/xaaha/hulak/pkg/yamlparser/yamlparser.go:68.16,70.3 1 0
github.com/xaaha/hulak/pkg/yamlparser/yamlparser.go:71.2,74.26 3 1
github.com/xaaha/hulak/pkg/yamlparser/yamlparser.go:74.26,76.3 1 1
github.com/xaaha/hulak/pkg/yamlparser/yamlparser.go:78.2,80.41 3 1
github.com/xaaha/hulak/pkg/yamlparser/yamlparser.go:80.41,82.3 1 1
github.com/xaaha/hulak/pkg/yamlparser/yamlparser.go:85.2,92.16 4 1
github.com/xaaha/hulak/pkg/yamlparser/yamlparser.go:92.16,94.3 1 0
github.com/xaaha/hulak/pkg/yamlparser/yamlparser.go:96.2,98.46 3 1
github.com/xaaha/hulak/pkg/yamlparser/yamlparser.go:98.46,100.3 1 0
github.com/xaaha/hulak/pkg/yamlparser/yamlparser.go:101.2,103.18 2 1
github.com/xaaha/hulak/pkg/yamlparser/yamlparser.go:109.95,111.16 2 1
github.com/xaaha/hulak/pkg/yamlparser/yamlparser.go:111.16,113.3 1 0
github.com/xaaha/hulak/pkg/yamlparser/yamlparser.go:115.2,117.42 3 1
github.com/xaaha/hulak/pkg/yamlparser/yamlparser.go:117.42,119.3 1 0
github.com/xaaha/hulak/pkg/yamlparser/yamlparser.go:121.2,121.50 1 1
github.com/xaaha/hulak/pkg/yamlparser/yamlparser.go:121.50,123.3 1 1
github.com/xaaha/hulak/pkg/yamlparser/yamlparser.go:125.2,125.24 1 1
github.com/xaaha/hulak/pkg/yamlparser/yamlparser.go:133.28,135.16 2 0
github.com/xaaha/hulak/pkg/yamlparser/yamlparser.go:135.16,137.3 1 0
github.com/xaaha/hulak/pkg/yamlparser/yamlparser.go:139.2,141.49 3 0
github.com/xaaha/hulak/pkg/yamlparser/yamlparser.go:141.49,143.3 1 0
github.com/xaaha/hulak/pkg/yamlparser/yamlparser.go:145.2,145.49 1 0
github.com/xaaha/hulak/pkg/yamlparser/yamlparser.go:145.49,147.3 1 0
github.com/xaaha/hulak/pkg/yamlparser/yamlparser.go:148.2,148.25 1 0
github.com/xaaha/hulak/pkg/utils/listfiles.go:24.50,25.38 1 1
github.com/xaaha/hulak/pkg/utils/listfiles.go:25.38,27.3 1 1
github.com/xaaha/hulak/pkg/utils/listfiles.go:31.55,32.38 1 1
github.com/xaaha/hulak/pkg/utils/listfiles.go:32.38,34.3 1 1
github.com/xaaha/hulak/pkg/utils/listfiles.go:40.40,45.2 1 1
github.com/xaaha/hulak/pkg/utils/listfiles.go:48.63,50.30 2 1
github.com/xaaha/hulak/pkg/utils/listfiles.go:50.30,52.3 1 1
github.com/xaaha/hulak/pkg/utils/listfiles.go:53.2,53.13 1 1
github.com/xaaha/hulak/pkg/utils/listfiles.go:56.41,60.2 2 1
github.com/xaaha/hulak/pkg/utils/listfiles.go:62.64,63.61 1 1
github.com/xaaha/hulak/pkg/utils/listfiles.go:63.61,65.3 1 1
github.com/xaaha/hulak/pkg/utils/listfiles.go:66.2,66.48 1 1
github.com/xaaha/hulak/pkg/utils/listfiles.go:71.78,74.19 2 1
github.com/xaaha/hulak/pkg/utils/listfiles.go:74.19,76.3 1 0
github.com/xaaha/hulak/pkg/utils/listfiles.go:79.2,82.16 3 1
github.com/xaaha/hulak/pkg/utils/listfiles.go:82.16,84.3 1 1
github.com/xaaha/hulak/pkg/utils/listfiles.go:85.2,85.19 1 1
github.com/xaaha/hulak/pkg/utils/listfiles.go:85.19,87.3 1 1
github.com/xaaha/hulak/pkg/utils/listfiles.go:89.2,90.16 2 1
github.com/xaaha/hulak/pkg/utils/listfiles.go:90.16,92.3 1 0
github.com/xaaha/hulak/pkg/utils/listfiles.go:94.2,96.80 2 1
github.com/xaaha/hulak/pkg/utils/listfiles.go:96.80,97.17 1 1
github.com/xaaha/hulak/pkg/utils/listfiles.go:97.17,99.4 1 0
github.com/xaaha/hulak/pkg/utils/listfiles.go:102.3,102.18 1 1
github.com/xaaha/hulak/pkg/utils/listfiles.go:102.18,104.4 1 1
github.com/xaaha/hulak/pkg/utils/listfiles.go:106.3,106.16 1 1
github.com/xaaha/hulak/pkg/utils/listfiles.go:106.16,107.37 1 1
github.com/xaaha/hulak/pkg/utils/listfiles.go:107.37,109.5 1 1
github.com/xaaha/hulak/pkg/utils/listfiles.go:110.4,110.14 1 1
github.com/xaaha/hulak/pkg/utils/listfiles.go:114.3,114.33 1 1
github.com/xaaha/hulak/pkg/utils/listfiles.go:114.33,116.4 1 1
github.com/xaaha/hulak/pkg/utils/listfiles.go:118.3,118.13 1 1
github.com/xaaha/hulak/pkg/utils/listfiles.go:120.2,120.16 1 1
github.com/xaaha/hulak/pkg/utils/listfiles.go:120.16,122.3 1 0
github.com/xaaha/hulak/pkg/utils/listfiles.go:124.2,124.22 1 1
github.com/xaaha/hulak/pkg/utils/listfiles.go:124.22,126.3 1 1
github.com/xaaha/hulak/pkg/utils/listfiles.go:128.2,128.20 1 1
github.com/xaaha/hulak/pkg/utils/lookupValue.go:15.64,17.40 1 1
github.com/xaaha/hulak/pkg/utils/lookupValue.go:17.40,19.3 1 1
github.com/xaaha/hulak/pkg/utils/lookupValue.go:21.2,29.35 4 1
github.com/xaaha/hulak/pkg/utils/lookupValue.go:29.35,34.10 3 1
github.com/xaaha/hulak/pkg/utils/lookupValue.go:34.10,36.11 2 0
github.com/xaaha/hulak/pkg/utils/lookupValue.go:36.11,43.5 1 0
github.com/xaaha/hulak/pkg/utils/lookupValue.go:46.3,46.17 1 1
github.com/xaaha/hulak/pkg/utils/lookupValue.go:46.17,49.15 2 1
github.com/xaaha/hulak/pkg/utils/lookupValue.go:49.15,51.5 1 0
github.com/xaaha/hulak/pkg/utils/lookupValue.go:53.4,54.68 2 1
github.com/xaaha/hulak/pkg/utils/lookupValue.go:54.68,56.5 1 1
github.com/xaaha/hulak/pkg/utils/lookupValue.go:58.4,58.41 1 1
github.com/xaaha/hulak/pkg/utils/lookupValue.go:59.9,62.15 2 1
github.com/xaaha/hulak/pkg/utils/lookupValue.go:62.15,64.5 1 1
github.com/xaaha/hulak/pkg/utils/lookupValue.go:65.4,65.19 1 1
github.com/xaaha/hulak/pkg/utils/lookupValue.go:69.3,69.27 1 1
github.com/xaaha/hulak/pkg/utils/lookupValue.go:69.27,71.4 1 1
github.com/xaaha/hulak/pkg/utils/lookupValue.go:75.2,75.43 1 0
github.com/xaaha/hulak/pkg/utils/lookupValue.go:80.47,81.27 1 1
github.com/xaaha/hulak/pkg/utils/lookupValue.go:82.22,84.18 1 1
github.com/xaaha/hulak/pkg/utils/lookupValue.go:84.18,86.4 1 1
github.com/xaaha/hulak/pkg/utils/lookupValue.go:89.3,89.31 1 1
github.com/xaaha/hulak/pkg/utils/lookupValue.go:89.31,91.18 2 1
github.com/xaaha/hulak/pkg/utils/lookupValue.go:91.18,93.5 1 1
github.com/xaaha/hulak/pkg/utils/lookupValue.go:97.3,97.11 1 0
github.com/xaaha/hulak/pkg/utils/lookupValue.go:99.13,101.30 1 1
github.com/xaaha/hulak/pkg/utils/lookupValue.go:101.30,103.18 2 1
github.com/xaaha/hulak/pkg/utils/lookupValue.go:103.18,105.5 1 1
github.com/xaaha/hulak/pkg/utils/lookupValue.go:109.3,109.11 1 0
github.com/xaaha/hulak/pkg/utils/lookupValue.go:111.10,113.11 1 1
github.com/xaaha/hulak/pkg/utils/lookupValue.go:118.51,120.22 1 1
github.com/xaaha/hulak/pkg/utils/lookupValue.go:120.22,121.19 1 1
github.com/xaaha/hulak/pkg/utils/lookupValue.go:122.30,123.15 1 0
github.com/xaaha/hulak/pkg/utils/lookupValue.go:128.2,128.19 1 1
github.com/xaaha/hulak/pkg/utils/lookupValue.go:132.43,134.27 1 1
github.com/xaaha/hulak/pkg/utils/lookupValue.go:134.27,135.47 1 1
github.com/xaaha/hulak/pkg/utils/lookupValue.go:135.47,137.4 1 1
github.com/xaaha/hulak/pkg/utils/lookupValue.go:139.2,139.14 1 0
github.com/xaaha/hulak/pkg/utils/lookupValue.go:142.52,144.34 2 0
github.com/xaaha/hulak/pkg/utils/lookupValue.go:144.34,147.33 3 0
github.com/xaaha/hulak/pkg/utils/lookupValue.go:147.33,150.4 2 0
github.com/xaaha/hulak/pkg/utils/lookupValue.go:151.3,151.23 1 0
github.com/xaaha/hulak/pkg/utils/lookupValue.go:153.2,153.19 1 0
github.com/xaaha/hulak/pkg/utils/lookupValue.go:156.59,161.27 4 1
github.com/xaaha/hulak/pkg/utils/lookupValue.go:161.27,162.10 1 1
github.com/xaaha/hulak/pkg/utils/lookupValue.go:163.20,164.20 1 1
github.com/xaaha/hulak/pkg/utils/lookupValue.go:165.20,168.19 3 1
github.com/xaaha/hulak/pkg/utils/lookupValue.go:169.53,171.19 2 1
github.com/xaaha/hulak/pkg/utils/lookupValue.go:172.11,173.27 1 1
github.com/xaaha/hulak/pkg/utils/lookupValue.go:177.2,177.23 1 1
github.com/xaaha/hulak/pkg/utils/lookupValue.go:177.23,179.3 1 1
github.com/xaaha/hulak/pkg/utils/lookupValue.go:180.2,180.17 1 1
github.com/xaaha/hulak/pkg/utils/lookupValue.go:184.56,185.71 1 1
github.com/xaaha/hulak/pkg/utils/lookupValue.go:185.71,190.17 5 1
github.com/xaaha/hulak/pkg/utils/lookupValue.go:190.17,192.4 1 0
github.com/xaaha/hulak/pkg/utils/lookupValue.go:193.3,193.44 1 1
github.com/xaaha/hulak/pkg/utils/lookupValue.go:195.2,195.27 1 1
github.com/xaaha/hulak/pkg/utils/prettyPrint.go:23.42,25.51 2 0
github.com/xaaha/hulak/pkg/utils/prettyPrint.go:25.51,27.3 1 0
github.com/xaaha/hulak/pkg/utils/prettyPrint.go:29.2,32.12 4 0
github.com/xaaha/hulak/pkg/utils/prettyPrint.go:35.58,36.25 1 0
github.com/xaaha/hulak/pkg/utils/prettyPrint.go:37.22,38.28 1 0
github.com/xaaha/hulak/pkg/utils/prettyPrint.go:39.13,40.30 1 0
github.com/xaaha/hulak/pkg/utils/prettyPrint.go:41.14,43.43 2 0
github.com/xaaha/hulak/pkg/utils/prettyPrint.go:44.15,45.68 1 0
github.com/xaaha/hulak/pkg/utils/prettyPrint.go:46.12,47.56 1 0
github.com/xaaha/hulak/pkg/utils/prettyPrint.go:48.11,49.42 1 0
github.com/xaaha/hulak/pkg/utils/prettyPrint.go:50.10,51.28 1 0
github.com/xaaha/hulak/pkg/utils/prettyPrint.go:55.71,56.23 1 0
github.com/xaaha/hulak/pkg/utils/prettyPrint.go:56.23,59.3 2 0
github.com/xaaha/hulak/pkg/utils/prettyPrint.go:61.2,65.25 4 0
github.com/xaaha/hulak/pkg/utils/prettyPrint.go:65.25,67.3 1 0
github.com/xaaha/hulak/pkg/utils/prettyPrint.go:68.2,70.25 2 0
github.com/xaaha/hulak/pkg/utils/prettyPrint.go:70.25,74.22 4 0
github.com/xaaha/hulak/pkg/utils/prettyPrint.go:74.22,76.4 1 0
github.com/xaaha/hulak/pkg/utils/prettyPrint.go:77.3,77.24 1 0
github.com/xaaha/hulak/pkg/utils/prettyPrint.go:79.2,79.52 1 0
github.com/xaaha/hulak/pkg/utils/prettyPrint.go:82.66,83.25 1 0
github.com/xaaha/hulak/pkg/utils/prettyPrint.go:83.25,86.3 2 0
github.com/xaaha/hulak/pkg/utils/prettyPrint.go:88.2,91.34 3 0
github.com/xaaha/hulak/pkg/utils/prettyPrint.go:91.34,94.29 3 0
github.com/xaaha/hulak/pkg/utils/prettyPrint.go:94.29,96.4 1 0
github.com/xaaha/hulak/pkg/utils/prettyPrint.go:97.3,97.24 1 0
github.com/xaaha/hulak/pkg/utils/prettyPrint.go:99.2,99.52 1 0
github.com/xaaha/hulak/pkg/utils/printing.go:14.53,17.27 3 1
github.com/xaaha/hulak/pkg/utils/printing.go:17.27,18.17 1 0
github.com/xaaha/hulak/pkg/utils/printing.go:18.17,20.4 1 0
github.com/xaaha/hulak/pkg/utils/printing.go:22.2,22.75 1 1
github.com/xaaha/hulak/pkg/utils/printing.go:26.29,28.2 1 1
github.com/xaaha/hulak/pkg/utils/printing.go:31.31,33.2 1 0
github.com/xaaha/hulak/pkg/utils/printing.go:36.27,38.2 1 0
github.com/xaaha/hulak/pkg/utils/printing.go:41.28,43.2 1 0
github.com/xaaha/hulak/pkg/utils/printing.go:46.47,49.2 2 0
github.com/xaaha/hulak/pkg/utils/printing.go:52.44,53.29 1 0
github.com/xaaha/hulak/pkg/utils/printing.go:54.34,55.18 1 0
github.com/xaaha/hulak/pkg/utils/printing.go:56.11,57.18 1 0
github.com/xaaha/hulak/pkg/utils/printing.go:58.10,59.35 1 0
github.com/xaaha/hulak/pkg/utils/printing.go:59.35,61.29 2 0
github.com/xaaha/hulak/pkg/utils/printing.go:61.29,63.19 2 0
github.com/xaaha/hulak/pkg/utils/printing.go:63.19,65.6 1 0
github.com/xaaha/hulak/pkg/utils/printing.go:66.5,66.51 1 0
github.com/xaaha/hulak/pkg/utils/printing.go:68.4,68.65 1 0
github.com/xaaha/hulak/pkg/utils/printing.go:70.3,71.17 2 0
github.com/xaaha/hulak/pkg/utils/printing.go:71.17,73.4 1 0
github.com/xaaha/hulak/pkg/utils/printing.go:74.3,74.30 1 0
github.com/xaaha/hulak/pkg/utils/printing.go:85.54,87.31 2 0
github.com/xaaha/hulak/pkg/utils/printing.go:87.31,88.89 1 0
github.com/xaaha/hulak/pkg/utils/printing.go:88.89,90.4 1 0
github.com/xaaha/hulak/pkg/utils/printing.go:92.2,92.18 1 0
github.com/xaaha/hulak/pkg/utils/utils.go:14.50,16.16 2 1
github.com/xaaha/hulak/pkg/utils/utils.go:16.16,18.3 1 0
github.com/xaaha/hulak/pkg/utils/utils.go:19.2,21.27 2 1
github.com/xaaha/hulak/pkg/utils/utils.go:25.54,27.21 2 1
github.com/xaaha/hulak/pkg/utils/utils.go:27.21,29.3 1 0
github.com/xaaha/hulak/pkg/utils/utils.go:30.2,31.16 2 1
github.com/xaaha/hulak/pkg/utils/utils.go:31.16,33.3 1 0
github.com/xaaha/hulak/pkg/utils/utils.go:34.2,35.16 2 1
github.com/xaaha/hulak/pkg/utils/utils.go:35.16,37.3 1 1
github.com/xaaha/hulak/pkg/utils/utils.go:38.2,38.19 1 1
github.com/xaaha/hulak/pkg/utils/utils.go:38.19,40.3 1 1
github.com/xaaha/hulak/pkg/utils/utils.go:41.2,41.21 1 1
github.com/xaaha/hulak/pkg/utils/utils.go:46.38,48.16 2 1
github.com/xaaha/hulak/pkg/utils/utils.go:48.16,49.20 1 1
github.com/xaaha/hulak/pkg/utils/utils.go:49.20,51.4 1 1
github.com/xaaha/hulak/pkg/utils/utils.go:52.3,52.13 1 1
github.com/xaaha/hulak/pkg/utils/utils.go:54.2,54.25 1 1
github.com/xaaha/hulak/pkg/utils/utils.go:54.25,56.3 1 0
github.com/xaaha/hulak/pkg/utils/utils.go:57.2,57.50 1 1
github.com/xaaha/hulak/pkg/utils/utils.go:57.50,60.3 2 0
github.com/xaaha/hulak/pkg/utils/utils.go:61.2,62.12 2 1
github.com/xaaha/hulak/pkg/utils/utils.go:67.40,71.24 2 1
github.com/xaaha/hulak/pkg/utils/utils.go:71.24,73.17 2 1
github.com/xaaha/hulak/pkg/utils/utils.go:73.17,75.4 1 1
github.com/xaaha/hulak/pkg/utils/utils.go:76.3,76.16 1 1
github.com/xaaha/hulak/pkg/utils/utils.go:76.16,78.33 2 1
github.com/xaaha/hulak/pkg/utils/utils.go:78.33,80.5 1 0
github.com/xaaha/hulak/pkg/utils/utils.go:82.3,82.13 1 1
github.com/xaaha/hulak/pkg/utils/utils.go:86.2,86.16 1 1
github.com/xaaha/hulak/pkg/utils/utils.go:86.16,88.3 1 1
github.com/xaaha/hulak/pkg/utils/utils.go:90.2,90.18 1 1
github.com/xaaha/hulak/pkg/utils/utils.go:90.18,92.3 1 1
github.com/xaaha/hulak/pkg/utils/utils.go:94.2,94.12 1 1
github.com/xaaha/hulak/pkg/utils/utils.go:98.38,102.16 3 1
github.com/xaaha/hulak/pkg/utils/utils.go:102.16,104.3 1 0
github.com/xaaha/hulak/pkg/utils/utils.go:105.2,106.16 2 1
github.com/xaaha/hulak/pkg/utils/utils.go:106.16,108.3 1 0
github.com/xaaha/hulak/pkg/utils/utils.go:111.2,111.37 1 1
github.com/xaaha/hulak/pkg/utils/utils.go:111.37,112.25 1 1
github.com/xaaha/hulak/pkg/utils/utils.go:112.25,115.4 2 1
github.com/xaaha/hulak/pkg/utils/utils.go:117.2,117.30 1 1
github.com/xaaha/hulak/pkg/utils/utils.go:122.65,124.29 2 1
github.com/xaaha/hulak/pkg/utils/utils.go:124.29,126.25 1 1
github.com/xaaha/hulak/pkg/utils/utils.go:126.25,128.12 2 0
github.com/xaaha/hulak/pkg/utils/utils.go:130.3,132.41 2 1
github.com/xaaha/hulak/pkg/utils/utils.go:133.23,134.67 1 1
github.com/xaaha/hulak/pkg/utils/utils.go:135.11,136.43 1 1
github.com/xaaha/hulak/pkg/utils/utils.go:139.2,139.19 1 1
github.com/xaaha/hulak/pkg/utils/utils.go:144.57,148.2 3 0
github.com/xaaha/hulak/pkg/utils/utils.go:154.83,155.21 1 1
github.com/xaaha/hulak/pkg/utils/utils.go:155.21,157.3 1 1
github.com/xaaha/hulak/pkg/utils/utils.go:159.2,163.37 3 1
github.com/xaaha/hulak/pkg/utils/utils.go:163.37,165.3 1 1
github.com/xaaha/hulak/pkg/utils/utils.go:166.2,170.27 3 1
github.com/xaaha/hulak/pkg/utils/utils.go:170.27,173.17 3 0
github.com/xaaha/hulak/pkg/utils/utils.go:173.17,175.4 1 0
github.com/xaaha/hulak/pkg/utils/utils.go:176.8,178.3 1 1
github.com/xaaha/hulak/pkg/utils/utils.go:181.2,182.16 2 1
github.com/xaaha/hulak/pkg/utils/utils.go:182.16,184.3 1 1
github.com/xaaha/hulak/pkg/utils/utils.go:187.2,188.36 2 1
github.com/xaaha/hulak/pkg/utils/utils.go:188.36,193.38 3 1
github.com/xaaha/hulak/pkg/utils/utils.go:193.38,194.40 1 1
github.com/xaaha/hulak/pkg/utils/utils.go:194.40,196.10 2 1
github.com/xaaha/hulak/pkg/utils/utils.go:201.3,201.27 1 1
github.com/xaaha/hulak/pkg/utils/utils.go:201.27,203.39 2 1
github.com/xaaha/hulak/pkg/utils/utils.go:203.39,205.5 1 1
github.com/xaaha/hulak/pkg/utils/utils.go:208.4,208.32 1 1
github.com/xaaha/hulak/pkg/utils/utils.go:208.32,210.5 1 1
github.com/xaaha/hulak/pkg/utils/utils.go:214.2,214.22 1 1
github.com/xaaha/hulak/pkg/utils/utils.go:214.22,220.3 1 1
github.com/xaaha/hulak/pkg/utils/utils.go:222.2,222.20 1 1
github.com/xaaha/hulak/pkg/utils/utils.go:226.51,228.2 1 0
github.com/xaaha/hulak/pkg/utils/utils.go:232.63,233.17 1 0
github.com/xaaha/hulak/pkg/utils/utils.go:233.17,235.3 1 0
github.com/xaaha/hulak/pkg/utils/utils.go:236.2,236.16 1 0
github.com/xaaha/hulak/pkg/utils/utils.go:236.16,238.3 1 0
github.com/xaaha/hulak/pkg/utils/utils.go:240.2,241.13 2 0
github.com/xaaha/hulak/pkg/utils/utils.go:246.35,252.16 3 0
github.com/xaaha/hulak/pkg/utils/utils.go:252.16,255.3 1 0
github.com/xaaha/hulak/pkg/utils/utils.go:258.2,258.22 1 0
github.com/xaaha/hulak/pkg/features/graphql/gqlFiles.go:17.53,19.16 2 1
github.com/xaaha/hulak/pkg/features/graphql/gqlFiles.go:19.16,21.3 1 1
github.com/xaaha/hulak/pkg/features/graphql/gqlFiles.go:22.2,22.15 1 1
github.com/xaaha/hulak/pkg/features/graphql/gqlFiles.go:22.15,22.35 1 1
github.com/xaaha/hulak/pkg/features/graphql/gqlFiles.go:24.2,26.42 3 1
github.com/xaaha/hulak/pkg/features/graphql/gqlFiles.go:26.42,28.3 1 1
github.com/xaaha/hulak/pkg/features/graphql/gqlFiles.go:31.2,35.13 3 1
github.com/xaaha/hulak/pkg/features/graphql/gqlFiles.go:35.13,37.3 1 1
github.com/xaaha/hulak/pkg/features/graphql/gqlFiles.go:40.2,40.40 1 1
github.com/xaaha/hulak/pkg/features/graphql/gqlFiles.go:40.40,42.3 1 1
github.com/xaaha/hulak/pkg/features/graphql/gqlFiles.go:44.2,44.16 1 0
github.com/xaaha/hulak/pkg/features/graphql/gqlFiles.go:50.52,52.16 2 1
github.com/xaaha/hulak/pkg/features/graphql/gqlFiles.go:52.16,54.3 1 1
github.com/xaaha/hulak/pkg/features/graphql/gqlFiles.go:55.2,55.15 1 1
github.com/xaaha/hulak/pkg/features/graphql/gqlFiles.go:55.15,55.35 1 1
github.com/xaaha/hulak/pkg/features/graphql/gqlFiles.go:57.2,59.42 3 1
github.com/xaaha/hulak/pkg/features/graphql/gqlFiles.go:59.42,61.3 1 0
github.com/xaaha/hulak/pkg/features/graphql/gqlFiles.go:64.2,68.13 3 1
github.com/xaaha/hulak/pkg/features/graphql/gqlFiles.go:68.13,70.3 1 1
github.com/xaaha/hulak/pkg/features/graphql/gqlFiles.go:73.2,73.38 1 1
github.com/xaaha/hulak/pkg/features/graphql/gqlFiles.go:73.38,75.3 1 1
github.com/xaaha/hulak/pkg/features/graphql/gqlFiles.go:77.2,77.16 1 0
github.com/xaaha/hulak/pkg/features/graphql/gqlFiles.go:85.66,88.16 2 1
github.com/xaaha/hulak/pkg/features/graphql/gqlFiles.go:88.16,90.3 1 1
github.com/xaaha/hulak/pkg/features/graphql/gqlFiles.go:93.2,95.36 2 1
github.com/xaaha/hulak/pkg/features/graphql/gqlFiles.go:95.36,97.68 1 1
github.com/xaaha/hulak/pkg/features/graphql/gqlFiles.go:97.68,98.12 1 1
github.com/xaaha/hulak/pkg/features/graphql/gqlFiles.go:102.3,103.17 2 1
github.com/xaaha/hulak/pkg/features/graphql/gqlFiles.go:103.17,105.12 1 0
github.com/xaaha/hulak/pkg/features/graphql/gqlFiles.go:109.3,109.42 1 1
github.com/xaaha/hulak/pkg/features/graphql/gqlFiles.go:109.42,110.12 1 1
github.com/xaaha/hulak/pkg/features/graphql/gqlFiles.go:114.3,115.17 2 1
github.com/xaaha/hulak/pkg/features/graphql/gqlFiles.go:115.17,117.12 1 0
github.com/xaaha/hulak/pkg/features/graphql/gqlFiles.go:121.3,121.16 1 1
github.com/xaaha/hulak/pkg/features/graphql/gqlFiles.go:121.16,122.12 1 1
github.com/xaaha/hulak/pkg/features/graphql/gqlFiles.go:127.3,127.31 1 1
github.com/xaaha/hulak/pkg/features/graphql/gqlFiles.go:130.2,130.28 1 1
github.com/xaaha/hulak/pkg/features/graphql/gqlFiles.go:130.28,135.3 1 1
github.com/xaaha/hulak/pkg/features/graphql/gqlFiles.go:137.2,137.26 1 1
github.com/xaaha/hulak/pkg/features/graphql/gqlFiles.go:143.65,148.33 2 1
github.com/xaaha/hulak/pkg/features/graphql/gqlFiles.go:148.33,150.3 1 1
github.com/xaaha/hulak/pkg/features/graphql/gqlFiles.go:153.2,154.16 2 1
github.com/xaaha/hulak/pkg/features/graphql/gqlFiles.go:154.16,156.3 1 0
github.com/xaaha/hulak/pkg/features/graphql/gqlFiles.go:159.2,159.41 1 1
github.com/xaaha/hulak/pkg/features/graphql/gqlFiles.go:159.41,161.3 1 1
github.com/xaaha/hulak/pkg/features/graphql/gqlFiles.go:164.2,165.16 2 1
github.com/xaaha/hulak/pkg/features/graphql/gqlFiles.go:165.16,167.3 1 0
github.com/xaaha/hulak/pkg/features/graphql/gqlFiles.go:170.2,170.15 1 1
github.com/xaaha/hulak/pkg/features/graphql/gqlFiles.go:170.15,172.3 1 1
github.com/xaaha/hulak/pkg/features/graphql/gqlFiles.go:175.2,175.23 1 1
github.com/xaaha/hulak/pkg/features/graphql/gqlFiles.go:183.32,185.20 1 0
github.com/xaaha/hulak/pkg/features/graphql/gqlFiles.go:185.20,192.3 3 0
github.com/xaaha/hulak/pkg/features/graphql/gqlFiles.go:194.2,196.21 2 0
github.com/xaaha/hulak/pkg/features/graphql/gqlFiles.go:196.21,199.17 2 0
github.com/xaaha/hulak/pkg/features/graphql/gqlFiles.go:199.17,201.4 1 0
github.com/xaaha/hulak/pkg/features/graphql/gqlFiles.go:203.3,204.17 2 0
github.com/xaaha/hulak/pkg/features/graphql/gqlFiles.go:204.17,206.4 1 0
github.com/xaaha/hulak/pkg/features/graphql/gqlFiles.go:209.3,210.43 2 0
github.com/xaaha/hulak/pkg/features/graphql/gqlFiles.go:210.43,213.4 2 0
github.com/xaaha/hulak/pkg/features/graphql/gqlFiles.go:215.3,215.74 1 0
github.com/xaaha/hulak/pkg/features/graphql/gqlFiles.go:216.8,221.17 3 0
github.com/xaaha/hulak/pkg/features/graphql/gqlFiles.go:221.17,223.4 1 0
github.com/xaaha/hulak/pkg/features/graphql/gqlFiles.go:225.3,225.15 1 0
github.com/xaaha/hulak/pkg/features/graphql/gqlFiles.go:225.15,227.4 1 0
github.com/xaaha/hulak/pkg/features/graphql/gqlFiles.go:230.3,232.39 3 0
github.com/xaaha/hulak/pkg/userFlags/flags.go:33.13,63.2 6 0
github.com/xaaha/hulak/pkg/userFlags/flags.go:66.24,68.2 1 0
github.com/xaaha/hulak/pkg/userFlags/flags.go:71.20,73.2 1 0
github.com/xaaha/hulak/pkg/userFlags/flags.go:76.19,78.2 1 0
github.com/xaaha/hulak/pkg/userFlags/flags.go:81.19,83.2 1 0
github.com/xaaha/hulak/pkg/userFlags/flags.go:86.19,88.2 1 0
github.com/xaaha/hulak/pkg/userFlags/flags.go:91.22,93.2 1 0
github.com/xaaha/hulak/pkg/userFlags/helper.go:9.73,13.32 2 0
github.com/xaaha/hulak/pkg/userFlags/helper.go:13.32,15.3 1 0
github.com/xaaha/hulak/pkg/userFlags/helper.go:17.2,20.14 2 0
github.com/xaaha/hulak/pkg/userFlags/helper.go:20.14,22.3 1 0
github.com/xaaha/hulak/pkg/userFlags/helper.go:25.2,25.20 1 0
github.com/xaaha/hulak/pkg/userFlags/helper.go:25.20,26.74 1 0
github.com/xaaha/hulak/pkg/userFlags/helper.go:26.74,28.4 1 0
github.com/xaaha/hulak/pkg/userFlags/helper.go:28.9,30.4 1 0
github.com/xaaha/hulak/pkg/userFlags/helper.go:33.2,33.28 1 0
github.com/xaaha/hulak/pkg/userFlags/helper.go:33.28,35.3 1 0
github.com/xaaha/hulak/pkg/userFlags/helper.go:36.2,36.26 1 0
github.com/xaaha/hulak/pkg/userFlags/helper.go:40.18,93.2 4 0
github.com/xaaha/hulak/pkg/userFlags/helper.go:96.29,113.2 2 0
github.com/xaaha/hulak/pkg/userFlags/init.go:12.25,15.16 3 0
github.com/xaaha/hulak/pkg/userFlags/init.go:15.16,17.3 1 0
github.com/xaaha/hulak/pkg/userFlags/init.go:19.2,19.17 1 0
github.com/xaaha/hulak/pkg/userFlags/init.go:19.17,21.20 2 0
github.com/xaaha/hulak/pkg/userFlags/init.go:21.20,22.29 1 0
github.com/xaaha/hulak/pkg/userFlags/init.go:22.29,23.61 1 0
github.com/xaaha/hulak/pkg/userFlags/init.go:23.61,25.6 1 0
github.com/xaaha/hulak/pkg/userFlags/init.go:27.9,29.4 1 0
github.com/xaaha/hulak/pkg/userFlags/init.go:30.8,31.58 1 0
github.com/xaaha/hulak/pkg/userFlags/init.go:31.58,33.4 1 0
github.com/xaaha/hulak/pkg/userFlags/init.go:35.3,36.17 2 0
github.com/xaaha/hulak/pkg/userFlags/init.go:36.17,38.4 1 0
github.com/xaaha/hulak/pkg/userFlags/init.go:40.3,41.17 2 0
github.com/xaaha/hulak/pkg/userFlags/init.go:41.17,43.4 1 0
github.com/xaaha/hulak/pkg/userFlags/init.go:45.3,45.68 1 0
github.com/xaaha/hulak/pkg/userFlags/init.go:45.68,47.4 1 0
github.com/xaaha/hulak/pkg/userFlags/init.go:49.3,50.46 2 0
github.com/xaaha/hulak/pkg/userFlags/init.go:52.2,52.12 1 0
github.com/xaaha/hulak/pkg/userFlags/subcommands.go:37.13,47.2 4 0
github.com/xaaha/hulak/pkg/userFlags/subcommands.go:50.32,51.20 1 0
github.com/xaaha/hulak/pkg/userFlags/subcommands.go:52.15,54.13 2 0
github.com/xaaha/hulak/pkg/userFlags/subcommands.go:55.15,57.17 2 0
github.com/xaaha/hulak/pkg/userFlags/subcommands.go:57.17,59.4 1 0
github.com/xaaha/hulak/pkg/userFlags/subcommands.go:60.3,62.17 3 0
github.com/xaaha/hulak/pkg/userFlags/subcommands.go:62.17,64.4 1 0
github.com/xaaha/hulak/pkg/userFlags/subcommands.go:65.3,65.13 1 0
github.com/xaaha/hulak/pkg/userFlags/subcommands.go:67.12,68.38 1 0
github.com/xaaha/hulak/pkg/userFlags/subcommands.go:68.38,70.4 1 0
github.com/xaaha/hulak/pkg/userFlags/subcommands.go:71.3,71.13 1 0
github.com/xaaha/hulak/pkg/userFlags/subcommands.go:73.12,75.13 2 0
github.com/xaaha/hulak/pkg/userFlags/subcommands.go:77.15,79.17 2 0
github.com/xaaha/hulak/pkg/userFlags/subcommands.go:79.17,81.4 1 0
github.com/xaaha/hulak/pkg/userFlags/subcommands.go:82.3,84.13 3 0
github.com/xaaha/hulak/pkg/userFlags/subcommands.go:86.10,89.13 3 0
github.com/xaaha/hulak/pkg/userFlags/subcommands.go:91.2,91.12 1 0
github.com/xaaha/hulak/pkg/userFlags/userflags.go:22.45,23.22 1 0
github.com/xaaha/hulak/pkg/userFlags/userflags.go:23.22,29.3 3 0
github.com/xaaha/hulak/pkg/userFlags/userflags.go:33.2,33.15 1 0
github.com/xaaha/hulak/pkg/userFlags/userflags.go:33.15,35.3 1 0
github.com/xaaha/hulak/pkg/userFlags/userflags.go:35.8,37.17 2 0
github.com/xaaha/hulak/pkg/userFlags/userflags.go:37.17,39.4 1 0
github.com/xaaha/hulak/pkg/userFlags/userflags.go:42.2,49.8 1 0
github.com/xaaha/hulak/pkg/userFlags/userflags.go:53.21,55.2 1 0
github.com/xaaha/hulak/pkg/userFlags/version.go:11.19,13.2 1 0
github.com/xaaha/hulak/init.go:23.51,24.57 1 0
github.com/xaaha/hulak/init.go:24.57,26.3 1 0
github.com/xaaha/hulak/init.go:27.2,28.16 2 0
github.com/xaaha/hulak/init.go:28.16,29.13 1 0
github.com/xaaha/hulak/init.go:31.2,31.15 1 0
github.com/xaaha/hulak/init.go:35.88,41.14 4 0
github.com/xaaha/hulak/init.go:41.14,44.3 1 0
github.com/xaaha/hulak/init.go:46.2,50.36 3 0
github.com/xaaha/hulak/init.go:50.36,52.3 1 0
github.com/xaaha/hulak/init.go:53.2,56.28 2 0
github.com/xaaha/hulak/init.go:56.28,58.18 2 0
github.com/xaaha/hulak/init.go:58.18,61.31 2 0
github.com/xaaha/hulak/init.go:61.31,66.67 3 0
github.com/xaaha/hulak/init.go:66.67,67.21 1 0
github.com/xaaha/hulak/init.go:67.21,73.7 3 0
github.com/xaaha/hulak/init.go:76.6,83.16 4 0
github.com/xaaha/hulak/init.go:83.16,85.21 2 0
github.com/xaaha/hulak/init.go:85.21,87.8 1 0
github.com/xaaha/hulak/init.go:87.13,89.8 1 0
github.com/xaaha/hulak/init.go:93.6,93.13 1 0
github.com/xaaha/hulak/init.go:94.22,96.74 2 0
github.com/xaaha/hulak/init.go:97.28,99.77 2 0
github.com/xaaha/hulak/init.go:100.24,103.46 2 0
github.com/xaaha/hulak/init.go:106.6,106.14 1 0
github.com/xaaha/hulak/init.go:109.5,109.17 1 0
github.com/xaaha/hulak/init.go:109.17,112.6 1 0
github.com/xaaha/hulak/init.go:117.2,117.11 1 0
github.com/xaaha/hulak/init.go:121.40,130.2 2 0
github.com/xaaha/hulak/init.go:133.76,136.16 2 0
github.com/xaaha/hulak/init.go:136.16,138.3 1 0
github.com/xaaha/hulak/init.go:141.2,141.9 1 0
github.com/xaaha/hulak/init.go:142.23,143.66 1 0
github.com/xaaha/hulak/init.go:144.46,145.65 1 0
github.com/xaaha/hulak/init.go:146.10,147.58 1 0
github.com/xaaha/hulak/init.go:167.3,172.27 3 0
github.com/xaaha/hulak/init.go:172.27,174.3 1 0
github.com/xaaha/hulak/init.go:177.2,177.31 1 0
github.com/xaaha/hulak/init.go:177.31,180.17 2 0
github.com/xaaha/hulak/init.go:180.17,182.4 1 0
github.com/xaaha/hulak/init.go:182.9,184.36 1 0
github.com/xaaha/hulak/init.go:184.36,186.5 1 0
github.com/xaaha/hulak/init.go:189.4,189.36 1 0
github.com/xaaha/hulak/init.go:189.36,191.5 1 0
github.com/xaaha/hulak/init.go:196.2,196.23 1 0
github.com/xaaha/hulak/init.go:196.23,197.32 1 0
github.com/xaaha/hulak/init.go:197.32,199.4 1 0
github.com/xaaha/hulak/init.go:200.3,200.44 1 0
github.com/xaaha/hulak/init.go:204.2,204.30 1 0
github.com/xaaha/hulak/init.go:204.30,207.3 2 0
github.com/xaaha/hulak/init.go:209.2,210.20 2 0
github.com/xaaha/hulak/init.go:210.20,214.3 1 0
github.com/xaaha/hulak/init.go:218.90,219.33 1 0
github.com/xaaha/hulak/init.go:219.33,226.17 4 0
github.com/xaaha/hulak/init.go:226.17,228.4 1 0
github.com/xaaha/hulak/main.go:11.13,14.16 2 0
github.com/xaaha/hulak/main.go:14.16,16.3 1 0
github.com/xaaha/hulak/main.go:19.2,35.18 11 0
github.com/xaaha/hulak/main.go:35.18,37.17 2 0
github.com/xaaha/hulak/main.go:37.17,39.20 1 0
github.com/xaaha/hulak/main.go:39.20,41.5 1 0
github.com/xaaha/hulak/main.go:41.10,44.5 1 0
github.com/xaaha/hulak/main.go:48.2,48.33 1 0
github.com/xaaha/hulak/main.go:48.33,50.3 1 0
github.com/xaaha/hulak/main.go:50.8,53.3 1 0
github.com/xaaha/hulak/pkg/features/auth20.go:28.32,32.22 3 0
github.com/xaaha/hulak/pkg/features/auth20.go:33.17,35.33 2 0
github.com/xaaha/hulak/pkg/features/auth20.go:36.16,38.23 2 0
github.com/xaaha/hulak/pkg/features/auth20.go:39.10,41.14 1 0
github.com/xaaha/hulak/pkg/features/auth20.go:41.14,45.4 2 0
github.com/xaaha/hulak/pkg/features/auth20.go:45.9,49.4 2 0
github.com/xaaha/hulak/pkg/features/auth20.go:51.2,51.19 1 0
github.com/xaaha/hulak/pkg/features/auth20.go:51.19,54.3 1 0
github.com/xaaha/hulak/pkg/features/auth20.go:55.2,55.43 1 0
github.com/xaaha/hulak/pkg/features/auth20.go:62.55,64.16 2 0
github.com/xaaha/hulak/pkg/features/auth20.go:64.16,70.3 4 0
github.com/xaaha/hulak/pkg/features/auth20.go:70.8,72.3 1 0
github.com/xaaha/hulak/pkg/features/auth20.go:75.15,79.16 3 0
github.com/xaaha/hulak/pkg/features/auth20.go:79.16,81.3 1 0
github.com/xaaha/hulak/pkg/features/auth20.go:86.88,91.16 3 0
github.com/xaaha/hulak/pkg/features/auth20.go:91.16,93.3 1 0
github.com/xaaha/hulak/pkg/features/auth20.go:97.2,105.40 7 0
github.com/xaaha/hulak/pkg/features/auth20.go:105.40,107.3 1 0
github.com/xaaha/hulak/pkg/features/auth20.go:109.2,109.9 1 0
github.com/xaaha/hulak/pkg/features/auth20.go:110.26,111.19 1 0
github.com/xaaha/hulak/pkg/features/auth20.go:112.29,113.62 1 0
github.com/xaaha/hulak/pkg/features/auth20.go:119.91,121.16 2 0
github.com/xaaha/hulak/pkg/features/auth20.go:121.16,123.3 1 0
github.com/xaaha/hulak/pkg/features/auth20.go:125.2,126.16 2 0
github.com/xaaha/hulak/pkg/features/auth20.go:126.16,128.3 1 0
github.com/xaaha/hulak/pkg/features/auth20.go:130.2,131.16 2 0
github.com/xaaha/hulak/pkg/features/auth20.go:131.16,133.3 1 0
github.com/xaaha/hulak/pkg/features/auth20.go:134.2,135.16 2 0
github.com/xaaha/hulak/pkg/features/auth20.go:135.16,137.3 1 0
github.com/xaaha/hulak/pkg/features/auth20.go:138.2,139.12 2 0
github.com/xaaha/hulak/pkg/features/auth20.go:143.19,145.16 2 0
github.com/xaaha/hulak/pkg/features/auth20.go:145.16,147.3 1 0
github.com/xaaha/hulak/pkg/features/auth20.go:148.2,148.76 1 0
