mode: set
github.com/xaaha/hulak/pkg/actions/actions.go:33.43,39.52 3 0
github.com/xaaha/hulak/pkg/actions/actions.go:39.52,42.3 2 0
github.com/xaaha/hulak/pkg/actions/actions.go:43.2,50.52 4 0
github.com/xaaha/hulak/pkg/actions/actions.go:50.52,52.3 1 0
github.com/xaaha/hulak/pkg/actions/actions.go:55.2,63.15 3 0
github.com/xaaha/hulak/pkg/actions/actions.go:67.47,69.20 1 0
github.com/xaaha/hulak/pkg/actions/actions.go:69.20,71.3 1 0
github.com/xaaha/hulak/pkg/actions/actions.go:73.2,77.16 3 0
github.com/xaaha/hulak/pkg/actions/actions.go:77.16,79.3 1 0
github.com/xaaha/hulak/pkg/actions/actions.go:82.2,83.16 2 0
github.com/xaaha/hulak/pkg/actions/actions.go:83.16,85.3 1 0
github.com/xaaha/hulak/pkg/actions/actions.go:88.2,89.16 2 0
github.com/xaaha/hulak/pkg/actions/actions.go:89.16,90.25 1 0
github.com/xaaha/hulak/pkg/actions/actions.go:90.25,94.18 3 0
github.com/xaaha/hulak/pkg/actions/actions.go:94.18,95.27 1 0
github.com/xaaha/hulak/pkg/actions/actions.go:95.27,97.6 1 0
github.com/xaaha/hulak/pkg/actions/actions.go:98.5,98.72 1 0
github.com/xaaha/hulak/pkg/actions/actions.go:100.4,100.21 1 0
github.com/xaaha/hulak/pkg/actions/actions.go:101.9,103.4 1 0
github.com/xaaha/hulak/pkg/actions/actions.go:107.2,107.45 1 0
github.com/xaaha/hulak/pkg/actions/actions.go:107.45,114.3 1 0
github.com/xaaha/hulak/pkg/actions/actions.go:117.2,117.22 1 0
github.com/xaaha/hulak/pkg/actions/actions.go:117.22,119.3 1 0
github.com/xaaha/hulak/pkg/actions/actions.go:122.2,123.16 2 0
github.com/xaaha/hulak/pkg/actions/actions.go:123.16,125.3 1 0
github.com/xaaha/hulak/pkg/actions/actions.go:128.2,128.29 1 0
github.com/xaaha/hulak/pkg/actions/actions.go:131.48,134.2 2 1
github.com/xaaha/hulak/pkg/actions/actions.go:140.47,142.33 1 1
github.com/xaaha/hulak/pkg/actions/actions.go:142.33,143.16 1 1
github.com/xaaha/hulak/pkg/actions/actions.go:143.16,145.4 1 1
github.com/xaaha/hulak/pkg/actions/actions.go:145.9,147.4 1 1
github.com/xaaha/hulak/pkg/actions/actions.go:148.3,148.12 1 1
github.com/xaaha/hulak/pkg/actions/actions.go:151.2,152.16 2 1
github.com/xaaha/hulak/pkg/actions/actions.go:152.16,155.3 2 0
github.com/xaaha/hulak/pkg/actions/actions.go:157.2,158.16 2 1
github.com/xaaha/hulak/pkg/actions/actions.go:158.16,161.3 2 1
github.com/xaaha/hulak/pkg/actions/actions.go:163.2,164.16 2 1
github.com/xaaha/hulak/pkg/actions/actions.go:164.16,176.3 2 1
github.com/xaaha/hulak/pkg/actions/actions.go:178.2,178.15 1 1
github.com/xaaha/hulak/pkg/actions/actions.go:182.59,189.12 3 1
github.com/xaaha/hulak/pkg/actions/actions.go:189.12,192.17 2 1
github.com/xaaha/hulak/pkg/actions/actions.go:192.17,197.4 1 0
github.com/xaaha/hulak/pkg/actions/actions.go:200.3,200.51 1 1
github.com/xaaha/hulak/pkg/actions/actions.go:200.51,202.4 1 1
github.com/xaaha/hulak/pkg/actions/actions.go:205.3,207.74 3 0
github.com/xaaha/hulak/pkg/actions/actions.go:211.2,212.16 2 0
github.com/xaaha/hulak/pkg/actions/actions.go:212.16,217.3 1 0
github.com/xaaha/hulak/pkg/actions/actions.go:219.2,219.28 1 0
github.com/xaaha/hulak/pkg/actions/actions.go:219.28,221.3 1 0
github.com/xaaha/hulak/pkg/actions/actions.go:224.2,224.27 1 0
github.com/xaaha/hulak/pkg/actions/actions.go:224.27,226.3 1 0
github.com/xaaha/hulak/pkg/actions/actions.go:228.2,229.50 2 0
github.com/xaaha/hulak/pkg/actions/actions.go:229.50,231.3 1 0
github.com/xaaha/hulak/pkg/actions/actions.go:233.2,235.50 3 0
github.com/xaaha/hulak/pkg/actions/actions.go:239.49,246.53 4 1
github.com/xaaha/hulak/pkg/actions/actions.go:246.53,248.3 1 1
github.com/xaaha/hulak/pkg/actions/actions.go:251.2,252.16 2 1
github.com/xaaha/hulak/pkg/actions/actions.go:252.16,258.3 1 0
github.com/xaaha/hulak/pkg/actions/actions.go:261.2,263.16 3 1
github.com/xaaha/hulak/pkg/actions/actions.go:263.16,269.3 1 1
github.com/xaaha/hulak/pkg/actions/actions.go:271.2,271.21 1 1
github.com/xaaha/hulak/pkg/actions/actions.go:275.62,279.40 3 1
github.com/xaaha/hulak/pkg/actions/actions.go:280.13,282.64 1 1
github.com/xaaha/hulak/pkg/actions/actions.go:282.64,287.4 1 1
github.com/xaaha/hulak/pkg/actions/actions.go:287.9,289.4 1 1
github.com/xaaha/hulak/pkg/actions/actions.go:291.22,293.53 1 1
github.com/xaaha/hulak/pkg/actions/actions.go:295.10,296.58 1 0
github.com/xaaha/hulak/pkg/actions/actions.go:299.2,299.16 1 1
github.com/xaaha/hulak/pkg/actions/actions.go:299.16,301.3 1 1
github.com/xaaha/hulak/pkg/actions/actions.go:304.2,304.47 1 1
github.com/xaaha/hulak/pkg/actions/actions.go:308.43,309.27 1 1
github.com/xaaha/hulak/pkg/actions/actions.go:310.15,312.37 1 1
github.com/xaaha/hulak/pkg/actions/actions.go:312.37,314.70 1 1
github.com/xaaha/hulak/pkg/actions/actions.go:314.70,316.5 1 1
github.com/xaaha/hulak/pkg/actions/actions.go:318.4,318.23 1 0
github.com/xaaha/hulak/pkg/actions/actions.go:320.13,321.30 1 0
github.com/xaaha/hulak/pkg/actions/actions.go:321.30,323.4 1 0
github.com/xaaha/hulak/pkg/actions/actions.go:324.22,325.30 1 0
github.com/xaaha/hulak/pkg/actions/actions.go:325.30,327.4 1 0
github.com/xaaha/hulak/pkg/actions/actions.go:329.2,329.10 1 1
github.com/xaaha/hulak/pkg/apiCalls/apicalls.go:26.83,28.2 1 1
github.com/xaaha/hulak/pkg/apiCalls/apicalls.go:36.27,37.28 1 1
github.com/xaaha/hulak/pkg/apiCalls/apicalls.go:37.28,39.3 1 1
github.com/xaaha/hulak/pkg/apiCalls/apicalls.go:40.2,46.23 6 1
github.com/xaaha/hulak/pkg/apiCalls/apicalls.go:46.23,48.17 2 1
github.com/xaaha/hulak/pkg/apiCalls/apicalls.go:48.17,50.4 1 0
github.com/xaaha/hulak/pkg/apiCalls/apicalls.go:51.8,53.3 1 1
github.com/xaaha/hulak/pkg/apiCalls/apicalls.go:55.2,63.16 7 1
github.com/xaaha/hulak/pkg/apiCalls/apicalls.go:63.16,65.3 1 0
github.com/xaaha/hulak/pkg/apiCalls/apicalls.go:67.2,67.22 1 1
github.com/xaaha/hulak/pkg/apiCalls/apicalls.go:67.22,68.33 1 1
github.com/xaaha/hulak/pkg/apiCalls/apicalls.go:68.33,70.4 1 1
github.com/xaaha/hulak/pkg/apiCalls/apicalls.go:73.2,76.16 3 1
github.com/xaaha/hulak/pkg/apiCalls/apicalls.go:76.16,78.3 1 1
github.com/xaaha/hulak/pkg/apiCalls/apicalls.go:79.2,83.78 3 1
github.com/xaaha/hulak/pkg/apiCalls/apicalls.go:88.86,93.16 2 0
github.com/xaaha/hulak/pkg/apiCalls/apicalls.go:93.16,95.3 1 0
github.com/xaaha/hulak/pkg/apiCalls/apicalls.go:97.2,98.16 2 0
github.com/xaaha/hulak/pkg/apiCalls/apicalls.go:98.16,100.3 1 0
github.com/xaaha/hulak/pkg/apiCalls/apicalls.go:102.2,103.16 2 0
github.com/xaaha/hulak/pkg/apiCalls/apicalls.go:103.16,105.3 1 0
github.com/xaaha/hulak/pkg/apiCalls/apicalls.go:107.2,108.12 2 0
github.com/xaaha/hulak/pkg/apiCalls/apicalls.go:112.62,116.16 3 0
github.com/xaaha/hulak/pkg/apiCalls/apicalls.go:116.16,119.17 3 0
github.com/xaaha/hulak/pkg/apiCalls/apicalls.go:119.17,121.4 1 0
github.com/xaaha/hulak/pkg/apiCalls/apicalls.go:122.8,126.3 3 0
github.com/xaaha/hulak/pkg/apiCalls/apicalls.go:128.2,128.55 1 0
github.com/xaaha/hulak/pkg/apiCalls/apicalls.go:128.55,130.3 1 0
github.com/xaaha/hulak/pkg/apiCalls/prepare.go:19.69,21.16 2 1
github.com/xaaha/hulak/pkg/apiCalls/prepare.go:21.16,24.3 1 0
github.com/xaaha/hulak/pkg/apiCalls/prepare.go:26.2,26.22 1 1
github.com/xaaha/hulak/pkg/apiCalls/prepare.go:26.22,28.35 2 1
github.com/xaaha/hulak/pkg/apiCalls/prepare.go:28.35,30.4 1 1
github.com/xaaha/hulak/pkg/apiCalls/prepare.go:31.3,31.36 1 1
github.com/xaaha/hulak/pkg/apiCalls/prepare.go:33.2,33.19 1 1
github.com/xaaha/hulak/pkg/apiCalls/prepare.go:43.18,46.16 3 1
github.com/xaaha/hulak/pkg/apiCalls/prepare.go:46.16,48.3 1 0
github.com/xaaha/hulak/pkg/apiCalls/prepare.go:51.2,57.64 3 1
github.com/xaaha/hulak/pkg/apiCalls/prepare.go:57.64,59.3 1 1
github.com/xaaha/hulak/pkg/apiCalls/prepare.go:61.2,61.12 1 1
github.com/xaaha/hulak/pkg/apiCalls/prepare.go:61.12,70.3 1 1
github.com/xaaha/hulak/pkg/apiCalls/prepare.go:73.2,74.40 2 1
github.com/xaaha/hulak/pkg/apiCalls/prepare.go:74.40,76.3 1 1
github.com/xaaha/hulak/pkg/apiCalls/prepare.go:79.2,80.39 2 1
github.com/xaaha/hulak/pkg/apiCalls/prepare.go:80.39,82.3 1 1
github.com/xaaha/hulak/pkg/apiCalls/prepare.go:85.2,86.21 2 1
github.com/xaaha/hulak/pkg/apiCalls/prepare.go:86.21,89.50 3 0
github.com/xaaha/hulak/pkg/apiCalls/prepare.go:89.50,92.4 2 0
github.com/xaaha/hulak/pkg/apiCalls/prepare.go:94.3,102.4 1 0
github.com/xaaha/hulak/pkg/apiCalls/prepare.go:103.8,107.3 1 1
github.com/xaaha/hulak/pkg/apiCalls/prepare.go:108.2,123.3 1 1
github.com/xaaha/hulak/pkg/apiCalls/prepare.go:136.57,138.19 2 0
github.com/xaaha/hulak/pkg/apiCalls/prepare.go:138.19,141.3 1 0
github.com/xaaha/hulak/pkg/apiCalls/prepare.go:143.2,144.16 2 0
github.com/xaaha/hulak/pkg/apiCalls/prepare.go:144.16,146.3 1 0
github.com/xaaha/hulak/pkg/apiCalls/prepare.go:148.2,149.16 2 0
github.com/xaaha/hulak/pkg/apiCalls/prepare.go:149.16,151.3 1 0
github.com/xaaha/hulak/pkg/apiCalls/prepare.go:155.2,156.29 2 0
github.com/xaaha/hulak/pkg/apiCalls/prepare.go:156.29,158.38 2 0
github.com/xaaha/hulak/pkg/apiCalls/prepare.go:158.38,159.53 1 0
github.com/xaaha/hulak/pkg/apiCalls/prepare.go:159.53,161.10 2 0
github.com/xaaha/hulak/pkg/apiCalls/prepare.go:164.3,164.18 1 0
github.com/xaaha/hulak/pkg/apiCalls/prepare.go:164.18,166.4 1 0
github.com/xaaha/hulak/pkg/apiCalls/prepare.go:169.2,169.20 1 0
github.com/xaaha/hulak/pkg/apiCalls/prepare.go:173.56,178.16 3 0
github.com/xaaha/hulak/pkg/apiCalls/prepare.go:178.16,180.3 1 0
github.com/xaaha/hulak/pkg/apiCalls/prepare.go:181.2,185.16 3 0
github.com/xaaha/hulak/pkg/apiCalls/prepare.go:185.16,187.3 1 0
github.com/xaaha/hulak/pkg/apiCalls/prepare.go:188.2,190.20 2 0
github.com/xaaha/hulak/pkg/apiCalls/writeResponse.go:15.30,18.2 2 1
github.com/xaaha/hulak/pkg/apiCalls/writeResponse.go:20.29,23.2 2 1
github.com/xaaha/hulak/pkg/apiCalls/writeResponse.go:25.30,28.2 2 1
github.com/xaaha/hulak/pkg/apiCalls/writeResponse.go:31.54,35.78 4 1
github.com/xaaha/hulak/pkg/apiCalls/writeResponse.go:35.78,38.3 2 0
github.com/xaaha/hulak/pkg/apiCalls/writeResponse.go:42.50,43.33 1 1
github.com/xaaha/hulak/pkg/apiCalls/writeResponse.go:43.33,45.3 1 1
github.com/xaaha/hulak/pkg/apiCalls/writeResponse.go:47.2,47.9 1 1
github.com/xaaha/hulak/pkg/apiCalls/writeResponse.go:48.23,49.36 1 1
github.com/xaaha/hulak/pkg/apiCalls/writeResponse.go:50.22,51.35 1 1
github.com/xaaha/hulak/pkg/apiCalls/writeResponse.go:52.23,53.36 1 0
github.com/xaaha/hulak/pkg/apiCalls/writeResponse.go:54.10,55.35 1 1
github.com/xaaha/hulak/pkg/apiCalls/writeResponse.go:57.2,57.12 1 1
github.com/xaaha/hulak/pkg/envparser/createFilesFolder.go:14.60,19.16 4 1
github.com/xaaha/hulak/pkg/envparser/createFilesFolder.go:19.16,22.3 2 0
github.com/xaaha/hulak/pkg/envparser/createFilesFolder.go:24.2,25.51 2 1
github.com/xaaha/hulak/pkg/envparser/createFilesFolder.go:25.51,27.3 1 0
github.com/xaaha/hulak/pkg/envparser/createFilesFolder.go:28.2,29.24 2 1
github.com/xaaha/hulak/pkg/envparser/createFilesFolder.go:29.24,30.54 1 1
github.com/xaaha/hulak/pkg/envparser/createFilesFolder.go:30.54,32.4 1 0
github.com/xaaha/hulak/pkg/envparser/createFilesFolder.go:34.2,34.25 1 1
github.com/xaaha/hulak/pkg/envparser/createFilesFolder.go:39.47,42.20 2 1
github.com/xaaha/hulak/pkg/envparser/createFilesFolder.go:42.20,45.3 2 1
github.com/xaaha/hulak/pkg/envparser/createFilesFolder.go:46.2,47.12 2 1
github.com/xaaha/hulak/pkg/envparser/envparser.go:22.55,25.35 2 0
github.com/xaaha/hulak/pkg/envparser/envparser.go:25.35,27.17 2 0
github.com/xaaha/hulak/pkg/envparser/envparser.go:27.17,32.4 1 0
github.com/xaaha/hulak/pkg/envparser/envparser.go:35.2,36.16 2 0
github.com/xaaha/hulak/pkg/envparser/envparser.go:36.16,38.3 1 0
github.com/xaaha/hulak/pkg/envparser/envparser.go:39.2,40.40 2 0
github.com/xaaha/hulak/pkg/envparser/envparser.go:40.40,44.3 3 0
github.com/xaaha/hulak/pkg/envparser/envparser.go:47.2,47.49 1 0
github.com/xaaha/hulak/pkg/envparser/envparser.go:47.49,53.17 5 0
github.com/xaaha/hulak/pkg/envparser/envparser.go:53.17,55.4 1 0
github.com/xaaha/hulak/pkg/envparser/envparser.go:56.3,56.81 1 0
github.com/xaaha/hulak/pkg/envparser/envparser.go:56.81,58.18 2 0
github.com/xaaha/hulak/pkg/envparser/envparser.go:58.18,63.5 1 0
github.com/xaaha/hulak/pkg/envparser/envparser.go:64.9,68.4 3 0
github.com/xaaha/hulak/pkg/envparser/envparser.go:71.2,73.16 3 0
github.com/xaaha/hulak/pkg/envparser/envparser.go:73.16,75.3 1 0
github.com/xaaha/hulak/pkg/envparser/envparser.go:76.2,76.33 1 0
github.com/xaaha/hulak/pkg/envparser/envparser.go:81.44,82.19 1 1
github.com/xaaha/hulak/pkg/envparser/envparser.go:82.19,83.69 1 1
github.com/xaaha/hulak/pkg/envparser/envparser.go:83.69,85.4 1 1
github.com/xaaha/hulak/pkg/envparser/envparser.go:87.2,87.19 1 1
github.com/xaaha/hulak/pkg/envparser/envparser.go:93.43,96.62 2 1
github.com/xaaha/hulak/pkg/envparser/envparser.go:96.62,97.52 1 1
github.com/xaaha/hulak/pkg/envparser/envparser.go:97.52,99.4 1 1
github.com/xaaha/hulak/pkg/envparser/envparser.go:100.3,100.12 1 1
github.com/xaaha/hulak/pkg/envparser/envparser.go:102.2,102.12 1 1
github.com/xaaha/hulak/pkg/envparser/envparser.go:106.59,109.16 3 1
github.com/xaaha/hulak/pkg/envparser/envparser.go:109.16,111.3 1 0
github.com/xaaha/hulak/pkg/envparser/envparser.go:112.2,115.21 3 1
github.com/xaaha/hulak/pkg/envparser/envparser.go:115.21,118.53 2 1
github.com/xaaha/hulak/pkg/envparser/envparser.go:118.53,119.12 1 1
github.com/xaaha/hulak/pkg/envparser/envparser.go:122.3,126.37 3 1
github.com/xaaha/hulak/pkg/envparser/envparser.go:126.37,128.4 1 1
github.com/xaaha/hulak/pkg/envparser/envparser.go:131.3,132.22 2 1
github.com/xaaha/hulak/pkg/envparser/envparser.go:132.22,134.12 1 0
github.com/xaaha/hulak/pkg/envparser/envparser.go:136.3,143.61 5 1
github.com/xaaha/hulak/pkg/envparser/envparser.go:146.2,146.38 1 1
github.com/xaaha/hulak/pkg/envparser/envparser.go:146.38,148.3 1 0
github.com/xaaha/hulak/pkg/envparser/envparser.go:150.2,150.38 1 1
github.com/xaaha/hulak/pkg/envparser/envparser.go:154.49,155.17 1 1
github.com/xaaha/hulak/pkg/envparser/envparser.go:155.17,156.53 1 1
github.com/xaaha/hulak/pkg/envparser/envparser.go:156.53,158.4 1 0
github.com/xaaha/hulak/pkg/envparser/envparser.go:159.3,159.65 1 1
github.com/xaaha/hulak/pkg/envparser/envparser.go:159.65,161.4 1 0
github.com/xaaha/hulak/pkg/envparser/envparser.go:162.3,162.59 1 1
github.com/xaaha/hulak/pkg/envparser/envparser.go:162.59,164.4 1 0
github.com/xaaha/hulak/pkg/envparser/envparser.go:166.2,166.12 1 1
github.com/xaaha/hulak/pkg/envparser/envparser.go:175.69,177.16 2 0
github.com/xaaha/hulak/pkg/envparser/envparser.go:177.16,179.3 1 0
github.com/xaaha/hulak/pkg/envparser/envparser.go:182.2,183.9 2 0
github.com/xaaha/hulak/pkg/envparser/envparser.go:183.9,185.3 1 0
github.com/xaaha/hulak/pkg/envparser/envparser.go:187.2,187.29 1 0
github.com/xaaha/hulak/pkg/envparser/envparser.go:187.29,189.3 1 0
github.com/xaaha/hulak/pkg/envparser/envparser.go:192.2,193.16 2 0
github.com/xaaha/hulak/pkg/envparser/envparser.go:193.16,195.3 1 0
github.com/xaaha/hulak/pkg/envparser/envparser.go:198.2,202.103 3 0
github.com/xaaha/hulak/pkg/envparser/envparser.go:202.103,204.17 2 0
github.com/xaaha/hulak/pkg/envparser/envparser.go:204.17,206.4 1 0
github.com/xaaha/hulak/pkg/envparser/envparser.go:209.2,209.23 1 0
github.com/xaaha/hulak/pkg/envparser/envparser.go:213.59,215.16 2 0
github.com/xaaha/hulak/pkg/envparser/envparser.go:215.16,217.3 1 0
github.com/xaaha/hulak/pkg/envparser/envparser.go:219.2,220.16 2 0
github.com/xaaha/hulak/pkg/envparser/envparser.go:220.16,222.3 1 0
github.com/xaaha/hulak/pkg/envparser/envparser.go:224.2,224.21 1 0
github.com/xaaha/hulak/pkg/envparser/envparser.go:231.27,233.16 2 0
github.com/xaaha/hulak/pkg/envparser/envparser.go:233.16,235.3 1 0
github.com/xaaha/hulak/pkg/envparser/envparser.go:237.2,239.21 2 0
github.com/xaaha/hulak/pkg/envparser/envparser.go:248.61,250.47 1 0
github.com/xaaha/hulak/pkg/envparser/envparser.go:250.47,252.3 1 0
github.com/xaaha/hulak/pkg/envparser/envparser.go:255.2,256.16 2 0
github.com/xaaha/hulak/pkg/envparser/envparser.go:256.16,258.3 1 0
github.com/xaaha/hulak/pkg/envparser/envparser.go:261.2,264.71 2 0
github.com/xaaha/hulak/pkg/envparser/envparser.go:264.71,267.17 3 0
github.com/xaaha/hulak/pkg/envparser/envparser.go:267.17,269.4 1 0
github.com/xaaha/hulak/pkg/envparser/envparser.go:272.2,272.23 1 0
github.com/xaaha/hulak/pkg/envparser/replaceVars.go:17.42,18.16 1 1
github.com/xaaha/hulak/pkg/envparser/replaceVars.go:18.16,20.3 1 1
github.com/xaaha/hulak/pkg/envparser/replaceVars.go:21.2,26.58 2 1
github.com/xaaha/hulak/pkg/envparser/replaceVars.go:26.58,28.18 2 1
github.com/xaaha/hulak/pkg/envparser/replaceVars.go:28.18,31.17 3 1
github.com/xaaha/hulak/pkg/envparser/replaceVars.go:31.17,33.5 1 1
github.com/xaaha/hulak/pkg/envparser/replaceVars.go:36.2,36.11 1 1
github.com/xaaha/hulak/pkg/envparser/replaceVars.go:40.50,42.15 2 1
github.com/xaaha/hulak/pkg/envparser/replaceVars.go:42.15,44.3 1 1
github.com/xaaha/hulak/pkg/envparser/replaceVars.go:46.2,52.3 1 1
github.com/xaaha/hulak/pkg/envparser/replaceVars.go:58.19,59.27 1 1
github.com/xaaha/hulak/pkg/envparser/replaceVars.go:59.27,61.3 1 1
github.com/xaaha/hulak/pkg/envparser/replaceVars.go:63.2,64.48 1 1
github.com/xaaha/hulak/pkg/envparser/replaceVars.go:64.48,66.4 1 0
github.com/xaaha/hulak/pkg/envparser/replaceVars.go:67.52,69.4 1 0
github.com/xaaha/hulak/pkg/envparser/replaceVars.go:72.2,76.16 2 1
github.com/xaaha/hulak/pkg/envparser/replaceVars.go:76.16,78.3 1 0
github.com/xaaha/hulak/pkg/envparser/replaceVars.go:79.2,81.16 3 1
github.com/xaaha/hulak/pkg/envparser/replaceVars.go:81.16,83.61 1 1
github.com/xaaha/hulak/pkg/envparser/replaceVars.go:83.61,85.4 1 1
github.com/xaaha/hulak/pkg/envparser/replaceVars.go:87.3,87.51 1 0
github.com/xaaha/hulak/pkg/envparser/replaceVars.go:89.2,89.29 1 1
github.com/xaaha/hulak/pkg/envparser/replaceVars.go:96.68,98.35 2 1
github.com/xaaha/hulak/pkg/envparser/replaceVars.go:98.35,99.26 1 1
github.com/xaaha/hulak/pkg/envparser/replaceVars.go:100.15,102.18 2 1
github.com/xaaha/hulak/pkg/envparser/replaceVars.go:102.18,104.5 1 0
github.com/xaaha/hulak/pkg/envparser/replaceVars.go:105.4,105.34 1 1
github.com/xaaha/hulak/pkg/envparser/replaceVars.go:106.32,107.23 1 1
github.com/xaaha/hulak/pkg/envparser/replaceVars.go:108.11,109.73 1 0
github.com/xaaha/hulak/pkg/envparser/replaceVars.go:112.2,112.24 1 1
github.com/xaaha/hulak/pkg/envparser/replaceVars.go:122.16,124.16 2 1
github.com/xaaha/hulak/pkg/envparser/replaceVars.go:124.16,126.3 1 0
github.com/xaaha/hulak/pkg/envparser/replaceVars.go:128.2,129.16 2 1
github.com/xaaha/hulak/pkg/envparser/replaceVars.go:129.16,131.3 1 1
github.com/xaaha/hulak/pkg/envparser/replaceVars.go:133.2,133.20 1 1
github.com/xaaha/hulak/pkg/features/graphql/gqlFiles.go:33.48,35.16 2 1
github.com/xaaha/hulak/pkg/features/graphql/gqlFiles.go:35.16,37.3 1 1
github.com/xaaha/hulak/pkg/features/graphql/gqlFiles.go:38.2,38.42 1 1
github.com/xaaha/hulak/pkg/features/graphql/gqlFiles.go:44.62,45.42 1 1
github.com/xaaha/hulak/pkg/features/graphql/gqlFiles.go:45.42,46.34 1 1
github.com/xaaha/hulak/pkg/features/graphql/gqlFiles.go:46.34,48.4 1 1
github.com/xaaha/hulak/pkg/features/graphql/gqlFiles.go:49.3,49.36 1 1
github.com/xaaha/hulak/pkg/features/graphql/gqlFiles.go:49.36,51.4 1 1
github.com/xaaha/hulak/pkg/features/graphql/gqlFiles.go:53.2,53.14 1 1
github.com/xaaha/hulak/pkg/features/graphql/gqlFiles.go:65.54,67.16 2 1
github.com/xaaha/hulak/pkg/features/graphql/gqlFiles.go:67.16,69.3 1 1
github.com/xaaha/hulak/pkg/features/graphql/gqlFiles.go:70.2,70.15 1 1
github.com/xaaha/hulak/pkg/features/graphql/gqlFiles.go:70.15,70.35 1 1
github.com/xaaha/hulak/pkg/features/graphql/gqlFiles.go:72.2,74.42 3 1
github.com/xaaha/hulak/pkg/features/graphql/gqlFiles.go:74.42,76.3 1 1
github.com/xaaha/hulak/pkg/features/graphql/gqlFiles.go:78.2,81.40 3 1
github.com/xaaha/hulak/pkg/features/graphql/gqlFiles.go:81.40,83.3 1 1
github.com/xaaha/hulak/pkg/features/graphql/gqlFiles.go:84.2,84.39 1 1
github.com/xaaha/hulak/pkg/features/graphql/gqlFiles.go:84.39,86.3 1 1
github.com/xaaha/hulak/pkg/features/graphql/gqlFiles.go:87.2,88.18 2 1
github.com/xaaha/hulak/pkg/features/graphql/gqlFiles.go:93.46,94.27 1 1
github.com/xaaha/hulak/pkg/features/graphql/gqlFiles.go:94.27,95.21 1 1
github.com/xaaha/hulak/pkg/features/graphql/gqlFiles.go:95.21,97.4 1 1
github.com/xaaha/hulak/pkg/features/graphql/gqlFiles.go:99.2,99.14 1 1
github.com/xaaha/hulak/pkg/features/graphql/gqlFiles.go:102.30,103.25 1 1
github.com/xaaha/hulak/pkg/features/graphql/gqlFiles.go:104.14,105.36 1 1
github.com/xaaha/hulak/pkg/features/graphql/gqlFiles.go:106.22,107.26 1 1
github.com/xaaha/hulak/pkg/features/graphql/gqlFiles.go:108.13,109.26 1 1
github.com/xaaha/hulak/pkg/features/graphql/gqlFiles.go:109.26,110.23 1 1
github.com/xaaha/hulak/pkg/features/graphql/gqlFiles.go:110.23,112.5 1 1
github.com/xaaha/hulak/pkg/features/graphql/gqlFiles.go:115.2,115.14 1 1
github.com/xaaha/hulak/pkg/features/graphql/gqlFiles.go:122.72,124.16 2 1
github.com/xaaha/hulak/pkg/features/graphql/gqlFiles.go:124.16,126.3 1 1
github.com/xaaha/hulak/pkg/features/graphql/gqlFiles.go:128.2,131.36 3 1
github.com/xaaha/hulak/pkg/features/graphql/gqlFiles.go:131.36,133.64 1 1
github.com/xaaha/hulak/pkg/features/graphql/gqlFiles.go:133.64,134.12 1 1
github.com/xaaha/hulak/pkg/features/graphql/gqlFiles.go:137.3,138.17 2 1
github.com/xaaha/hulak/pkg/features/graphql/gqlFiles.go:138.17,139.12 1 0
github.com/xaaha/hulak/pkg/features/graphql/gqlFiles.go:142.3,142.68 1 1
github.com/xaaha/hulak/pkg/features/graphql/gqlFiles.go:142.68,143.12 1 1
github.com/xaaha/hulak/pkg/features/graphql/gqlFiles.go:145.3,145.21 1 1
github.com/xaaha/hulak/pkg/features/graphql/gqlFiles.go:145.21,146.12 1 1
github.com/xaaha/hulak/pkg/features/graphql/gqlFiles.go:149.3,150.20 2 1
github.com/xaaha/hulak/pkg/features/graphql/gqlFiles.go:150.20,152.4 1 1
github.com/xaaha/hulak/pkg/features/graphql/gqlFiles.go:155.2,155.28 1 1
github.com/xaaha/hulak/pkg/features/graphql/gqlFiles.go:155.28,160.3 1 1
github.com/xaaha/hulak/pkg/features/graphql/gqlFiles.go:162.2,162.36 1 1
github.com/xaaha/hulak/pkg/features/graphql/gqlFiles.go:168.65,171.33 2 1
github.com/xaaha/hulak/pkg/features/graphql/gqlFiles.go:171.33,173.3 1 1
github.com/xaaha/hulak/pkg/features/graphql/gqlFiles.go:175.2,176.16 2 1
github.com/xaaha/hulak/pkg/features/graphql/gqlFiles.go:176.16,178.3 1 0
github.com/xaaha/hulak/pkg/features/graphql/gqlFiles.go:180.2,180.46 1 1
github.com/xaaha/hulak/pkg/features/graphql/gqlFiles.go:180.46,182.3 1 1
github.com/xaaha/hulak/pkg/features/graphql/gqlFiles.go:184.2,184.20 1 1
github.com/xaaha/hulak/pkg/features/graphql/gqlFiles.go:184.20,186.3 1 1
github.com/xaaha/hulak/pkg/features/graphql/gqlFiles.go:188.2,188.37 1 1
github.com/xaaha/hulak/pkg/features/graphql/gqlFiles.go:198.97,200.16 2 1
github.com/xaaha/hulak/pkg/features/graphql/gqlFiles.go:200.16,202.3 1 1
github.com/xaaha/hulak/pkg/features/graphql/gqlFiles.go:204.2,212.21 5 1
github.com/xaaha/hulak/pkg/features/graphql/gqlFiles.go:218.92,219.25 1 1
github.com/xaaha/hulak/pkg/features/graphql/gqlFiles.go:219.25,221.3 1 1
github.com/xaaha/hulak/pkg/features/graphql/gqlFiles.go:223.2,231.23 6 1
github.com/xaaha/hulak/pkg/features/graphql/gqlFiles.go:231.23,232.16 1 1
github.com/xaaha/hulak/pkg/features/graphql/gqlFiles.go:232.16,233.26 1 1
github.com/xaaha/hulak/pkg/features/graphql/gqlFiles.go:233.26,240.5 2 1
github.com/xaaha/hulak/pkg/features/graphql/gqlFiles.go:245.2,245.31 1 1
github.com/xaaha/hulak/pkg/features/graphql/gqlFiles.go:245.31,247.3 1 1
github.com/xaaha/hulak/pkg/features/graphql/gqlFiles.go:248.2,251.12 2 1
github.com/xaaha/hulak/pkg/features/graphql/gqlFiles.go:251.12,254.3 2 1
github.com/xaaha/hulak/pkg/features/graphql/gqlFiles.go:257.2,258.30 2 1
github.com/xaaha/hulak/pkg/features/graphql/gqlFiles.go:258.30,260.3 1 1
github.com/xaaha/hulak/pkg/features/graphql/gqlFiles.go:262.2,262.19 1 1
github.com/xaaha/hulak/pkg/features/graphql/graphql.go:18.70,22.16 3 0
github.com/xaaha/hulak/pkg/features/graphql/graphql.go:22.16,24.3 1 0
github.com/xaaha/hulak/pkg/features/graphql/graphql.go:27.2,31.16 3 0
github.com/xaaha/hulak/pkg/features/graphql/graphql.go:31.16,33.3 1 0
github.com/xaaha/hulak/pkg/features/graphql/graphql.go:36.2,36.26 1 0
github.com/xaaha/hulak/pkg/features/graphql/graphql.go:36.26,38.3 1 0
github.com/xaaha/hulak/pkg/features/graphql/graphql.go:41.2,42.40 2 0
github.com/xaaha/hulak/pkg/features/graphql/graphql.go:43.14,44.24 1 0
github.com/xaaha/hulak/pkg/features/graphql/graphql.go:45.14,46.16 1 0
github.com/xaaha/hulak/pkg/features/graphql/graphql.go:47.10,50.17 2 0
github.com/xaaha/hulak/pkg/features/graphql/graphql.go:50.17,52.4 1 0
github.com/xaaha/hulak/pkg/features/graphql/graphql.go:55.2,58.43 3 0
github.com/xaaha/hulak/pkg/features/graphql/graphql.go:58.43,65.3 1 0
github.com/xaaha/hulak/pkg/features/graphql/graphql.go:67.2,67.31 1 0
github.com/xaaha/hulak/pkg/features/graphql/graphql.go:67.31,74.3 1 0
github.com/xaaha/hulak/pkg/features/graphql/graphql.go:76.2,77.16 2 0
github.com/xaaha/hulak/pkg/features/graphql/graphql.go:77.16,79.3 1 0
github.com/xaaha/hulak/pkg/features/graphql/graphql.go:81.2,82.16 2 0
github.com/xaaha/hulak/pkg/features/graphql/graphql.go:82.16,84.3 1 0
github.com/xaaha/hulak/pkg/features/graphql/graphql.go:86.2,86.20 1 0
github.com/xaaha/hulak/pkg/features/graphql/graphql.go:89.44,90.9 1 1
github.com/xaaha/hulak/pkg/features/graphql/graphql.go:91.29,92.16 1 1
github.com/xaaha/hulak/pkg/features/graphql/graphql.go:93.28,94.15 1 1
github.com/xaaha/hulak/pkg/features/graphql/graphql.go:95.10,96.20 1 1
github.com/xaaha/hulak/pkg/features/graphql/graphql.go:100.51,101.25 1 1
github.com/xaaha/hulak/pkg/features/graphql/graphql.go:101.25,103.3 1 1
github.com/xaaha/hulak/pkg/features/graphql/graphql.go:104.2,104.44 1 1
github.com/xaaha/hulak/pkg/features/graphql/graphql.go:111.97,113.15 1 0
github.com/xaaha/hulak/pkg/features/graphql/graphql.go:113.15,115.3 1 0
github.com/xaaha/hulak/pkg/features/graphql/graphql.go:117.2,117.50 1 0
github.com/xaaha/hulak/pkg/features/graphql/graphql.go:117.50,119.3 1 0
github.com/xaaha/hulak/pkg/features/graphql/graphql.go:121.2,121.25 1 0
github.com/xaaha/hulak/pkg/features/graphql/graphql.go:127.51,131.23 2 0
github.com/xaaha/hulak/pkg/features/graphql/graphql.go:131.23,134.17 3 0
github.com/xaaha/hulak/pkg/features/graphql/graphql.go:134.17,136.4 1 0
github.com/xaaha/hulak/pkg/features/graphql/graphql.go:137.3,137.24 1 0
github.com/xaaha/hulak/pkg/features/graphql/graphql.go:137.24,139.4 1 0
github.com/xaaha/hulak/pkg/features/graphql/graphql.go:143.2,144.16 2 0
github.com/xaaha/hulak/pkg/features/graphql/graphql.go:144.16,146.3 1 0
github.com/xaaha/hulak/pkg/features/graphql/graphql.go:148.2,148.19 1 0
github.com/xaaha/hulak/pkg/features/graphql/schemaparser.go:23.81,25.60 2 1
github.com/xaaha/hulak/pkg/features/graphql/schemaparser.go:25.60,31.3 1 1
github.com/xaaha/hulak/pkg/features/graphql/schemaparser.go:34.2,34.30 1 1
github.com/xaaha/hulak/pkg/features/graphql/schemaparser.go:34.30,36.37 2 1
github.com/xaaha/hulak/pkg/features/graphql/schemaparser.go:36.37,38.4 1 1
github.com/xaaha/hulak/pkg/features/graphql/schemaparser.go:39.3,42.4 1 1
github.com/xaaha/hulak/pkg/features/graphql/schemaparser.go:45.2,45.35 1 1
github.com/xaaha/hulak/pkg/features/graphql/schemaparser.go:50.81,51.32 1 1
github.com/xaaha/hulak/pkg/features/graphql/schemaparser.go:51.32,53.3 1 1
github.com/xaaha/hulak/pkg/features/graphql/schemaparser.go:56.2,57.46 2 1
github.com/xaaha/hulak/pkg/features/graphql/schemaparser.go:57.46,58.19 1 1
github.com/xaaha/hulak/pkg/features/graphql/schemaparser.go:58.19,60.4 1 1
github.com/xaaha/hulak/pkg/features/graphql/schemaparser.go:63.2,68.46 2 1
github.com/xaaha/hulak/pkg/features/graphql/schemaparser.go:68.46,69.19 1 1
github.com/xaaha/hulak/pkg/features/graphql/schemaparser.go:69.19,70.12 1 0
github.com/xaaha/hulak/pkg/features/graphql/schemaparser.go:72.3,72.17 1 1
github.com/xaaha/hulak/pkg/features/graphql/schemaparser.go:73.34,78.5 1 0
github.com/xaaha/hulak/pkg/features/graphql/schemaparser.go:79.27,80.40 1 1
github.com/xaaha/hulak/pkg/features/graphql/schemaparser.go:80.40,86.5 1 1
github.com/xaaha/hulak/pkg/features/graphql/schemaparser.go:91.2,91.46 1 1
github.com/xaaha/hulak/pkg/features/graphql/schemaparser.go:91.46,92.71 1 1
github.com/xaaha/hulak/pkg/features/graphql/schemaparser.go:92.71,94.4 1 1
github.com/xaaha/hulak/pkg/features/graphql/schemaparser.go:98.2,98.92 1 1
github.com/xaaha/hulak/pkg/features/graphql/schemaparser.go:98.92,99.77 1 1
github.com/xaaha/hulak/pkg/features/graphql/schemaparser.go:99.77,101.4 1 1
github.com/xaaha/hulak/pkg/features/graphql/schemaparser.go:105.2,106.51 1 1
github.com/xaaha/hulak/pkg/features/graphql/schemaparser.go:106.51,107.85 1 0
github.com/xaaha/hulak/pkg/features/graphql/schemaparser.go:107.85,109.4 1 0
github.com/xaaha/hulak/pkg/features/graphql/schemaparser.go:112.2,112.20 1 1
github.com/xaaha/hulak/pkg/features/graphql/schemaparser.go:116.62,118.31 2 1
github.com/xaaha/hulak/pkg/features/graphql/schemaparser.go:118.31,120.37 2 1
github.com/xaaha/hulak/pkg/features/graphql/schemaparser.go:120.37,122.4 1 0
github.com/xaaha/hulak/pkg/features/graphql/schemaparser.go:124.3,132.38 2 1
github.com/xaaha/hulak/pkg/features/graphql/schemaparser.go:134.2,134.19 1 1
github.com/xaaha/hulak/pkg/features/graphql/schemaparser.go:138.67,140.27 2 1
github.com/xaaha/hulak/pkg/features/graphql/schemaparser.go:140.27,142.30 2 1
github.com/xaaha/hulak/pkg/features/graphql/schemaparser.go:142.30,144.4 1 0
github.com/xaaha/hulak/pkg/features/graphql/schemaparser.go:146.3,151.35 2 1
github.com/xaaha/hulak/pkg/features/graphql/schemaparser.go:153.2,153.18 1 1
github.com/xaaha/hulak/pkg/features/graphql/schemaparser.go:157.73,159.31 2 0
github.com/xaaha/hulak/pkg/features/graphql/schemaparser.go:159.31,161.32 2 0
github.com/xaaha/hulak/pkg/features/graphql/schemaparser.go:161.32,163.4 1 0
github.com/xaaha/hulak/pkg/features/graphql/schemaparser.go:165.3,171.39 2 0
github.com/xaaha/hulak/pkg/features/graphql/schemaparser.go:173.2,173.20 1 0
github.com/xaaha/hulak/pkg/features/graphql/schemaparser.go:176.70,178.27 2 1
github.com/xaaha/hulak/pkg/features/graphql/schemaparser.go:178.27,180.33 2 1
github.com/xaaha/hulak/pkg/features/graphql/schemaparser.go:180.33,182.4 1 1
github.com/xaaha/hulak/pkg/features/graphql/schemaparser.go:184.3,189.5 1 1
github.com/xaaha/hulak/pkg/features/graphql/schemaparser.go:191.2,191.19 1 1
github.com/xaaha/hulak/pkg/features/graphql/schemaparser.go:200.50,201.14 1 1
github.com/xaaha/hulak/pkg/features/graphql/schemaparser.go:201.14,203.3 1 1
github.com/xaaha/hulak/pkg/features/graphql/schemaparser.go:205.2,205.16 1 1
github.com/xaaha/hulak/pkg/features/graphql/schemaparser.go:206.29,208.36 1 1
github.com/xaaha/hulak/pkg/features/graphql/schemaparser.go:209.26,211.42 1 1
github.com/xaaha/hulak/pkg/features/graphql/schemaparser.go:212.10,214.20 1 1
github.com/xaaha/hulak/pkg/features/graphql/schemaparser.go:214.20,216.4 1 1
github.com/xaaha/hulak/pkg/features/graphql/schemaparser.go:217.3,217.12 1 0
github.com/xaaha/hulak/pkg/features/graphql/schemavalidation.go:13.51,15.24 2 0
github.com/xaaha/hulak/pkg/features/graphql/schemavalidation.go:15.24,17.3 1 0
github.com/xaaha/hulak/pkg/features/graphql/schemavalidation.go:19.2,20.24 2 0
github.com/xaaha/hulak/pkg/features/graphql/schemavalidation.go:20.24,22.3 1 0
github.com/xaaha/hulak/pkg/features/graphql/schemavalidation.go:24.2,28.34 4 0
github.com/xaaha/hulak/pkg/features/graphql/schemavalidation.go:28.34,30.3 1 0
github.com/xaaha/hulak/pkg/features/graphql/schemavalidation.go:31.2,31.12 1 0
github.com/xaaha/hulak/pkg/migration/common.go:15.56,18.24 2 0
github.com/xaaha/hulak/pkg/migration/common.go:18.24,20.3 1 0
github.com/xaaha/hulak/pkg/migration/common.go:20.8,20.23 1 0
github.com/xaaha/hulak/pkg/migration/common.go:20.23,22.3 1 0
github.com/xaaha/hulak/pkg/migration/common.go:23.2,23.26 1 0
github.com/xaaha/hulak/pkg/migration/common.go:23.26,25.3 1 0
github.com/xaaha/hulak/pkg/migration/common.go:26.2,28.16 3 0
github.com/xaaha/hulak/pkg/migration/common.go:28.16,30.3 1 0
github.com/xaaha/hulak/pkg/migration/common.go:32.2,33.16 2 0
github.com/xaaha/hulak/pkg/migration/common.go:33.16,35.3 1 0
github.com/xaaha/hulak/pkg/migration/common.go:37.2,37.25 1 0
github.com/xaaha/hulak/pkg/migration/common.go:42.37,47.2 4 1
github.com/xaaha/hulak/pkg/migration/common.go:51.42,52.15 1 1
github.com/xaaha/hulak/pkg/migration/common.go:52.15,54.3 1 1
github.com/xaaha/hulak/pkg/migration/common.go:58.2,60.67 2 1
github.com/xaaha/hulak/pkg/migration/common.go:60.67,65.3 3 1
github.com/xaaha/hulak/pkg/migration/common.go:67.2,67.15 1 1
github.com/xaaha/hulak/pkg/migration/common.go:71.43,78.61 5 1
github.com/xaaha/hulak/pkg/migration/common.go:78.61,81.3 2 0
github.com/xaaha/hulak/pkg/migration/common.go:83.2,83.15 1 1
github.com/xaaha/hulak/pkg/migration/environment.go:29.44,33.2 3 0
github.com/xaaha/hulak/pkg/migration/environment.go:36.68,40.46 2 0
github.com/xaaha/hulak/pkg/migration/environment.go:40.46,42.3 1 0
github.com/xaaha/hulak/pkg/migration/environment.go:42.8,44.3 1 0
github.com/xaaha/hulak/pkg/migration/environment.go:46.2,46.49 1 0
github.com/xaaha/hulak/pkg/migration/environment.go:46.49,47.28 1 0
github.com/xaaha/hulak/pkg/migration/environment.go:47.28,48.46 1 0
github.com/xaaha/hulak/pkg/migration/environment.go:48.46,51.48 2 0
github.com/xaaha/hulak/pkg/migration/environment.go:51.48,53.6 1 0
github.com/xaaha/hulak/pkg/migration/environment.go:53.11,55.6 1 0
github.com/xaaha/hulak/pkg/migration/environment.go:57.5,57.52 1 0
github.com/xaaha/hulak/pkg/migration/environment.go:57.52,59.6 1 0
github.com/xaaha/hulak/pkg/migration/environment.go:59.11,61.6 1 0
github.com/xaaha/hulak/pkg/migration/environment.go:63.5,63.54 1 0
github.com/xaaha/hulak/pkg/migration/environment.go:63.54,65.6 1 0
github.com/xaaha/hulak/pkg/migration/environment.go:65.11,67.6 1 0
github.com/xaaha/hulak/pkg/migration/environment.go:69.5,69.46 1 0
github.com/xaaha/hulak/pkg/migration/environment.go:70.10,72.5 1 0
github.com/xaaha/hulak/pkg/migration/environment.go:74.8,76.3 1 0
github.com/xaaha/hulak/pkg/migration/environment.go:78.2,78.66 1 0
github.com/xaaha/hulak/pkg/migration/environment.go:78.66,80.3 1 0
github.com/xaaha/hulak/pkg/migration/environment.go:80.8,82.3 1 0
github.com/xaaha/hulak/pkg/migration/environment.go:84.2,84.17 1 0
github.com/xaaha/hulak/pkg/migration/environment.go:87.59,90.42 3 0
github.com/xaaha/hulak/pkg/migration/environment.go:90.42,92.3 1 0
github.com/xaaha/hulak/pkg/migration/environment.go:94.2,96.25 2 0
github.com/xaaha/hulak/pkg/migration/environment.go:96.25,98.3 1 0
github.com/xaaha/hulak/pkg/migration/environment.go:100.2,100.41 1 0
github.com/xaaha/hulak/pkg/migration/environment.go:100.41,103.54 3 0
github.com/xaaha/hulak/pkg/migration/environment.go:103.54,105.4 1 0
github.com/xaaha/hulak/pkg/migration/environment.go:106.3,106.30 1 0
github.com/xaaha/hulak/pkg/migration/environment.go:108.2,111.47 4 0
github.com/xaaha/hulak/pkg/migration/environment.go:111.47,113.3 1 0
github.com/xaaha/hulak/pkg/migration/environment.go:113.8,115.3 1 0
github.com/xaaha/hulak/pkg/migration/environment.go:117.2,118.16 2 0
github.com/xaaha/hulak/pkg/migration/environment.go:118.16,120.3 1 0
github.com/xaaha/hulak/pkg/migration/environment.go:123.2,124.16 2 0
github.com/xaaha/hulak/pkg/migration/environment.go:124.16,126.3 1 0
github.com/xaaha/hulak/pkg/migration/environment.go:127.2,130.16 3 0
github.com/xaaha/hulak/pkg/migration/environment.go:130.16,132.3 1 0
github.com/xaaha/hulak/pkg/migration/environment.go:134.2,135.12 2 0
github.com/xaaha/hulak/pkg/migration/migration.go:11.50,12.25 1 0
github.com/xaaha/hulak/pkg/migration/migration.go:12.25,14.3 1 0
github.com/xaaha/hulak/pkg/migration/migration.go:15.2,15.33 1 0
github.com/xaaha/hulak/pkg/migration/migration.go:15.33,17.17 2 0
github.com/xaaha/hulak/pkg/migration/migration.go:17.17,19.4 1 0
github.com/xaaha/hulak/pkg/migration/migration.go:21.3,21.21 1 0
github.com/xaaha/hulak/pkg/migration/migration.go:21.21,23.18 2 0
github.com/xaaha/hulak/pkg/migration/migration.go:23.18,25.5 1 0
github.com/xaaha/hulak/pkg/migration/migration.go:27.4,28.18 2 0
github.com/xaaha/hulak/pkg/migration/migration.go:28.18,30.5 1 0
github.com/xaaha/hulak/pkg/migration/migration.go:31.4,31.58 1 0
github.com/xaaha/hulak/pkg/migration/migration.go:32.9,32.35 1 0
github.com/xaaha/hulak/pkg/migration/migration.go:32.35,35.18 3 0
github.com/xaaha/hulak/pkg/migration/migration.go:35.18,38.5 2 0
github.com/xaaha/hulak/pkg/migration/migration.go:39.9,41.4 1 0
github.com/xaaha/hulak/pkg/migration/migration.go:44.2,44.12 1 0
github.com/xaaha/hulak/pkg/migration/pmCollection.go:117.51,121.2 3 0
github.com/xaaha/hulak/pkg/migration/pmCollection.go:124.61,131.51 2 0
github.com/xaaha/hulak/pkg/migration/pmCollection.go:131.51,138.3 2 0
github.com/xaaha/hulak/pkg/migration/pmCollection.go:140.2,140.15 1 0
github.com/xaaha/hulak/pkg/migration/pmCollection.go:144.45,148.29 2 0
github.com/xaaha/hulak/pkg/migration/pmCollection.go:148.29,150.3 1 0
github.com/xaaha/hulak/pkg/migration/pmCollection.go:152.2,152.41 1 0
github.com/xaaha/hulak/pkg/migration/pmCollection.go:152.41,161.42 6 0
github.com/xaaha/hulak/pkg/migration/pmCollection.go:161.42,163.4 1 0
github.com/xaaha/hulak/pkg/migration/pmCollection.go:164.3,164.23 1 0
github.com/xaaha/hulak/pkg/migration/pmCollection.go:164.23,166.4 1 0
github.com/xaaha/hulak/pkg/migration/pmCollection.go:169.3,170.74 2 0
github.com/xaaha/hulak/pkg/migration/pmCollection.go:170.74,172.4 1 0
github.com/xaaha/hulak/pkg/migration/pmCollection.go:172.9,174.4 1 0
github.com/xaaha/hulak/pkg/migration/pmCollection.go:177.3,183.17 6 0
github.com/xaaha/hulak/pkg/migration/pmCollection.go:183.17,184.12 1 0
github.com/xaaha/hulak/pkg/migration/pmCollection.go:187.3,187.51 1 0
github.com/xaaha/hulak/pkg/migration/pmCollection.go:190.2,190.18 1 0
github.com/xaaha/hulak/pkg/migration/pmCollection.go:194.69,204.16 4 0
github.com/xaaha/hulak/pkg/migration/pmCollection.go:204.16,206.3 1 0
github.com/xaaha/hulak/pkg/migration/pmCollection.go:208.2,208.31 1 0
github.com/xaaha/hulak/pkg/migration/pmCollection.go:211.45,223.35 5 1
github.com/xaaha/hulak/pkg/migration/pmCollection.go:223.35,225.3 1 1
github.com/xaaha/hulak/pkg/migration/pmCollection.go:227.2,231.36 3 1
github.com/xaaha/hulak/pkg/migration/pmCollection.go:231.36,233.3 1 1
github.com/xaaha/hulak/pkg/migration/pmCollection.go:236.2,236.32 1 1
github.com/xaaha/hulak/pkg/migration/pmCollection.go:236.32,238.3 1 1
github.com/xaaha/hulak/pkg/migration/pmCollection.go:241.2,242.16 2 1
github.com/xaaha/hulak/pkg/migration/pmCollection.go:242.16,244.3 1 0
github.com/xaaha/hulak/pkg/migration/pmCollection.go:246.2,246.31 1 1
github.com/xaaha/hulak/pkg/migration/pmCollection.go:250.58,251.22 1 1
github.com/xaaha/hulak/pkg/migration/pmCollection.go:251.22,253.3 1 1
github.com/xaaha/hulak/pkg/migration/pmCollection.go:255.2,263.27 3 1
github.com/xaaha/hulak/pkg/migration/pmCollection.go:263.27,268.3 3 1
github.com/xaaha/hulak/pkg/migration/pmCollection.go:270.2,271.16 2 1
github.com/xaaha/hulak/pkg/migration/pmCollection.go:271.16,273.3 1 0
github.com/xaaha/hulak/pkg/migration/pmCollection.go:275.2,275.31 1 1
github.com/xaaha/hulak/pkg/migration/pmCollection.go:279.46,282.21 2 1
github.com/xaaha/hulak/pkg/migration/pmCollection.go:283.13,284.23 1 1
github.com/xaaha/hulak/pkg/migration/pmCollection.go:284.23,286.4 1 1
github.com/xaaha/hulak/pkg/migration/pmCollection.go:288.20,289.33 1 1
github.com/xaaha/hulak/pkg/migration/pmCollection.go:289.33,291.43 2 1
github.com/xaaha/hulak/pkg/migration/pmCollection.go:291.43,293.5 1 1
github.com/xaaha/hulak/pkg/migration/pmCollection.go:294.4,294.52 1 1
github.com/xaaha/hulak/pkg/migration/pmCollection.go:297.18,298.31 1 1
github.com/xaaha/hulak/pkg/migration/pmCollection.go:298.31,300.41 2 1
github.com/xaaha/hulak/pkg/migration/pmCollection.go:300.41,302.5 1 1
github.com/xaaha/hulak/pkg/migration/pmCollection.go:303.4,303.40 1 1
github.com/xaaha/hulak/pkg/migration/pmCollection.go:306.17,307.28 1 1
github.com/xaaha/hulak/pkg/migration/pmCollection.go:307.28,311.41 3 1
github.com/xaaha/hulak/pkg/migration/pmCollection.go:311.41,314.39 3 1
github.com/xaaha/hulak/pkg/migration/pmCollection.go:314.39,315.44 1 1
github.com/xaaha/hulak/pkg/migration/pmCollection.go:315.44,317.7 1 1
github.com/xaaha/hulak/pkg/migration/pmCollection.go:317.12,319.7 1 0
github.com/xaaha/hulak/pkg/migration/pmCollection.go:321.5,321.37 1 1
github.com/xaaha/hulak/pkg/migration/pmCollection.go:324.4,324.35 1 1
github.com/xaaha/hulak/pkg/migration/pmCollection.go:327.18,328.17 1 1
github.com/xaaha/hulak/pkg/migration/pmCollection.go:330.10,331.66 1 1
github.com/xaaha/hulak/pkg/migration/pmCollection.go:334.2,337.16 3 1
github.com/xaaha/hulak/pkg/migration/pmCollection.go:337.16,339.3 1 0
github.com/xaaha/hulak/pkg/migration/pmCollection.go:341.2,341.50 1 1
github.com/xaaha/hulak/pkg/migration/pmCollection.go:345.74,347.16 2 0
github.com/xaaha/hulak/pkg/migration/pmCollection.go:347.16,349.3 1 0
github.com/xaaha/hulak/pkg/migration/pmCollection.go:352.2,353.73 2 0
github.com/xaaha/hulak/pkg/migration/pmCollection.go:353.73,356.3 2 0
github.com/xaaha/hulak/pkg/migration/pmCollection.go:358.2,358.53 1 0
github.com/xaaha/hulak/pkg/migration/pmCollection.go:361.66,365.29 2 0
github.com/xaaha/hulak/pkg/migration/pmCollection.go:365.29,369.25 2 0
github.com/xaaha/hulak/pkg/migration/pmCollection.go:369.25,371.64 2 0
github.com/xaaha/hulak/pkg/migration/pmCollection.go:371.64,373.5 1 0
github.com/xaaha/hulak/pkg/migration/pmCollection.go:375.4,375.63 1 0
github.com/xaaha/hulak/pkg/migration/pmCollection.go:375.63,377.5 1 0
github.com/xaaha/hulak/pkg/migration/pmCollection.go:380.3,380.26 1 0
github.com/xaaha/hulak/pkg/migration/pmCollection.go:380.26,383.18 2 0
github.com/xaaha/hulak/pkg/migration/pmCollection.go:383.18,385.5 1 0
github.com/xaaha/hulak/pkg/migration/pmCollection.go:387.4,389.31 2 0
github.com/xaaha/hulak/pkg/migration/pmCollection.go:389.31,391.19 2 0
github.com/xaaha/hulak/pkg/migration/pmCollection.go:391.19,393.6 1 0
github.com/xaaha/hulak/pkg/migration/pmCollection.go:394.10,396.5 1 0
github.com/xaaha/hulak/pkg/migration/pmCollection.go:399.4,400.18 2 0
github.com/xaaha/hulak/pkg/migration/pmCollection.go:400.18,402.5 1 0
github.com/xaaha/hulak/pkg/migration/pmCollection.go:405.4,406.32 2 0
github.com/xaaha/hulak/pkg/migration/pmCollection.go:406.32,409.19 3 0
github.com/xaaha/hulak/pkg/migration/pmCollection.go:409.19,411.6 1 0
github.com/xaaha/hulak/pkg/migration/pmCollection.go:415.4,416.39 2 0
github.com/xaaha/hulak/pkg/migration/pmCollection.go:416.39,421.89 4 0
github.com/xaaha/hulak/pkg/migration/pmCollection.go:421.89,427.6 1 0
github.com/xaaha/hulak/pkg/migration/pmCollection.go:431.4,432.30 2 0
github.com/xaaha/hulak/pkg/migration/pmCollection.go:432.30,434.100 2 0
github.com/xaaha/hulak/pkg/migration/pmCollection.go:434.100,440.6 1 0
github.com/xaaha/hulak/pkg/migration/pmCollection.go:441.5,441.72 1 0
github.com/xaaha/hulak/pkg/migration/pmCollection.go:445.4,454.24 7 0
github.com/xaaha/hulak/pkg/migration/pmCollection.go:454.24,456.5 1 0
github.com/xaaha/hulak/pkg/migration/pmCollection.go:458.4,458.22 1 0
github.com/xaaha/hulak/pkg/migration/pmCollection.go:458.22,460.5 1 0
github.com/xaaha/hulak/pkg/migration/pmCollection.go:463.4,464.23 2 0
github.com/xaaha/hulak/pkg/migration/pmCollection.go:464.23,467.5 2 0
github.com/xaaha/hulak/pkg/migration/pmCollection.go:468.4,470.87 2 0
github.com/xaaha/hulak/pkg/migration/pmCollection.go:470.87,472.5 1 0
github.com/xaaha/hulak/pkg/migration/pmCollection.go:476.2,476.12 1 0
github.com/xaaha/hulak/pkg/migration/pmCollection.go:478.54,481.16 2 0
github.com/xaaha/hulak/pkg/migration/pmCollection.go:481.16,483.3 1 0
github.com/xaaha/hulak/pkg/migration/pmCollection.go:486.2,487.63 2 0
github.com/xaaha/hulak/pkg/migration/pmCollection.go:487.63,489.3 1 0
github.com/xaaha/hulak/pkg/migration/pmCollection.go:492.2,494.16 3 0
github.com/xaaha/hulak/pkg/migration/pmCollection.go:494.16,496.3 1 0
github.com/xaaha/hulak/pkg/migration/pmCollection.go:498.2,498.48 1 0
github.com/xaaha/hulak/pkg/migration/pmCollection.go:498.48,500.3 1 0
github.com/xaaha/hulak/pkg/migration/pmCollection.go:503.2,503.39 1 0
github.com/xaaha/hulak/pkg/migration/pmCollection.go:503.39,505.103 2 0
github.com/xaaha/hulak/pkg/migration/pmCollection.go:505.103,507.4 1 0
github.com/xaaha/hulak/pkg/migration/pmCollection.go:510.2,510.60 1 0
github.com/xaaha/hulak/pkg/migration/pmCollection.go:510.60,512.3 1 0
github.com/xaaha/hulak/pkg/migration/pmCollection.go:514.2,515.12 2 0
github.com/xaaha/hulak/pkg/tui/cursor.go:10.35,11.16 1 1
github.com/xaaha/hulak/pkg/tui/cursor.go:11.16,13.3 1 1
github.com/xaaha/hulak/pkg/tui/cursor.go:14.2,14.15 1 1
github.com/xaaha/hulak/pkg/tui/cursor.go:19.47,20.23 1 1
github.com/xaaha/hulak/pkg/tui/cursor.go:20.23,22.3 1 1
github.com/xaaha/hulak/pkg/tui/cursor.go:23.2,23.15 1 1
github.com/xaaha/hulak/pkg/tui/cursor.go:28.44,29.18 1 1
github.com/xaaha/hulak/pkg/tui/cursor.go:29.18,31.3 1 1
github.com/xaaha/hulak/pkg/tui/cursor.go:32.2,32.23 1 1
github.com/xaaha/hulak/pkg/tui/cursor.go:32.23,34.3 1 1
github.com/xaaha/hulak/pkg/tui/cursor.go:35.2,35.16 1 1
github.com/xaaha/hulak/pkg/tui/cursor.go:35.16,37.3 1 1
github.com/xaaha/hulak/pkg/tui/cursor.go:38.2,38.15 1 1
github.com/xaaha/hulak/pkg/tui/cursor.go:43.85,47.29 4 1
github.com/xaaha/hulak/pkg/tui/cursor.go:47.29,49.3 1 0
github.com/xaaha/hulak/pkg/tui/cursor.go:49.8,49.46 1 1
github.com/xaaha/hulak/pkg/tui/cursor.go:49.46,51.3 1 1
github.com/xaaha/hulak/pkg/tui/fileselect.go:15.27,23.2 2 1
github.com/xaaha/hulak/pkg/tui/fileselect.go:25.36,29.16 3 1
github.com/xaaha/hulak/pkg/tui/fileselect.go:29.16,30.39 1 1
github.com/xaaha/hulak/pkg/tui/fileselect.go:30.39,32.4 1 1
github.com/xaaha/hulak/pkg/tui/fileselect.go:33.3,33.18 1 0
github.com/xaaha/hulak/pkg/tui/fileselect.go:36.2,37.16 2 1
github.com/xaaha/hulak/pkg/tui/fileselect.go:37.16,39.3 1 0
github.com/xaaha/hulak/pkg/tui/fileselect.go:41.2,44.29 3 1
github.com/xaaha/hulak/pkg/tui/fileselect.go:44.29,46.17 2 1
github.com/xaaha/hulak/pkg/tui/fileselect.go:46.17,47.12 1 0
github.com/xaaha/hulak/pkg/tui/fileselect.go:50.3,51.84 2 1
github.com/xaaha/hulak/pkg/tui/fileselect.go:51.84,52.12 1 1
github.com/xaaha/hulak/pkg/tui/fileselect.go:55.3,55.44 1 1
github.com/xaaha/hulak/pkg/tui/fileselect.go:55.44,56.12 1 0
github.com/xaaha/hulak/pkg/tui/fileselect.go:59.3,59.33 1 1
github.com/xaaha/hulak/pkg/tui/fileselect.go:61.2,61.19 1 1
github.com/xaaha/hulak/pkg/tui/filterablelist.go:28.18,30.29 2 1
github.com/xaaha/hulak/pkg/tui/filterablelist.go:30.29,32.3 1 1
github.com/xaaha/hulak/pkg/tui/filterablelist.go:34.2,35.19 2 1
github.com/xaaha/hulak/pkg/tui/filterablelist.go:35.19,37.3 1 1
github.com/xaaha/hulak/pkg/tui/filterablelist.go:39.2,47.3 1 1
github.com/xaaha/hulak/pkg/tui/filterablelist.go:50.40,52.15 2 1
github.com/xaaha/hulak/pkg/tui/filterablelist.go:52.15,53.21 1 1
github.com/xaaha/hulak/pkg/tui/filterablelist.go:53.21,55.4 1 0
github.com/xaaha/hulak/pkg/tui/filterablelist.go:55.9,57.4 1 1
github.com/xaaha/hulak/pkg/tui/filterablelist.go:58.8,61.37 3 1
github.com/xaaha/hulak/pkg/tui/filterablelist.go:61.37,62.37 1 1
github.com/xaaha/hulak/pkg/tui/filterablelist.go:62.37,64.5 1 1
github.com/xaaha/hulak/pkg/tui/filterablelist.go:67.2,67.53 1 1
github.com/xaaha/hulak/pkg/tui/filterablelist.go:70.40,73.2 2 1
github.com/xaaha/hulak/pkg/tui/filterablelist.go:75.47,77.2 1 1
github.com/xaaha/hulak/pkg/tui/filterablelist.go:79.56,80.57 1 1
github.com/xaaha/hulak/pkg/tui/filterablelist.go:80.57,82.3 1 1
github.com/xaaha/hulak/pkg/tui/filterablelist.go:83.2,83.35 1 1
github.com/xaaha/hulak/pkg/tui/filterablelist.go:86.59,90.39 4 1
github.com/xaaha/hulak/pkg/tui/filterablelist.go:90.39,92.3 1 1
github.com/xaaha/hulak/pkg/tui/filterablelist.go:93.2,93.12 1 1
github.com/xaaha/hulak/pkg/tui/filterablelist.go:99.53,101.2 1 0
github.com/xaaha/hulak/pkg/tui/filterablelist.go:103.70,104.26 1 1
github.com/xaaha/hulak/pkg/tui/filterablelist.go:104.26,105.44 1 1
github.com/xaaha/hulak/pkg/tui/filterablelist.go:105.44,107.4 1 0
github.com/xaaha/hulak/pkg/tui/filterablelist.go:108.3,108.59 1 1
github.com/xaaha/hulak/pkg/tui/filterablelist.go:111.2,117.34 6 1
github.com/xaaha/hulak/pkg/tui/filterablelist.go:117.34,119.19 2 1
github.com/xaaha/hulak/pkg/tui/filterablelist.go:119.19,121.21 2 1
github.com/xaaha/hulak/pkg/tui/filterablelist.go:121.21,123.5 1 1
github.com/xaaha/hulak/pkg/tui/filterablelist.go:124.4,124.47 1 1
github.com/xaaha/hulak/pkg/tui/filterablelist.go:127.3,127.20 1 1
github.com/xaaha/hulak/pkg/tui/filterablelist.go:127.20,130.4 2 1
github.com/xaaha/hulak/pkg/tui/filterablelist.go:130.9,132.4 1 1
github.com/xaaha/hulak/pkg/tui/filterablelist.go:134.2,134.46 1 1
github.com/xaaha/hulak/pkg/tui/filterablelist.go:137.58,138.19 1 1
github.com/xaaha/hulak/pkg/tui/filterablelist.go:138.19,140.3 1 0
github.com/xaaha/hulak/pkg/tui/filterablelist.go:142.2,142.35 1 1
github.com/xaaha/hulak/pkg/tui/filterablelist.go:142.35,144.3 1 1
github.com/xaaha/hulak/pkg/tui/filterablelist.go:146.2,146.37 1 1
github.com/xaaha/hulak/pkg/tui/filterablelist.go:146.37,148.3 1 1
github.com/xaaha/hulak/pkg/tui/filterablelist.go:150.2,154.22 4 1
github.com/xaaha/hulak/pkg/tui/filterablelist.go:154.22,156.23 2 1
github.com/xaaha/hulak/pkg/tui/filterablelist.go:156.23,157.9 1 1
github.com/xaaha/hulak/pkg/tui/filterablelist.go:159.3,160.13 2 1
github.com/xaaha/hulak/pkg/tui/filterablelist.go:163.2,163.36 1 1
github.com/xaaha/hulak/pkg/tui/selector.go:28.63,30.20 2 1
github.com/xaaha/hulak/pkg/tui/selector.go:30.20,32.3 1 1
github.com/xaaha/hulak/pkg/tui/selector.go:34.2,39.10 4 1
github.com/xaaha/hulak/pkg/tui/selector.go:42.39,44.2 1 1
github.com/xaaha/hulak/pkg/tui/selector.go:46.65,47.43 1 1
github.com/xaaha/hulak/pkg/tui/selector.go:47.43,53.3 5 1
github.com/xaaha/hulak/pkg/tui/selector.go:55.2,55.37 1 1
github.com/xaaha/hulak/pkg/tui/selector.go:55.37,57.3 1 1
github.com/xaaha/hulak/pkg/tui/selector.go:59.2,62.15 4 1
github.com/xaaha/hulak/pkg/tui/selector.go:62.15,64.3 1 1
github.com/xaaha/hulak/pkg/tui/selector.go:66.2,66.39 1 1
github.com/xaaha/hulak/pkg/tui/selector.go:66.39,68.3 1 0
github.com/xaaha/hulak/pkg/tui/selector.go:69.2,69.38 1 1
github.com/xaaha/hulak/pkg/tui/selector.go:72.71,73.22 1 1
github.com/xaaha/hulak/pkg/tui/selector.go:74.15,76.21 2 1
github.com/xaaha/hulak/pkg/tui/selector.go:78.17,79.25 1 1
github.com/xaaha/hulak/pkg/tui/selector.go:79.25,83.4 3 1
github.com/xaaha/hulak/pkg/tui/selector.go:84.3,85.21 2 1
github.com/xaaha/hulak/pkg/tui/selector.go:87.16,89.10 2 1
github.com/xaaha/hulak/pkg/tui/selector.go:89.10,91.4 1 1
github.com/xaaha/hulak/pkg/tui/selector.go:92.3,93.21 2 1
github.com/xaaha/hulak/pkg/tui/selector.go:95.23,98.16 3 1
github.com/xaaha/hulak/pkg/tui/selector.go:100.25,103.16 3 1
github.com/xaaha/hulak/pkg/tui/selector.go:106.2,108.15 3 1
github.com/xaaha/hulak/pkg/tui/selector.go:111.38,114.15 3 1
github.com/xaaha/hulak/pkg/tui/selector.go:114.15,119.3 4 1
github.com/xaaha/hulak/pkg/tui/selector.go:119.8,121.3 1 0
github.com/xaaha/hulak/pkg/tui/selector.go:122.2,125.30 3 1
github.com/xaaha/hulak/pkg/tui/selector.go:128.42,130.17 2 1
github.com/xaaha/hulak/pkg/tui/selector.go:130.17,132.3 1 1
github.com/xaaha/hulak/pkg/tui/selector.go:134.2,135.18 2 1
github.com/xaaha/hulak/pkg/tui/selector.go:135.18,137.3 1 1
github.com/xaaha/hulak/pkg/tui/selector.go:139.2,139.16 1 1
github.com/xaaha/hulak/pkg/tui/selector.go:139.16,144.3 4 1
github.com/xaaha/hulak/pkg/tui/selector.go:146.2,147.23 2 1
github.com/xaaha/hulak/pkg/tui/selector.go:150.40,151.16 1 1
github.com/xaaha/hulak/pkg/tui/selector.go:151.16,153.3 1 0
github.com/xaaha/hulak/pkg/tui/selector.go:154.2,155.69 2 1
github.com/xaaha/hulak/pkg/tui/selector.go:163.81,164.21 1 0
github.com/xaaha/hulak/pkg/tui/selector.go:164.21,166.3 1 0
github.com/xaaha/hulak/pkg/tui/selector.go:168.2,170.16 3 0
github.com/xaaha/hulak/pkg/tui/selector.go:170.16,172.3 1 0
github.com/xaaha/hulak/pkg/tui/selector.go:174.2,175.22 2 0
github.com/xaaha/hulak/pkg/tui/selector.go:175.22,177.3 1 0
github.com/xaaha/hulak/pkg/tui/selector.go:178.2,178.29 1 0
github.com/xaaha/hulak/pkg/tui/spinner.go:18.46,24.2 2 1
github.com/xaaha/hulak/pkg/tui/spinner.go:27.38,29.2 1 1
github.com/xaaha/hulak/pkg/tui/spinner.go:32.67,36.2 3 1
github.com/xaaha/hulak/pkg/tui/spinner.go:39.37,41.2 1 1
github.com/xaaha/hulak/pkg/tui/spinner.go:56.42,57.52 1 1
github.com/xaaha/hulak/pkg/tui/spinner.go:57.52,60.3 2 0
github.com/xaaha/hulak/pkg/tui/spinner.go:63.68,64.27 1 1
github.com/xaaha/hulak/pkg/tui/spinner.go:65.19,68.21 3 1
github.com/xaaha/hulak/pkg/tui/spinner.go:69.18,70.30 1 1
github.com/xaaha/hulak/pkg/tui/spinner.go:70.30,73.4 2 1
github.com/xaaha/hulak/pkg/tui/spinner.go:75.2,77.15 3 1
github.com/xaaha/hulak/pkg/tui/spinner.go:80.41,82.2 1 1
github.com/xaaha/hulak/pkg/tui/spinner.go:85.76,92.16 4 0
github.com/xaaha/hulak/pkg/tui/spinner.go:92.16,94.3 1 0
github.com/xaaha/hulak/pkg/tui/spinner.go:95.2,96.34 2 0
github.com/xaaha/hulak/pkg/tui/styles.go:65.68,72.2 2 0
github.com/xaaha/hulak/pkg/tui/textinput.go:24.49,32.2 6 1
github.com/xaaha/hulak/pkg/tui/textinput.go:37.51,47.2 7 1
github.com/xaaha/hulak/pkg/tui/textinput.go:50.35,52.2 1 1
github.com/xaaha/hulak/pkg/tui/textinput.go:55.61,59.2 3 1
github.com/xaaha/hulak/pkg/tui/textinput.go:62.39,64.2 1 1
github.com/xaaha/hulak/pkg/tui/apicaller/filepath.go:36.37,37.16 1 1
github.com/xaaha/hulak/pkg/tui/apicaller/filepath.go:37.16,39.3 1 1
github.com/xaaha/hulak/pkg/tui/apicaller/filepath.go:40.2,42.71 3 1
github.com/xaaha/hulak/pkg/tui/apicaller/filepath.go:51.54,52.32 1 1
github.com/xaaha/hulak/pkg/tui/apicaller/filepath.go:52.32,53.34 1 1
github.com/xaaha/hulak/pkg/tui/apicaller/filepath.go:53.34,55.4 1 1
github.com/xaaha/hulak/pkg/tui/apicaller/filepath.go:57.2,57.23 1 1
github.com/xaaha/hulak/pkg/tui/apicaller/filepath.go:57.23,59.3 1 1
github.com/xaaha/hulak/pkg/tui/apicaller/filepath.go:60.2,60.28 1 0
github.com/xaaha/hulak/pkg/tui/apicaller/filepath.go:67.14,75.2 3 1
github.com/xaaha/hulak/pkg/tui/apicaller/filepath.go:77.93,80.9 2 1
github.com/xaaha/hulak/pkg/tui/apicaller/filepath.go:81.16,83.76 2 0
github.com/xaaha/hulak/pkg/tui/apicaller/filepath.go:84.17,86.69 2 1
github.com/xaaha/hulak/pkg/tui/apicaller/filepath.go:87.10,89.38 2 1
github.com/xaaha/hulak/pkg/tui/apicaller/filepath.go:92.2,93.47 2 1
github.com/xaaha/hulak/pkg/tui/apicaller/filepath.go:96.74,97.14 1 1
github.com/xaaha/hulak/pkg/tui/apicaller/filepath.go:97.14,99.3 1 0
github.com/xaaha/hulak/pkg/tui/apicaller/filepath.go:100.2,100.15 1 1
github.com/xaaha/hulak/pkg/tui/apicaller/filepath.go:100.15,102.3 1 0
github.com/xaaha/hulak/pkg/tui/apicaller/filepath.go:103.2,104.16 2 1
github.com/xaaha/hulak/pkg/tui/apicaller/filepath.go:119.43,121.17 2 1
github.com/xaaha/hulak/pkg/tui/apicaller/filepath.go:121.17,123.3 1 0
github.com/xaaha/hulak/pkg/tui/apicaller/filepath.go:124.2,127.17 3 1
github.com/xaaha/hulak/pkg/tui/apicaller/filepath.go:127.17,130.3 2 0
github.com/xaaha/hulak/pkg/tui/apicaller/filepath.go:130.8,133.3 2 1
github.com/xaaha/hulak/pkg/tui/apicaller/filepath.go:135.2,138.27 4 1
github.com/xaaha/hulak/pkg/tui/apicaller/filepath.go:141.46,143.16 2 1
github.com/xaaha/hulak/pkg/tui/apicaller/filepath.go:143.16,147.3 3 1
github.com/xaaha/hulak/pkg/tui/apicaller/filepath.go:147.8,150.3 2 0
github.com/xaaha/hulak/pkg/tui/apicaller/filepath.go:158.17,181.15 4 1
github.com/xaaha/hulak/pkg/tui/apicaller/filepath.go:181.15,183.3 1 1
github.com/xaaha/hulak/pkg/tui/apicaller/filepath.go:183.8,185.3 1 1
github.com/xaaha/hulak/pkg/tui/apicaller/filepath.go:187.2,187.10 1 1
github.com/xaaha/hulak/pkg/tui/apicaller/filepath.go:190.39,192.2 1 0
github.com/xaaha/hulak/pkg/tui/apicaller/filepath.go:194.65,195.27 1 1
github.com/xaaha/hulak/pkg/tui/apicaller/filepath.go:196.25,200.16 4 1
github.com/xaaha/hulak/pkg/tui/apicaller/filepath.go:201.18,202.26 1 1
github.com/xaaha/hulak/pkg/tui/apicaller/filepath.go:205.2,208.15 4 0
github.com/xaaha/hulak/pkg/tui/apicaller/filepath.go:208.15,210.3 1 0
github.com/xaaha/hulak/pkg/tui/apicaller/filepath.go:211.2,212.38 2 0
github.com/xaaha/hulak/pkg/tui/apicaller/filepath.go:215.51,216.25 1 1
github.com/xaaha/hulak/pkg/tui/apicaller/filepath.go:216.25,218.3 1 1
github.com/xaaha/hulak/pkg/tui/apicaller/filepath.go:219.2,219.20 1 1
github.com/xaaha/hulak/pkg/tui/apicaller/filepath.go:222.71,223.22 1 1
github.com/xaaha/hulak/pkg/tui/apicaller/filepath.go:224.19,226.21 2 1
github.com/xaaha/hulak/pkg/tui/apicaller/filepath.go:227.18,229.16 2 1
github.com/xaaha/hulak/pkg/tui/apicaller/filepath.go:230.20,231.26 1 1
github.com/xaaha/hulak/pkg/tui/apicaller/filepath.go:231.26,232.19 1 1
github.com/xaaha/hulak/pkg/tui/apicaller/filepath.go:232.19,235.5 2 0
github.com/xaaha/hulak/pkg/tui/apicaller/filepath.go:236.4,237.11 2 1
github.com/xaaha/hulak/pkg/tui/apicaller/filepath.go:237.11,239.5 1 0
github.com/xaaha/hulak/pkg/tui/apicaller/filepath.go:240.4,242.17 3 1
github.com/xaaha/hulak/pkg/tui/apicaller/filepath.go:245.3,245.26 1 1
github.com/xaaha/hulak/pkg/tui/apicaller/filepath.go:245.26,248.4 2 1
github.com/xaaha/hulak/pkg/tui/apicaller/filepath.go:250.3,251.10 2 1
github.com/xaaha/hulak/pkg/tui/apicaller/filepath.go:251.10,253.4 1 0
github.com/xaaha/hulak/pkg/tui/apicaller/filepath.go:255.3,256.21 2 1
github.com/xaaha/hulak/pkg/tui/apicaller/filepath.go:257.21,258.26 1 1
github.com/xaaha/hulak/pkg/tui/apicaller/filepath.go:259.31,263.16 4 1
github.com/xaaha/hulak/pkg/tui/apicaller/filepath.go:264.33,268.16 4 1
github.com/xaaha/hulak/pkg/tui/apicaller/filepath.go:271.2,271.41 1 1
github.com/xaaha/hulak/pkg/tui/apicaller/filepath.go:271.41,275.3 3 1
github.com/xaaha/hulak/pkg/tui/apicaller/filepath.go:277.2,279.15 3 1
github.com/xaaha/hulak/pkg/tui/apicaller/filepath.go:282.60,285.25 2 1
github.com/xaaha/hulak/pkg/tui/apicaller/filepath.go:285.25,286.41 1 1
github.com/xaaha/hulak/pkg/tui/apicaller/filepath.go:286.41,290.4 3 1
github.com/xaaha/hulak/pkg/tui/apicaller/filepath.go:291.3,292.21 2 0
github.com/xaaha/hulak/pkg/tui/apicaller/filepath.go:295.2,295.24 1 1
github.com/xaaha/hulak/pkg/tui/apicaller/filepath.go:295.24,299.3 3 0
github.com/xaaha/hulak/pkg/tui/apicaller/filepath.go:301.2,301.17 1 1
github.com/xaaha/hulak/pkg/tui/apicaller/filepath.go:301.17,304.3 2 1
github.com/xaaha/hulak/pkg/tui/apicaller/filepath.go:306.2,307.15 2 1
github.com/xaaha/hulak/pkg/tui/apicaller/filepath.go:310.39,311.25 1 1
github.com/xaaha/hulak/pkg/tui/apicaller/filepath.go:311.25,314.3 2 1
github.com/xaaha/hulak/pkg/tui/apicaller/filepath.go:315.2,315.17 1 1
github.com/xaaha/hulak/pkg/tui/apicaller/filepath.go:315.17,317.3 1 1
github.com/xaaha/hulak/pkg/tui/apicaller/filepath.go:318.2,318.22 1 1
github.com/xaaha/hulak/pkg/tui/apicaller/filepath.go:321.49,323.25 2 1
github.com/xaaha/hulak/pkg/tui/apicaller/filepath.go:323.25,324.19 1 1
github.com/xaaha/hulak/pkg/tui/apicaller/filepath.go:324.19,326.4 1 1
github.com/xaaha/hulak/pkg/tui/apicaller/filepath.go:327.3,328.9 2 1
github.com/xaaha/hulak/pkg/tui/apicaller/filepath.go:330.2,331.36 2 1
github.com/xaaha/hulak/pkg/tui/apicaller/filepath.go:334.38,336.26 2 1
github.com/xaaha/hulak/pkg/tui/apicaller/filepath.go:336.26,338.3 1 1
github.com/xaaha/hulak/pkg/tui/apicaller/filepath.go:340.2,347.17 6 1
github.com/xaaha/hulak/pkg/tui/apicaller/filepath.go:347.17,351.3 1 0
github.com/xaaha/hulak/pkg/tui/apicaller/filepath.go:353.2,360.22 3 1
github.com/xaaha/hulak/pkg/tui/apicaller/filepath.go:360.22,362.3 1 0
github.com/xaaha/hulak/pkg/tui/apicaller/filepath.go:363.2,365.48 2 1
github.com/xaaha/hulak/pkg/tui/apicaller/filepath.go:373.32,376.16 3 0
github.com/xaaha/hulak/pkg/tui/apicaller/filepath.go:376.16,378.3 1 0
github.com/xaaha/hulak/pkg/tui/apicaller/filepath.go:380.2,385.8 2 0
github.com/xaaha/hulak/pkg/tui/envselect/envselect.go:11.30,19.2 2 1
github.com/xaaha/hulak/pkg/tui/envselect/envselect.go:22.26,24.51 2 1
github.com/xaaha/hulak/pkg/tui/envselect/envselect.go:24.51,25.30 1 1
github.com/xaaha/hulak/pkg/tui/envselect/envselect.go:25.30,26.75 1 1
github.com/xaaha/hulak/pkg/tui/envselect/envselect.go:26.75,28.5 1 1
github.com/xaaha/hulak/pkg/tui/envselect/envselect.go:31.2,31.14 1 1
github.com/xaaha/hulak/pkg/tui/envselect/envselect.go:35.39,37.2 1 0
github.com/xaaha/hulak/pkg/tui/gqlexplorer/filter.go:19.63,22.32 3 1
github.com/xaaha/hulak/pkg/tui/gqlexplorer/filter.go:22.32,24.28 2 1
github.com/xaaha/hulak/pkg/tui/gqlexplorer/filter.go:24.28,27.4 2 1
github.com/xaaha/hulak/pkg/tui/gqlexplorer/filter.go:29.2,30.18 2 1
github.com/xaaha/hulak/pkg/tui/gqlexplorer/filter.go:33.80,35.32 2 1
github.com/xaaha/hulak/pkg/tui/gqlexplorer/filter.go:35.32,37.3 1 1
github.com/xaaha/hulak/pkg/tui/gqlexplorer/filter.go:38.2,39.23 2 1
github.com/xaaha/hulak/pkg/tui/gqlexplorer/filter.go:39.23,40.25 1 1
github.com/xaaha/hulak/pkg/tui/gqlexplorer/filter.go:40.25,42.4 1 1
github.com/xaaha/hulak/pkg/tui/gqlexplorer/filter.go:43.3,43.28 1 1
github.com/xaaha/hulak/pkg/tui/gqlexplorer/filter.go:43.28,45.4 1 1
github.com/xaaha/hulak/pkg/tui/gqlexplorer/filter.go:46.3,46.32 1 1
github.com/xaaha/hulak/pkg/tui/gqlexplorer/filter.go:46.32,48.4 1 1
github.com/xaaha/hulak/pkg/tui/gqlexplorer/filter.go:50.2,50.24 1 1
github.com/xaaha/hulak/pkg/tui/gqlexplorer/filter.go:50.24,52.3 1 1
github.com/xaaha/hulak/pkg/tui/gqlexplorer/filter.go:53.2,53.21 1 1
github.com/xaaha/hulak/pkg/tui/gqlexplorer/filter.go:53.21,55.3 1 1
github.com/xaaha/hulak/pkg/tui/gqlexplorer/filter.go:56.2,56.57 1 1
github.com/xaaha/hulak/pkg/tui/gqlexplorer/filter.go:59.31,63.39 3 1
github.com/xaaha/hulak/pkg/tui/gqlexplorer/filter.go:63.39,67.3 3 1
github.com/xaaha/hulak/pkg/tui/gqlexplorer/filter.go:69.2,72.40 3 1
github.com/xaaha/hulak/pkg/tui/gqlexplorer/filter.go:72.40,73.19 1 1
github.com/xaaha/hulak/pkg/tui/gqlexplorer/filter.go:74.17,75.26 1 1
github.com/xaaha/hulak/pkg/tui/gqlexplorer/filter.go:76.17,77.29 1 1
github.com/xaaha/hulak/pkg/tui/gqlexplorer/filter.go:78.17,79.33 1 1
github.com/xaaha/hulak/pkg/tui/gqlexplorer/filter.go:81.3,81.23 1 1
github.com/xaaha/hulak/pkg/tui/gqlexplorer/filter.go:81.23,83.4 1 1
github.com/xaaha/hulak/pkg/tui/gqlexplorer/filter.go:86.2,87.34 2 1
github.com/xaaha/hulak/pkg/tui/gqlexplorer/filter.go:87.34,88.48 1 1
github.com/xaaha/hulak/pkg/tui/gqlexplorer/filter.go:88.48,89.12 1 1
github.com/xaaha/hulak/pkg/tui/gqlexplorer/filter.go:91.3,91.64 1 1
github.com/xaaha/hulak/pkg/tui/gqlexplorer/filter.go:91.64,92.12 1 1
github.com/xaaha/hulak/pkg/tui/gqlexplorer/filter.go:94.3,94.69 1 1
github.com/xaaha/hulak/pkg/tui/gqlexplorer/filter.go:94.69,96.4 1 1
github.com/xaaha/hulak/pkg/tui/gqlexplorer/filter.go:98.2,98.57 1 1
github.com/xaaha/hulak/pkg/tui/gqlexplorer/filter.go:101.62,105.2 1 1
github.com/xaaha/hulak/pkg/tui/gqlexplorer/filter.go:107.39,113.2 5 1
github.com/xaaha/hulak/pkg/tui/gqlexplorer/filter.go:115.77,116.22 1 1
github.com/xaaha/hulak/pkg/tui/gqlexplorer/filter.go:117.19,118.21 1 0
github.com/xaaha/hulak/pkg/tui/gqlexplorer/filter.go:119.21,124.16 5 1
github.com/xaaha/hulak/pkg/tui/gqlexplorer/filter.go:125.41,128.16 3 1
github.com/xaaha/hulak/pkg/tui/gqlexplorer/filter.go:129.43,132.16 3 1
github.com/xaaha/hulak/pkg/tui/gqlexplorer/filter.go:133.20,136.30 3 1
github.com/xaaha/hulak/pkg/tui/gqlexplorer/filter.go:136.30,138.4 1 1
github.com/xaaha/hulak/pkg/tui/gqlexplorer/filter.go:139.3,140.16 2 1
github.com/xaaha/hulak/pkg/tui/gqlexplorer/filter.go:141.20,143.40 2 1
github.com/xaaha/hulak/pkg/tui/gqlexplorer/filter.go:143.40,144.9 1 1
github.com/xaaha/hulak/pkg/tui/gqlexplorer/filter.go:144.9,146.5 1 1
github.com/xaaha/hulak/pkg/tui/gqlexplorer/filter.go:148.3,155.16 8 1
github.com/xaaha/hulak/pkg/tui/gqlexplorer/filter.go:157.2,157.15 1 0
github.com/xaaha/hulak/pkg/tui/gqlexplorer/filter.go:160.39,162.6 2 1
github.com/xaaha/hulak/pkg/tui/gqlexplorer/filter.go:162.6,164.14 2 1
github.com/xaaha/hulak/pkg/tui/gqlexplorer/filter.go:164.14,165.9 1 1
github.com/xaaha/hulak/pkg/tui/gqlexplorer/filter.go:167.3,167.37 1 1
github.com/xaaha/hulak/pkg/tui/gqlexplorer/filter.go:169.2,169.30 1 1
github.com/xaaha/hulak/pkg/tui/gqlexplorer/model.go:88.9,89.28 1 1
github.com/xaaha/hulak/pkg/tui/gqlexplorer/model.go:89.28,90.36 1 1
github.com/xaaha/hulak/pkg/tui/gqlexplorer/model.go:90.36,92.4 1 1
github.com/xaaha/hulak/pkg/tui/gqlexplorer/model.go:93.3,93.40 1 1
github.com/xaaha/hulak/pkg/tui/gqlexplorer/model.go:93.40,95.4 1 1
github.com/xaaha/hulak/pkg/tui/gqlexplorer/model.go:98.2,98.45 1 1
github.com/xaaha/hulak/pkg/tui/gqlexplorer/model.go:98.45,100.3 1 1
github.com/xaaha/hulak/pkg/tui/gqlexplorer/model.go:101.2,103.31 3 1
github.com/xaaha/hulak/pkg/tui/gqlexplorer/model.go:103.31,105.3 1 1
github.com/xaaha/hulak/pkg/tui/gqlexplorer/model.go:106.2,120.10 3 1
github.com/xaaha/hulak/pkg/tui/gqlexplorer/model.go:126.45,128.2 1 1
github.com/xaaha/hulak/pkg/tui/gqlexplorer/model.go:130.43,131.31 1 1
github.com/xaaha/hulak/pkg/tui/gqlexplorer/model.go:131.31,134.3 2 1
github.com/xaaha/hulak/pkg/tui/gqlexplorer/model.go:135.2,135.33 1 1
github.com/xaaha/hulak/pkg/tui/gqlexplorer/model.go:138.37,140.28 2 1
github.com/xaaha/hulak/pkg/tui/gqlexplorer/model.go:140.28,142.3 1 1
github.com/xaaha/hulak/pkg/tui/gqlexplorer/model.go:144.2,148.22 5 1
github.com/xaaha/hulak/pkg/tui/gqlexplorer/model.go:151.38,152.28 1 1
github.com/xaaha/hulak/pkg/tui/gqlexplorer/model.go:152.28,154.3 1 1
github.com/xaaha/hulak/pkg/tui/gqlexplorer/model.go:155.2,155.52 1 1
github.com/xaaha/hulak/pkg/tui/gqlexplorer/model.go:158.41,160.2 1 1
github.com/xaaha/hulak/pkg/tui/gqlexplorer/model.go:162.35,164.2 1 1
github.com/xaaha/hulak/pkg/tui/gqlexplorer/model.go:166.36,168.2 1 1
github.com/xaaha/hulak/pkg/tui/gqlexplorer/model.go:170.39,172.2 1 1
github.com/xaaha/hulak/pkg/tui/gqlexplorer/model.go:174.40,176.2 1 1
github.com/xaaha/hulak/pkg/tui/gqlexplorer/model.go:178.48,182.2 3 1
github.com/xaaha/hulak/pkg/tui/gqlexplorer/model.go:184.42,187.2 1 1
github.com/xaaha/hulak/pkg/tui/gqlexplorer/model.go:191.38,193.2 1 1
github.com/xaaha/hulak/pkg/tui/gqlexplorer/model.go:197.41,200.2 2 1
github.com/xaaha/hulak/pkg/tui/gqlexplorer/model.go:202.36,203.32 1 1
github.com/xaaha/hulak/pkg/tui/gqlexplorer/model.go:203.32,206.3 2 1
github.com/xaaha/hulak/pkg/tui/gqlexplorer/model.go:207.2,207.33 1 1
github.com/xaaha/hulak/pkg/tui/gqlexplorer/model.go:210.31,211.33 1 1
github.com/xaaha/hulak/pkg/tui/gqlexplorer/model.go:211.33,214.3 2 1
github.com/xaaha/hulak/pkg/tui/gqlexplorer/model.go:215.2,215.23 1 1
github.com/xaaha/hulak/pkg/tui/gqlexplorer/model.go:218.40,220.20 2 1
github.com/xaaha/hulak/pkg/tui/gqlexplorer/model.go:220.20,223.3 2 1
github.com/xaaha/hulak/pkg/tui/gqlexplorer/model.go:224.2,224.23 1 1
github.com/xaaha/hulak/pkg/tui/gqlexplorer/model.go:227.47,228.24 1 1
github.com/xaaha/hulak/pkg/tui/gqlexplorer/model.go:228.24,230.3 1 1
github.com/xaaha/hulak/pkg/tui/gqlexplorer/model.go:231.2,231.23 1 0
github.com/xaaha/hulak/pkg/tui/gqlexplorer/model.go:234.60,236.40 2 0
github.com/xaaha/hulak/pkg/tui/gqlexplorer/model.go:236.40,239.3 2 0
github.com/xaaha/hulak/pkg/tui/gqlexplorer/model.go:240.2,241.12 2 0
github.com/xaaha/hulak/pkg/tui/gqlexplorer/model.go:244.37,250.61 3 1
github.com/xaaha/hulak/pkg/tui/gqlexplorer/model.go:250.61,252.3 1 1
github.com/xaaha/hulak/pkg/tui/gqlexplorer/model.go:253.2,253.24 1 1
github.com/xaaha/hulak/pkg/tui/gqlexplorer/model.go:253.24,255.3 1 1
github.com/xaaha/hulak/pkg/tui/gqlexplorer/model.go:257.2,259.24 3 1
github.com/xaaha/hulak/pkg/tui/gqlexplorer/model.go:259.24,261.3 1 0
github.com/xaaha/hulak/pkg/tui/gqlexplorer/model.go:262.2,264.10 3 1
github.com/xaaha/hulak/pkg/tui/gqlexplorer/model.go:270.51,271.30 1 1
github.com/xaaha/hulak/pkg/tui/gqlexplorer/model.go:271.30,273.3 1 0
github.com/xaaha/hulak/pkg/tui/gqlexplorer/model.go:274.2,274.71 1 1
github.com/xaaha/hulak/pkg/tui/gqlexplorer/model.go:277.31,279.2 1 1
github.com/xaaha/hulak/pkg/tui/gqlexplorer/model.go:281.57,282.27 1 1
github.com/xaaha/hulak/pkg/tui/gqlexplorer/model.go:283.25,291.29 8 1
github.com/xaaha/hulak/pkg/tui/gqlexplorer/model.go:291.29,295.4 3 1
github.com/xaaha/hulak/pkg/tui/gqlexplorer/model.go:296.3,298.15 3 1
github.com/xaaha/hulak/pkg/tui/gqlexplorer/model.go:298.15,304.4 5 1
github.com/xaaha/hulak/pkg/tui/gqlexplorer/model.go:304.9,309.4 4 0
github.com/xaaha/hulak/pkg/tui/gqlexplorer/model.go:310.3,312.16 3 1
github.com/xaaha/hulak/pkg/tui/gqlexplorer/model.go:313.18,314.26 1 1
github.com/xaaha/hulak/pkg/tui/gqlexplorer/model.go:317.2,323.30 7 0
github.com/xaaha/hulak/pkg/tui/gqlexplorer/model.go:326.63,327.24 1 1
github.com/xaaha/hulak/pkg/tui/gqlexplorer/model.go:327.24,329.3 1 1
github.com/xaaha/hulak/pkg/tui/gqlexplorer/model.go:332.2,332.22 1 1
github.com/xaaha/hulak/pkg/tui/gqlexplorer/model.go:333.19,334.21 1 1
github.com/xaaha/hulak/pkg/tui/gqlexplorer/model.go:335.21,336.35 1 1
github.com/xaaha/hulak/pkg/tui/gqlexplorer/model.go:336.35,340.4 3 1
github.com/xaaha/hulak/pkg/tui/gqlexplorer/model.go:341.3,341.21 1 1
github.com/xaaha/hulak/pkg/tui/gqlexplorer/model.go:342.18,344.16 2 1
github.com/xaaha/hulak/pkg/tui/gqlexplorer/model.go:345.20,346.59 1 1
github.com/xaaha/hulak/pkg/tui/gqlexplorer/model.go:346.59,348.4 1 1
github.com/xaaha/hulak/pkg/tui/gqlexplorer/model.go:349.3,349.16 1 1
github.com/xaaha/hulak/pkg/tui/gqlexplorer/model.go:353.85,354.35 1 1
github.com/xaaha/hulak/pkg/tui/gqlexplorer/model.go:354.35,358.4 3 0
github.com/xaaha/hulak/pkg/tui/gqlexplorer/model.go:359.3,359.23 1 1
github.com/xaaha/hulak/pkg/tui/gqlexplorer/model.go:360.32,362.20 2 1
github.com/xaaha/hulak/pkg/tui/gqlexplorer/model.go:363.34,365.20 2 1
github.com/xaaha/hulak/pkg/tui/gqlexplorer/model.go:367.3,367.16 1 1
github.com/xaaha/hulak/pkg/tui/gqlexplorer/model.go:371.2,371.34 1 1
github.com/xaaha/hulak/pkg/tui/gqlexplorer/model.go:371.34,373.3 1 0
github.com/xaaha/hulak/pkg/tui/gqlexplorer/model.go:375.2,379.27 5 1
github.com/xaaha/hulak/pkg/tui/gqlexplorer/model.go:379.27,380.44 1 1
github.com/xaaha/hulak/pkg/tui/gqlexplorer/model.go:380.44,383.4 2 0
github.com/xaaha/hulak/pkg/tui/gqlexplorer/model.go:384.3,384.26 1 1
github.com/xaaha/hulak/pkg/tui/gqlexplorer/model.go:386.2,386.15 1 1
github.com/xaaha/hulak/pkg/tui/gqlexplorer/model.go:389.39,393.2 3 1
github.com/xaaha/hulak/pkg/tui/gqlexplorer/model.go:395.32,398.24 3 1
github.com/xaaha/hulak/pkg/tui/gqlexplorer/model.go:398.24,400.3 1 1
github.com/xaaha/hulak/pkg/tui/gqlexplorer/model.go:400.8,402.3 1 1
github.com/xaaha/hulak/pkg/tui/gqlexplorer/model.go:403.2,405.24 2 1
github.com/xaaha/hulak/pkg/tui/gqlexplorer/model.go:405.24,407.3 1 1
github.com/xaaha/hulak/pkg/tui/gqlexplorer/model.go:409.2,409.55 1 1
github.com/xaaha/hulak/pkg/tui/gqlexplorer/model.go:409.55,414.36 3 1
github.com/xaaha/hulak/pkg/tui/gqlexplorer/model.go:414.36,419.4 4 1
github.com/xaaha/hulak/pkg/tui/gqlexplorer/model.go:420.8,424.3 3 0
github.com/xaaha/hulak/pkg/tui/gqlexplorer/model.go:427.30,437.28 4 1
github.com/xaaha/hulak/pkg/tui/gqlexplorer/model.go:437.28,444.3 2 0
github.com/xaaha/hulak/pkg/tui/gqlexplorer/model.go:446.2,452.28 5 1
github.com/xaaha/hulak/pkg/tui/gqlexplorer/model.go:452.28,455.35 3 1
github.com/xaaha/hulak/pkg/tui/gqlexplorer/model.go:455.35,457.4 1 0
github.com/xaaha/hulak/pkg/tui/gqlexplorer/model.go:457.9,459.4 1 1
github.com/xaaha/hulak/pkg/tui/gqlexplorer/model.go:460.3,460.78 1 1
github.com/xaaha/hulak/pkg/tui/gqlexplorer/model.go:461.8,463.3 1 0
github.com/xaaha/hulak/pkg/tui/gqlexplorer/model.go:467.2,481.76 5 1
github.com/xaaha/hulak/pkg/tui/gqlexplorer/model.go:488.9,496.2 3 0
github.com/xaaha/hulak/pkg/tui/gqlexplorer/render.go:36.50,37.16 1 1
github.com/xaaha/hulak/pkg/tui/gqlexplorer/render.go:37.16,39.3 1 1
github.com/xaaha/hulak/pkg/tui/gqlexplorer/render.go:40.2,40.48 1 1
github.com/xaaha/hulak/pkg/tui/gqlexplorer/render.go:43.93,44.16 1 1
github.com/xaaha/hulak/pkg/tui/gqlexplorer/render.go:44.16,46.3 1 1
github.com/xaaha/hulak/pkg/tui/gqlexplorer/render.go:47.2,48.52 2 1
github.com/xaaha/hulak/pkg/tui/gqlexplorer/render.go:48.52,50.3 1 1
github.com/xaaha/hulak/pkg/tui/gqlexplorer/render.go:51.2,51.14 1 1
github.com/xaaha/hulak/pkg/tui/gqlexplorer/render.go:54.43,55.26 1 1
github.com/xaaha/hulak/pkg/tui/gqlexplorer/render.go:55.26,59.3 1 1
github.com/xaaha/hulak/pkg/tui/gqlexplorer/render.go:61.2,64.32 4 1
github.com/xaaha/hulak/pkg/tui/gqlexplorer/render.go:64.32,65.29 1 1
github.com/xaaha/hulak/pkg/tui/gqlexplorer/render.go:65.29,67.22 2 1
github.com/xaaha/hulak/pkg/tui/gqlexplorer/render.go:67.22,69.5 1 1
github.com/xaaha/hulak/pkg/tui/gqlexplorer/render.go:70.4,70.88 1 1
github.com/xaaha/hulak/pkg/tui/gqlexplorer/render.go:72.3,72.20 1 1
github.com/xaaha/hulak/pkg/tui/gqlexplorer/render.go:72.20,79.4 5 1
github.com/xaaha/hulak/pkg/tui/gqlexplorer/render.go:79.9,81.4 1 1
github.com/xaaha/hulak/pkg/tui/gqlexplorer/render.go:83.2,83.46 1 1
github.com/xaaha/hulak/pkg/tui/gqlexplorer/render.go:86.53,87.27 1 1
github.com/xaaha/hulak/pkg/tui/gqlexplorer/render.go:87.27,89.3 1 0
github.com/xaaha/hulak/pkg/tui/gqlexplorer/render.go:91.2,93.33 3 1
github.com/xaaha/hulak/pkg/tui/gqlexplorer/render.go:93.33,95.28 2 1
github.com/xaaha/hulak/pkg/tui/gqlexplorer/render.go:95.28,98.4 2 1
github.com/xaaha/hulak/pkg/tui/gqlexplorer/render.go:99.3,100.29 2 1
github.com/xaaha/hulak/pkg/tui/gqlexplorer/render.go:100.29,102.4 1 1
github.com/xaaha/hulak/pkg/tui/gqlexplorer/render.go:103.3,104.28 2 1
github.com/xaaha/hulak/pkg/tui/gqlexplorer/render.go:104.28,106.4 1 1
github.com/xaaha/hulak/pkg/tui/gqlexplorer/render.go:107.3,107.56 1 1
github.com/xaaha/hulak/pkg/tui/gqlexplorer/render.go:109.2,109.46 1 1
github.com/xaaha/hulak/pkg/tui/gqlexplorer/render.go:112.38,114.36 2 1
github.com/xaaha/hulak/pkg/tui/gqlexplorer/render.go:114.36,116.3 1 1
github.com/xaaha/hulak/pkg/tui/gqlexplorer/render.go:117.2,123.30 6 1
github.com/xaaha/hulak/pkg/tui/gqlexplorer/render.go:123.30,126.22 3 1
github.com/xaaha/hulak/pkg/tui/gqlexplorer/render.go:126.22,128.4 1 1
github.com/xaaha/hulak/pkg/tui/gqlexplorer/render.go:129.3,130.58 2 1
github.com/xaaha/hulak/pkg/tui/gqlexplorer/render.go:130.58,132.9 2 1
github.com/xaaha/hulak/pkg/tui/gqlexplorer/render.go:134.3,134.49 1 1
github.com/xaaha/hulak/pkg/tui/gqlexplorer/render.go:134.49,136.4 1 0
github.com/xaaha/hulak/pkg/tui/gqlexplorer/render.go:137.3,137.21 1 1
github.com/xaaha/hulak/pkg/tui/gqlexplorer/render.go:139.2,139.15 1 1
github.com/xaaha/hulak/pkg/tui/gqlexplorer/render.go:145.10,154.25 6 1
github.com/xaaha/hulak/pkg/tui/gqlexplorer/render.go:154.25,157.3 2 1
github.com/xaaha/hulak/pkg/tui/gqlexplorer/render.go:159.2,159.27 1 1
github.com/xaaha/hulak/pkg/tui/gqlexplorer/render.go:159.27,163.36 3 1
github.com/xaaha/hulak/pkg/tui/gqlexplorer/render.go:163.36,164.29 1 1
github.com/xaaha/hulak/pkg/tui/gqlexplorer/render.go:164.29,166.5 1 1
github.com/xaaha/hulak/pkg/tui/gqlexplorer/render.go:167.4,167.29 1 1
github.com/xaaha/hulak/pkg/tui/gqlexplorer/render.go:167.29,169.5 1 1
github.com/xaaha/hulak/pkg/tui/gqlexplorer/render.go:172.3,172.36 1 1
github.com/xaaha/hulak/pkg/tui/gqlexplorer/render.go:172.36,174.40 2 1
github.com/xaaha/hulak/pkg/tui/gqlexplorer/render.go:174.40,176.5 1 1
github.com/xaaha/hulak/pkg/tui/gqlexplorer/render.go:177.4,182.69 5 1
github.com/xaaha/hulak/pkg/tui/gqlexplorer/render.go:182.69,191.5 1 1
github.com/xaaha/hulak/pkg/tui/gqlexplorer/render.go:193.3,193.28 1 1
github.com/xaaha/hulak/pkg/tui/gqlexplorer/render.go:196.2,196.34 1 1
github.com/xaaha/hulak/pkg/tui/gqlexplorer/render.go:203.29,204.65 1 1
github.com/xaaha/hulak/pkg/tui/gqlexplorer/render.go:204.65,206.3 1 0
github.com/xaaha/hulak/pkg/tui/gqlexplorer/render.go:207.2,208.15 2 1
github.com/xaaha/hulak/pkg/tui/gqlexplorer/render.go:220.12,221.30 1 1
github.com/xaaha/hulak/pkg/tui/gqlexplorer/render.go:221.30,223.28 2 1
github.com/xaaha/hulak/pkg/tui/gqlexplorer/render.go:223.28,225.4 1 1
github.com/xaaha/hulak/pkg/tui/gqlexplorer/render.go:226.3,231.32 3 1
github.com/xaaha/hulak/pkg/tui/gqlexplorer/render.go:231.32,233.70 2 1
github.com/xaaha/hulak/pkg/tui/gqlexplorer/render.go:233.70,235.29 2 1
github.com/xaaha/hulak/pkg/tui/gqlexplorer/render.go:235.29,237.6 1 1
github.com/xaaha/hulak/pkg/tui/gqlexplorer/render.go:238.5,245.6 1 1
github.com/xaaha/hulak/pkg/tui/gqlexplorer/render.go:249.2,249.14 1 1
github.com/xaaha/hulak/pkg/tui/gqlexplorer/render.go:252.43,255.18 3 1
github.com/xaaha/hulak/pkg/tui/gqlexplorer/render.go:255.18,257.3 1 1
github.com/xaaha/hulak/pkg/tui/gqlexplorer/render.go:258.2,259.33 2 1
github.com/xaaha/hulak/pkg/tui/gqlexplorer/render.go:259.33,261.3 1 1
github.com/xaaha/hulak/pkg/tui/gqlexplorer/render.go:262.2,268.24 3 1
github.com/xaaha/hulak/pkg/tui/gqlexplorer/render.go:268.24,270.3 1 0
github.com/xaaha/hulak/pkg/tui/gqlexplorer/render.go:270.8,272.3 1 1
github.com/xaaha/hulak/pkg/tui/gqlexplorer/render.go:273.2,276.13 3 1
github.com/xaaha/hulak/pkg/tui/gqlexplorer/render.go:276.13,278.3 1 1
github.com/xaaha/hulak/pkg/tui/gqlexplorer/render.go:278.8,281.3 2 1
github.com/xaaha/hulak/pkg/tui/gqlexplorer/render.go:283.2,284.24 2 1
github.com/xaaha/hulak/pkg/tui/gqlexplorer/render.go:284.24,286.3 1 0
github.com/xaaha/hulak/pkg/tui/gqlexplorer/render.go:286.8,288.3 1 1
github.com/xaaha/hulak/pkg/tui/gqlexplorer/render.go:290.2,296.18 4 1
github.com/xaaha/hulak/pkg/tui/gqlexplorer/render.go:296.18,298.3 1 1
github.com/xaaha/hulak/pkg/tui/gqlexplorer/render.go:299.2,300.24 2 1
github.com/xaaha/hulak/pkg/tui/gqlexplorer/render.go:300.24,302.3 1 1
github.com/xaaha/hulak/pkg/tui/gqlexplorer/render.go:303.2,304.34 2 1
github.com/xaaha/hulak/pkg/tui/gqlexplorer/render.go:307.44,308.37 1 1
github.com/xaaha/hulak/pkg/tui/gqlexplorer/render.go:308.37,309.72 1 1
github.com/xaaha/hulak/pkg/tui/gqlexplorer/render.go:309.72,314.18 5 1
github.com/xaaha/hulak/pkg/tui/gqlexplorer/render.go:314.18,316.5 1 1
github.com/xaaha/hulak/pkg/tui/gqlexplorer/render.go:317.4,317.36 1 1
github.com/xaaha/hulak/pkg/tui/gqlexplorer/render.go:317.36,319.5 1 1
github.com/xaaha/hulak/pkg/tui/gqlexplorer/render.go:320.4,320.35 1 0
github.com/xaaha/hulak/pkg/tui/gqlexplorer/render.go:323.2,325.49 3 1
github.com/xaaha/hulak/pkg/tui/gqlexplorer/render.go:325.49,327.3 1 0
github.com/xaaha/hulak/pkg/tui/gqlexplorer/render.go:328.2,328.49 1 1
github.com/xaaha/hulak/pkg/tui/gqlexplorer/render.go:328.49,330.3 1 0
github.com/xaaha/hulak/pkg/tui/gqlexplorer/render.go:331.2,334.15 4 1
github.com/xaaha/hulak/pkg/tui/gqlexplorer/types.go:32.61,34.2 1 1
github.com/xaaha/hulak/pkg/tui/gqlexplorer/types.go:36.39,42.2 5 1
github.com/xaaha/hulak/pkg/tui/gqlexplorer/types.go:44.83,53.4 2 1
github.com/xaaha/hulak/pkg/tui/gqlexplorer/types.go:53.4,54.31 1 1
github.com/xaaha/hulak/pkg/tui/gqlexplorer/types.go:54.31,60.4 1 1
github.com/xaaha/hulak/pkg/tui/gqlexplorer/types.go:62.2,62.12 1 1
github.com/xaaha/hulak/pkg/utils/concurrency.go:17.33,23.18 3 0
github.com/xaaha/hulak/pkg/utils/concurrency.go:23.18,25.3 1 0
github.com/xaaha/hulak/pkg/utils/concurrency.go:27.2,27.16 1 0
github.com/xaaha/hulak/pkg/utils/concurrency.go:27.16,29.3 1 0
github.com/xaaha/hulak/pkg/utils/concurrency.go:31.2,31.33 1 0
github.com/xaaha/hulak/pkg/utils/helpMessage.go:7.22,13.2 2 0
github.com/xaaha/hulak/pkg/utils/helpMessage.go:16.29,36.2 2 0
github.com/xaaha/hulak/pkg/utils/helpMessage.go:39.18,75.2 4 0
github.com/xaaha/hulak/pkg/utils/listfiles.go:27.50,28.38 1 1
github.com/xaaha/hulak/pkg/utils/listfiles.go:28.38,30.3 1 1
github.com/xaaha/hulak/pkg/utils/listfiles.go:34.55,35.38 1 1
github.com/xaaha/hulak/pkg/utils/listfiles.go:35.38,37.3 1 1
github.com/xaaha/hulak/pkg/utils/listfiles.go:43.40,56.2 1 1
github.com/xaaha/hulak/pkg/utils/listfiles.go:59.63,61.30 2 1
github.com/xaaha/hulak/pkg/utils/listfiles.go:61.30,63.3 1 1
github.com/xaaha/hulak/pkg/utils/listfiles.go:64.2,64.13 1 1
github.com/xaaha/hulak/pkg/utils/listfiles.go:67.41,71.2 2 1
github.com/xaaha/hulak/pkg/utils/listfiles.go:73.64,74.61 1 1
github.com/xaaha/hulak/pkg/utils/listfiles.go:74.61,76.3 1 1
github.com/xaaha/hulak/pkg/utils/listfiles.go:77.2,77.48 1 1
[...]
github.com/xaaha/hulak/pkg/yamlparser/translateTypes.go:239.3,240.60 2 1
github.com/xaaha/hulak/pkg/yamlparser/translateTypes.go:243.2,243.22 1 1
github.com/xaaha/hulak/pkg/yamlparser/translateTypes.go:248.43,250.17 2 1
github.com/xaaha/hulak/pkg/yamlparser/translateTypes.go:250.17,252.3 1 1
github.com/xaaha/hulak/pkg/yamlparser/translateTypes.go:253.2,253.13 1 1
github.com/xaaha/hulak/pkg/yamlparser/translateTypes.go:258.53,260.37 2 1
github.com/xaaha/hulak/pkg/yamlparser/translateTypes.go:260.37,262.3 1 1
github.com/xaaha/hulak/pkg/yamlparser/translateTypes.go:263.2,263.16 1 1
github.com/xaaha/hulak/pkg/yamlparser/translateTypes.go:268.44,271.20 2 1
github.com/xaaha/hulak/pkg/yamlparser/translateTypes.go:271.20,273.3 1 1
github.com/xaaha/hulak/pkg/yamlparser/translateTypes.go:275.2,276.34 2 1
github.com/xaaha/hulak/pkg/yamlparser/translateTypes.go:276.34,278.23 2 1
github.com/xaaha/hulak/pkg/yamlparser/translateTypes.go:278.23,281.4 2 1
github.com/xaaha/hulak/pkg/yamlparser/translateTypes.go:282.3,283.17 2 1
github.com/xaaha/hulak/pkg/yamlparser/translateTypes.go:283.17,286.4 2 1
github.com/xaaha/hulak/pkg/yamlparser/translateTypes.go:286.9,288.4 1 1
github.com/xaaha/hulak/pkg/yamlparser/translateTypes.go:290.2,290.18 1 1
github.com/xaaha/hulak/pkg/yamlparser/yamlparser.go:25.27,28.29 2 1
github.com/xaaha/hulak/pkg/yamlparser/yamlparser.go:28.29,29.33 1 1
github.com/xaaha/hulak/pkg/yamlparser/yamlparser.go:30.23,33.18 2 1
github.com/xaaha/hulak/pkg/yamlparser/yamlparser.go:33.18,35.5 1 0
github.com/xaaha/hulak/pkg/yamlparser/yamlparser.go:36.4,36.31 1 1
github.com/xaaha/hulak/pkg/yamlparser/yamlparser.go:38.15,40.41 1 1
github.com/xaaha/hulak/pkg/yamlparser/yamlparser.go:40.41,42.13 2 1
github.com/xaaha/hulak/pkg/yamlparser/yamlparser.go:46.4,47.18 2 1
github.com/xaaha/hulak/pkg/yamlparser/yamlparser.go:47.18,50.5 2 0
github.com/xaaha/hulak/pkg/yamlparser/yamlparser.go:53.4,53.39 1 1
github.com/xaaha/hulak/pkg/yamlparser/yamlparser.go:55.26,57.31 2 0
github.com/xaaha/hulak/pkg/yamlparser/yamlparser.go:57.31,59.35 1 0
github.com/xaaha/hulak/pkg/yamlparser/yamlparser.go:59.35,61.14 2 0
github.com/xaaha/hulak/pkg/yamlparser/yamlparser.go:65.5,66.19 2 0
github.com/xaaha/hulak/pkg/yamlparser/yamlparser.go:66.19,68.6 1 0
github.com/xaaha/hulak/pkg/yamlparser/yamlparser.go:71.5,71.36 1 0
github.com/xaaha/hulak/pkg/yamlparser/yamlparser.go:73.4,73.30 1 0
github.com/xaaha/hulak/pkg/yamlparser/yamlparser.go:75.11,76.25 1 1
github.com/xaaha/hulak/pkg/yamlparser/yamlparser.go:79.2,79.24 1 1
github.com/xaaha/hulak/pkg/yamlparser/yamlparser.go:83.87,84.53 1 1
github.com/xaaha/hulak/pkg/yamlparser/yamlparser.go:84.53,86.3 1 1
github.com/xaaha/hulak/pkg/yamlparser/yamlparser.go:88.2,89.16 2 1
github.com/xaaha/hulak/pkg/yamlparser/yamlparser.go:89.16,91.3 1 0
github.com/xaaha/hulak/pkg/yamlparser/yamlparser.go:92.2,95.26 3 1
github.com/xaaha/hulak/pkg/yamlparser/yamlparser.go:95.26,97.3 1 1
github.com/xaaha/hulak/pkg/yamlparser/yamlparser.go:99.2,101.41 3 1
github.com/xaaha/hulak/pkg/yamlparser/yamlparser.go:101.41,103.3 1 1
github.com/xaaha/hulak/pkg/yamlparser/yamlparser.go:106.2,110.16 3 1
github.com/xaaha/hulak/pkg/yamlparser/yamlparser.go:110.16,112.3 1 0
github.com/xaaha/hulak/pkg/yamlparser/yamlparser.go:115.2,116.16 2 1
github.com/xaaha/hulak/pkg/yamlparser/yamlparser.go:116.16,118.3 1 0
github.com/xaaha/hulak/pkg/yamlparser/yamlparser.go:120.2,122.46 3 1
github.com/xaaha/hulak/pkg/yamlparser/yamlparser.go:122.46,124.3 1 0
github.com/xaaha/hulak/pkg/yamlparser/yamlparser.go:125.2,127.18 2 1
github.com/xaaha/hulak/pkg/yamlparser/yamlparser.go:133.95,135.16 2 1
github.com/xaaha/hulak/pkg/yamlparser/yamlparser.go:135.16,137.3 1 0
github.com/xaaha/hulak/pkg/yamlparser/yamlparser.go:139.2,141.42 3 1
github.com/xaaha/hulak/pkg/yamlparser/yamlparser.go:141.42,143.3 1 0
github.com/xaaha/hulak/pkg/yamlparser/yamlparser.go:145.2,145.50 1 1
github.com/xaaha/hulak/pkg/yamlparser/yamlparser.go:145.50,147.3 1 1
github.com/xaaha/hulak/pkg/yamlparser/yamlparser.go:149.2,149.24 1 1
github.com/xaaha/hulak/pkg/yamlparser/yamlparser.go:157.28,159.16 2 0
github.com/xaaha/hulak/pkg/yamlparser/yamlparser.go:159.16,161.3 1 0
github.com/xaaha/hulak/pkg/yamlparser/yamlparser.go:163.2,165.49 3 0
github.com/xaaha/hulak/pkg/yamlparser/yamlparser.go:165.49,167.3 1 0
github.com/xaaha/hulak/pkg/yamlparser/yamlparser.go:169.2,169.49 1 0
github.com/xaaha/hulak/pkg/yamlparser/yamlparser.go:169.49,171.3 1 0
github.com/xaaha/hulak/pkg/yamlparser/yamlparser.go:172.2,172.25 1 0
github.com/xaaha/hulak/pkg/yamlparser/yamlparser.go:179.99,181.16 2 0
github.com/xaaha/hulak/pkg/yamlparser/yamlparser.go:181.16,183.3 1 0
github.com/xaaha/hulak/pkg/yamlparser/yamlparser.go:185.2,187.42 3 0
github.com/xaaha/hulak/pkg/yamlparser/yamlparser.go:187.42,189.3 1 0
github.com/xaaha/hulak/pkg/yamlparser/yamlparser.go:191.2,191.60 1 0
github.com/xaaha/hulak/pkg/yamlparser/yamlparser.go:191.60,193.3 1 0
github.com/xaaha/hulak/pkg/yamlparser/yamlparser.go:195.2,195.24 1 0
github.com/xaaha/hulak/pkg/tui/gqlexplorer/inputs/testhelpers.go:4.44,5.43 1 0
github.com/xaaha/hulak/pkg/tui/gqlexplorer/inputs/testhelpers.go:5.43,6.35 1 0
github.com/xaaha/hulak/pkg/tui/gqlexplorer/inputs/testhelpers.go:6.35,8.4 1 0
github.com/xaaha/hulak/pkg/tui/gqlexplorer/inputs/testhelpers.go:10.2,10.14 1 0
github.com/xaaha/hulak/pkg/features/auth20.go:28.32,32.22 3 0
github.com/xaaha/hulak/pkg/features/auth20.go:33.17,35.33 2 0
github.com/xaaha/hulak/pkg/features/auth20.go:36.16,38.23 2 0
github.com/xaaha/hulak/pkg/features/auth20.go:39.10,41.14 1 0
github.com/xaaha/hulak/pkg/features/auth20.go:41.14,45.4 2 0
github.com/xaaha/hulak/pkg/features/auth20.go:45.9,49.4 2 0
github.com/xaaha/hulak/pkg/features/auth20.go:51.2,51.19 1 0
github.com/xaaha/hulak/pkg/features/auth20.go:51.19,54.3 1 0
github.com/xaaha/hulak/pkg/features/auth20.go:55.2,55.43 1 0
github.com/xaaha/hulak/pkg/features/auth20.go:62.55,64.16 2 0
github.com/xaaha/hulak/pkg/features/auth20.go:64.16,70.3 4 0
github.com/xaaha/hulak/pkg/features/auth20.go:70.8,72.3 1 0
github.com/xaaha/hulak/pkg/features/auth20.go:75.15,79.16 3 0
github.com/xaaha/hulak/pkg/features/auth20.go:79.16,81.3 1 0
github.com/xaaha/hulak/pkg/features/auth20.go:86.88,91.16 3 0
github.com/xaaha/hulak/pkg/features/auth20.go:91.16,93.3 1 0
github.com/xaaha/hulak/pkg/features/auth20.go:97.2,105.40 7 0
github.com/xaaha/hulak/pkg/features/auth20.go:105.40,107.3 1 0
github.com/xaaha/hulak/pkg/features/auth20.go:109.2,109.9 1 0
github.com/xaaha/hulak/pkg/features/auth20.go:110.26,111.19 1 0
github.com/xaaha/hulak/pkg/features/auth20.go:112.29,113.62 1 0
github.com/xaaha/hulak/pkg/features/auth20.go:119.91,121.16 2 0
github.com/xaaha/hulak/pkg/features/auth20.go:121.16,123.3 1 0
github.com/xaaha/hulak/pkg/features/auth20.go:125.2,126.16 2 0
github.com/xaaha/hulak/pkg/features/auth20.go:126.16,128.3 1 0
github.com/xaaha/hulak/pkg/features/auth20.go:130.2,131.16 2 0
github.com/xaaha/hulak/pkg/features/auth20.go:131.16,133.3 1 0
github.com/xaaha/hulak/pkg/features/auth20.go:134.2,135.16 2 0
github.com/xaaha/hulak/pkg/features/auth20.go:135.16,137.3 1 0
github.com/xaaha/hulak/pkg/features/auth20.go:138.2,139.12 2 0
github.com/xaaha/hulak/pkg/features/auth20.go:143.19,145.16 2 0
github.com/xaaha/hulak/pkg/features/auth20.go:145.16,147.3 1 0
github.com/xaaha/hulak/pkg/features/auth20.go:148.2,148.76 1 0
github.com/xaaha/hulak/init.go:21.51,22.57 1 0
github.com/xaaha/hulak/init.go:22.57,24.3 1 0
github.com/xaaha/hulak/init.go:25.2,26.16 2 0
github.com/xaaha/hulak/init.go:26.16,27.13 1 0
github.com/xaaha/hulak/init.go:29.2,29.15 1 0
github.com/xaaha/hulak/init.go:33.88,39.14 4 0
github.com/xaaha/hulak/init.go:39.14,42.3 1 0
github.com/xaaha/hulak/init.go:44.2,48.36 3 0
github.com/xaaha/hulak/init.go:48.36,50.3 1 0
github.com/xaaha/hulak/init.go:51.2,54.28 2 0
github.com/xaaha/hulak/init.go:54.28,56.18 2 0
github.com/xaaha/hulak/init.go:56.18,59.31 2 0
github.com/xaaha/hulak/init.go:59.31,64.67 3 0
github.com/xaaha/hulak/init.go:64.67,65.21 1 0
github.com/xaaha/hulak/init.go:65.21,71.7 3 0
github.com/xaaha/hulak/init.go:74.6,81.16 4 0
github.com/xaaha/hulak/init.go:81.16,83.21 2 0
github.com/xaaha/hulak/init.go:83.21,85.8 1 0
github.com/xaaha/hulak/init.go:85.13,87.8 1 0
github.com/xaaha/hulak/init.go:91.6,91.13 1 0
github.com/xaaha/hulak/init.go:92.22,94.74 2 0
github.com/xaaha/hulak/init.go:95.28,97.77 2 0
github.com/xaaha/hulak/init.go:98.24,101.46 2 0
github.com/xaaha/hulak/init.go:104.6,104.14 1 0
github.com/xaaha/hulak/init.go:107.5,107.17 1 0
github.com/xaaha/hulak/init.go:107.17,110.6 1 0
github.com/xaaha/hulak/init.go:115.2,115.11 1 0
github.com/xaaha/hulak/init.go:119.76,122.16 2 0
github.com/xaaha/hulak/init.go:122.16,125.3 2 0
github.com/xaaha/hulak/init.go:128.2,128.9 1 0
github.com/xaaha/hulak/init.go:129.23,130.66 1 0
github.com/xaaha/hulak/init.go:131.46,132.65 1 0
github.com/xaaha/hulak/init.go:133.10,134.58 1 0
github.com/xaaha/hulak/init.go:154.3,159.27 3 0
github.com/xaaha/hulak/init.go:159.27,161.3 1 0
github.com/xaaha/hulak/init.go:164.2,164.31 1 0
github.com/xaaha/hulak/init.go:164.31,167.17 2 0
github.com/xaaha/hulak/init.go:167.17,169.4 1 0
github.com/xaaha/hulak/init.go:169.9,171.36 1 0
github.com/xaaha/hulak/init.go:171.36,173.5 1 0
github.com/xaaha/hulak/init.go:176.4,176.36 1 0
github.com/xaaha/hulak/init.go:176.36,178.5 1 0
github.com/xaaha/hulak/init.go:183.2,183.23 1 0
github.com/xaaha/hulak/init.go:183.23,184.32 1 0
github.com/xaaha/hulak/init.go:184.32,186.4 1 0
github.com/xaaha/hulak/init.go:187.3,187.44 1 0
github.com/xaaha/hulak/init.go:191.2,191.30 1 0
github.com/xaaha/hulak/init.go:191.30,194.3 2 0
github.com/xaaha/hulak/init.go:196.2,197.20 2 0
github.com/xaaha/hulak/init.go:197.20,201.3 1 0
github.com/xaaha/hulak/init.go:205.90,206.33 1 0
github.com/xaaha/hulak/init.go:206.33,213.17 4 0
github.com/xaaha/hulak/init.go:213.17,215.4 1 0
github.com/xaaha/hulak/main.go:16.13,19.16 2 0
github.com/xaaha/hulak/main.go:19.16,21.3 1 0
github.com/xaaha/hulak/main.go:24.2,35.35 9 0
github.com/xaaha/hulak/main.go:35.35,36.31 1 0
github.com/xaaha/hulak/main.go:36.31,40.4 1 0
github.com/xaaha/hulak/main.go:42.3,42.20 1 0
github.com/xaaha/hulak/main.go:42.20,43.58 1 0
github.com/xaaha/hulak/main.go:43.58,45.5 1 0
github.com/xaaha/hulak/main.go:47.3,48.22 2 0
github.com/xaaha/hulak/main.go:52.2,56.18 3 0
github.com/xaaha/hulak/main.go:56.18,58.17 2 0
github.com/xaaha/hulak/main.go:58.17,60.20 1 0
github.com/xaaha/hulak/main.go:60.20,62.5 1 0
github.com/xaaha/hulak/main.go:62.10,65.5 1 0
github.com/xaaha/hulak/main.go:69.2,69.33 1 0
github.com/xaaha/hulak/main.go:69.33,71.3 1 0
github.com/xaaha/hulak/main.go:79.58,81.35 2 0
github.com/xaaha/hulak/main.go:81.35,83.3 1 0
github.com/xaaha/hulak/main.go:85.2,86.16 2 0
github.com/xaaha/hulak/main.go:86.16,88.3 1 0
github.com/xaaha/hulak/main.go:89.2,89.25 1 0
github.com/xaaha/hulak/main.go:89.25,91.3 1 0
github.com/xaaha/hulak/main.go:93.2,94.16 2 0
github.com/xaaha/hulak/main.go:94.16,96.3 1 0
github.com/xaaha/hulak/main.go:98.2,98.49 1 0
github.com/xaaha/hulak/main.go:98.49,100.3 1 0
github.com/xaaha/hulak/main.go:102.2,102.25 1 0
github.com/xaaha/hulak/main.go:102.25,104.3 1 0
github.com/xaaha/hulak/main.go:106.2,106.23 1 0
github.com/xaaha/hulak/main.go:109.35,111.16 2 0
github.com/xaaha/hulak/main.go:111.16,113.3 1 0
github.com/xaaha/hulak/main.go:115.2,116.16 2 0
github.com/xaaha/hulak/main.go:116.16,118.3 1 0
github.com/xaaha/hulak/main.go:120.2,123.30 3 0
github.com/xaaha/hulak/pkg/userFlags/flags.go:37.13,70.2 8 0
github.com/xaaha/hulak/pkg/userFlags/flags.go:73.24,75.2 1 0
github.com/xaaha/hulak/pkg/userFlags/flags.go:78.20,80.2 1 0
github.com/xaaha/hulak/pkg/userFlags/flags.go:83.19,85.2 1 0
github.com/xaaha/hulak/pkg/userFlags/flags.go:88.19,90.2 1 0
github.com/xaaha/hulak/pkg/userFlags/flags.go:93.19,95.2 1 0
github.com/xaaha/hulak/pkg/userFlags/flags.go:98.22,100.2 1 0
github.com/xaaha/hulak/pkg/userFlags/helper.go:9.73,13.32 2 0
github.com/xaaha/hulak/pkg/userFlags/helper.go:13.32,15.3 1 0
github.com/xaaha/hulak/pkg/userFlags/helper.go:17.2,20.14 2 0
github.com/xaaha/hulak/pkg/userFlags/helper.go:20.14,22.3 1 0
github.com/xaaha/hulak/pkg/userFlags/helper.go:25.2,25.20 1 0
github.com/xaaha/hulak/pkg/userFlags/helper.go:25.20,26.74 1 0
github.com/xaaha/hulak/pkg/userFlags/helper.go:26.74,28.4 1 0
github.com/xaaha/hulak/pkg/userFlags/helper.go:28.9,30.4 1 0
github.com/xaaha/hulak/pkg/userFlags/helper.go:33.2,33.28 1 0
github.com/xaaha/hulak/pkg/userFlags/helper.go:33.28,35.3 1 0
github.com/xaaha/hulak/pkg/userFlags/helper.go:36.2,36.26 1 0
github.com/xaaha/hulak/pkg/userFlags/init.go:12.25,14.16 2 0
github.com/xaaha/hulak/pkg/userFlags/init.go:14.16,16.3 1 0
github.com/xaaha/hulak/pkg/userFlags/init.go:18.2,18.17 1 0
github.com/xaaha/hulak/pkg/userFlags/init.go:18.17,20.20 2 0
github.com/xaaha/hulak/pkg/userFlags/init.go:20.20,21.29 1 0
github.com/xaaha/hulak/pkg/userFlags/init.go:21.29,22.61 1 0
github.com/xaaha/hulak/pkg/userFlags/init.go:22.61,24.6 1 0
github.com/xaaha/hulak/pkg/userFlags/init.go:26.9,28.4 1 0
github.com/xaaha/hulak/pkg/userFlags/init.go:29.8,30.58 1 0
github.com/xaaha/hulak/pkg/userFlags/init.go:30.58,32.4 1 0
github.com/xaaha/hulak/pkg/userFlags/init.go:34.3,35.17 2 0
github.com/xaaha/hulak/pkg/userFlags/init.go:35.17,37.4 1 0
github.com/xaaha/hulak/pkg/userFlags/init.go:39.3,40.17 2 0
github.com/xaaha/hulak/pkg/userFlags/init.go:40.17,42.4 1 0
github.com/xaaha/hulak/pkg/userFlags/init.go:44.3,44.68 1 0
github.com/xaaha/hulak/pkg/userFlags/init.go:44.68,46.4 1 0
github.com/xaaha/hulak/pkg/userFlags/init.go:48.3,49.46 2 0
github.com/xaaha/hulak/pkg/userFlags/init.go:51.2,51.12 1 0
github.com/xaaha/hulak/pkg/userFlags/subcommands.go:45.13,56.2 5 0
github.com/xaaha/hulak/pkg/userFlags/subcommands.go:59.32,60.22 1 0
github.com/xaaha/hulak/pkg/userFlags/subcommands.go:60.22,63.3 2 0
github.com/xaaha/hulak/pkg/userFlags/subcommands.go:65.2,65.20 1 0
github.com/xaaha/hulak/pkg/userFlags/subcommands.go:66.15,68.13 2 0
github.com/xaaha/hulak/pkg/userFlags/subcommands.go:69.15,71.17 2 0
github.com/xaaha/hulak/pkg/userFlags/subcommands.go:71.17,73.4 1 0
github.com/xaaha/hulak/pkg/userFlags/subcommands.go:74.3,76.17 3 0
github.com/xaaha/hulak/pkg/userFlags/subcommands.go:76.17,78.4 1 0
github.com/xaaha/hulak/pkg/userFlags/subcommands.go:79.3,79.13 1 0
github.com/xaaha/hulak/pkg/userFlags/subcommands.go:81.12,82.38 1 0
github.com/xaaha/hulak/pkg/userFlags/subcommands.go:82.38,84.4 1 0
github.com/xaaha/hulak/pkg/userFlags/subcommands.go:85.3,85.13 1 0
github.com/xaaha/hulak/pkg/userFlags/subcommands.go:87.12,89.13 2 0
github.com/xaaha/hulak/pkg/userFlags/subcommands.go:91.15,93.17 2 0
github.com/xaaha/hulak/pkg/userFlags/subcommands.go:93.17,95.4 1 0
github.com/xaaha/hulak/pkg/userFlags/subcommands.go:96.3,97.21 2 0
github.com/xaaha/hulak/pkg/userFlags/subcommands.go:97.21,100.4 2 0
github.com/xaaha/hulak/pkg/userFlags/subcommands.go:101.3,102.24 2 0
github.com/xaaha/hulak/pkg/userFlags/subcommands.go:102.24,104.4 1 0
github.com/xaaha/hulak/pkg/userFlags/subcommands.go:105.3,105.84 1 0
github.com/xaaha/hulak/pkg/userFlags/subcommands.go:105.84,107.4 1 0
github.com/xaaha/hulak/pkg/userFlags/subcommands.go:108.3,108.13 1 0
github.com/xaaha/hulak/pkg/userFlags/subcommands.go:110.10,113.13 3 0
github.com/xaaha/hulak/pkg/userFlags/subcommands.go:115.2,115.12 1 0
github.com/xaaha/hulak/pkg/userFlags/subcommands.go:123.3,128.16 4 0
github.com/xaaha/hulak/pkg/userFlags/subcommands.go:128.16,130.3 1 0
github.com/xaaha/hulak/pkg/userFlags/subcommands.go:132.2,132.18 1 0
github.com/xaaha/hulak/pkg/userFlags/subcommands.go:132.18,134.3 1 0
github.com/xaaha/hulak/pkg/userFlags/subcommands.go:134.8,136.3 1 0
github.com/xaaha/hulak/pkg/userFlags/subcommands.go:138.2,145.76 2 0
github.com/xaaha/hulak/pkg/userFlags/subcommands.go:145.76,158.34 5 0
github.com/xaaha/hulak/pkg/userFlags/subcommands.go:158.34,159.27 1 0
github.com/xaaha/hulak/pkg/userFlags/subcommands.go:159.27,161.13 2 0
github.com/xaaha/hulak/pkg/userFlags/subcommands.go:163.4,163.48 1 0
github.com/xaaha/hulak/pkg/userFlags/subcommands.go:166.3,166.31 1 0
github.com/xaaha/hulak/pkg/userFlags/subcommands.go:166.31,173.26 6 0
github.com/xaaha/hulak/pkg/userFlags/subcommands.go:173.26,174.18 1 0
github.com/xaaha/hulak/pkg/userFlags/subcommands.go:174.18,175.31 1 0
github.com/xaaha/hulak/pkg/userFlags/subcommands.go:175.31,178.7 2 0
github.com/xaaha/hulak/pkg/userFlags/subcommands.go:182.4,182.43 1 0
github.com/xaaha/hulak/pkg/userFlags/subcommands.go:182.43,184.5 1 0
github.com/xaaha/hulak/pkg/userFlags/subcommands.go:185.4,190.32 5 0
github.com/xaaha/hulak/pkg/userFlags/subcommands.go:190.32,192.5 1 0
github.com/xaaha/hulak/pkg/userFlags/subcommands.go:194.4,194.43 1 0
github.com/xaaha/hulak/pkg/userFlags/subcommands.go:194.43,196.5 1 0
github.com/xaaha/hulak/pkg/userFlags/subcommands.go:198.4,198.34 1 0
github.com/xaaha/hulak/pkg/userFlags/subcommands.go:198.34,199.26 1 0
github.com/xaaha/hulak/pkg/userFlags/subcommands.go:199.26,201.14 2 0
github.com/xaaha/hulak/pkg/userFlags/subcommands.go:203.5,204.48 2 0
github.com/xaaha/hulak/pkg/userFlags/subcommands.go:204.48,206.6 1 0
github.com/xaaha/hulak/pkg/userFlags/subcommands.go:207.5,207.47 1 0
github.com/xaaha/hulak/pkg/userFlags/subcommands.go:207.47,209.6 1 0
github.com/xaaha/hulak/pkg/userFlags/subcommands.go:213.3,213.42 1 0
github.com/xaaha/hulak/pkg/userFlags/subcommands.go:213.42,215.4 1 0
github.com/xaaha/hulak/pkg/userFlags/subcommands.go:216.3,216.28 1 0
github.com/xaaha/hulak/pkg/userFlags/subcommands.go:216.28,218.4 1 0
github.com/xaaha/hulak/pkg/userFlags/subcommands.go:219.3,219.17 1 0
github.com/xaaha/hulak/pkg/userFlags/subcommands.go:221.2,221.16 1 0
github.com/xaaha/hulak/pkg/userFlags/subcommands.go:221.16,223.3 1 0
github.com/xaaha/hulak/pkg/userFlags/subcommands.go:224.2,225.23 2 0
github.com/xaaha/hulak/pkg/userFlags/subcommands.go:225.23,227.3 1 0
github.com/xaaha/hulak/pkg/userFlags/subcommands.go:228.2,228.44 1 0
github.com/xaaha/hulak/pkg/userFlags/subcommands.go:231.40,232.16 1 0
github.com/xaaha/hulak/pkg/userFlags/subcommands.go:232.16,234.17 2 0
github.com/xaaha/hulak/pkg/userFlags/subcommands.go:234.17,236.4 1 0
github.com/xaaha/hulak/pkg/userFlags/subcommands.go:237.3,237.13 1 0
github.com/xaaha/hulak/pkg/userFlags/subcommands.go:239.2,239.28 1 0
github.com/xaaha/hulak/pkg/userFlags/subcommands.go:242.72,244.16 2 0
github.com/xaaha/hulak/pkg/userFlags/subcommands.go:244.16,246.3 1 0
github.com/xaaha/hulak/pkg/userFlags/subcommands.go:247.2,248.34 2 0
github.com/xaaha/hulak/pkg/userFlags/subcommands.go:248.34,250.3 1 0
github.com/xaaha/hulak/pkg/userFlags/subcommands.go:251.2,252.23 2 0
github.com/xaaha/hulak/pkg/userFlags/subcommands.go:252.23,254.3 1 0
github.com/xaaha/hulak/pkg/userFlags/subcommands.go:255.2,255.62 1 0
github.com/xaaha/hulak/pkg/userFlags/subcommands.go:258.72,260.16 2 0
github.com/xaaha/hulak/pkg/userFlags/subcommands.go:260.16,262.3 1 0
github.com/xaaha/hulak/pkg/userFlags/subcommands.go:263.2,265.23 3 0
github.com/xaaha/hulak/pkg/userFlags/subcommands.go:265.23,267.3 1 0
github.com/xaaha/hulak/pkg/userFlags/subcommands.go:268.2,268.71 1 0
github.com/xaaha/hulak/pkg/userFlags/userflags.go:21.45,22.23 1 0
github.com/xaaha/hulak/pkg/userFlags/userflags.go:22.23,23.16 1 0
github.com/xaaha/hulak/pkg/userFlags/userflags.go:23.16,25.30 2 0
github.com/xaaha/hulak/pkg/userFlags/userflags.go:25.30,28.5 2 0
github.com/xaaha/hulak/pkg/userFlags/userflags.go:29.9,31.18 2 0
github.com/xaaha/hulak/pkg/userFlags/userflags.go:31.18,33.5 1 0
github.com/xaaha/hulak/pkg/userFlags/userflags.go:37.2,38.32 2 0
github.com/xaaha/hulak/pkg/userFlags/userflags.go:38.32,39.22 1 0
github.com/xaaha/hulak/pkg/userFlags/userflags.go:39.22,41.4 1 0
github.com/xaaha/hulak/pkg/userFlags/userflags.go:44.2,52.8 1 0
github.com/xaaha/hulak/pkg/userFlags/userflags.go:56.21,58.2 1 0
github.com/xaaha/hulak/pkg/userFlags/version.go:10.19,12.2 1 0
